<?xml version="1.0" encoding="UTF-8"?>
<coverage generated="1771256369517" clover="3.2.0">
  <project timestamp="1771256369517" name="All files">
    <metrics statements="1786" coveredstatements="635" conditionals="1285" coveredconditionals="360" methods="554" coveredmethods="148" elements="3625" coveredelements="1143" complexity="0" loc="1786" ncloc="1786" packages="12" files="41" classes="41"/>
    <package name="shared">
      <metrics statements="2" coveredstatements="2" conditionals="0" coveredconditionals="0" methods="0" coveredmethods="0"/>
      <file name="photoFilters.js" path="C:\Users\JamesProsper\lakay\shared\photoFilters.js">
        <metrics statements="2" coveredstatements="2" conditionals="0" coveredconditionals="0" methods="0" coveredmethods="0"/>
        <line num="1" count="2" type="stmt"/>
        <line num="8" count="2" type="stmt"/>
      </file>
    </package>
    <package name="src.components">
      <metrics statements="166" coveredstatements="80" conditionals="223" coveredconditionals="106" methods="128" coveredmethods="49"/>
      <file name="AllUsers.jsx" path="C:\Users\JamesProsper\lakay\src\components\AllUsers.jsx">
        <metrics statements="7" coveredstatements="6" conditionals="10" coveredconditionals="7" methods="7" coveredmethods="5"/>
        <line num="4" count="4" type="stmt"/>
        <line num="12" count="8" type="stmt"/>
        <line num="20" count="2" type="stmt"/>
        <line num="26" count="2" type="stmt"/>
        <line num="33" count="0" type="stmt"/>
        <line num="46" count="1" type="stmt"/>
        <line num="47" count="1" type="stmt"/>
      </file>
      <file name="Classmates.jsx" path="C:\Users\JamesProsper\lakay\src\components\Classmates.jsx">
        <metrics statements="15" coveredstatements="3" conditionals="16" coveredconditionals="3" methods="17" coveredmethods="2"/>
        <line num="29" count="1" type="stmt"/>
        <line num="34" count="0" type="stmt"/>
        <line num="38" count="1" type="cond" truecount="1" falsecount="1"/>
        <line num="49" count="0" type="stmt"/>
        <line num="50" count="0" type="stmt"/>
        <line num="53" count="0" type="stmt"/>
        <line num="64" count="0" type="stmt"/>
        <line num="78" count="0" type="stmt"/>
        <line num="87" count="0" type="cond" truecount="0" falsecount="4"/>
        <line num="88" count="0" type="stmt"/>
        <line num="102" count="0" type="stmt"/>
        <line num="103" count="0" type="stmt"/>
        <line num="104" count="0" type="stmt"/>
        <line num="120" count="0" type="stmt"/>
        <line num="129" count="3" type="stmt"/>
      </file>
      <file name="Feed.jsx" path="C:\Users\JamesProsper\lakay\src\components\Feed.jsx">
        <metrics statements="22" coveredstatements="4" conditionals="37" coveredconditionals="16" methods="20" coveredmethods="4"/>
        <line num="26" count="3" type="stmt"/>
        <line num="46" count="0" type="cond" truecount="0" falsecount="2"/>
        <line num="86" count="0" type="cond" truecount="0" falsecount="2"/>
        <line num="91" count="1" type="stmt"/>
        <line num="97" count="0" type="stmt"/>
        <line num="109" count="0" type="stmt"/>
        <line num="122" count="0" type="stmt"/>
        <line num="129" count="0" type="stmt"/>
        <line num="130" count="0" type="cond" truecount="0" falsecount="4"/>
        <line num="131" count="0" type="stmt"/>
        <line num="140" count="0" type="stmt"/>
        <line num="163" count="0" type="stmt"/>
        <line num="179" count="0" type="stmt"/>
        <line num="182" count="0" type="stmt"/>
        <line num="185" count="0" type="stmt"/>
        <line num="188" count="0" type="stmt"/>
        <line num="197" count="0" type="stmt"/>
        <line num="201" count="0" type="stmt"/>
        <line num="213" count="0" type="stmt"/>
        <line num="231" count="2" type="stmt"/>
        <line num="235" count="10" type="cond" truecount="2" falsecount="0"/>
        <line num="238" count="0" type="stmt"/>
      </file>
      <file name="FriendsList.jsx" path="C:\Users\JamesProsper\lakay\src\components\FriendsList.jsx">
        <metrics statements="5" coveredstatements="5" conditionals="10" coveredconditionals="7" methods="6" coveredmethods="5"/>
        <line num="4" count="1" type="stmt"/>
        <line num="10" count="1" type="stmt"/>
        <line num="17" count="1" type="stmt"/>
        <line num="19" count="1" type="cond" truecount="2" falsecount="2"/>
        <line num="22" count="1" type="stmt"/>
      </file>
      <file name="GamesMenu.jsx" path="C:\Users\JamesProsper\lakay\src\components\GamesMenu.jsx">
        <metrics statements="4" coveredstatements="4" conditionals="8" coveredconditionals="8" methods="3" coveredmethods="3"/>
        <line num="5" count="1" type="stmt"/>
        <line num="8" count="3" type="stmt"/>
        <line num="10" count="1" type="stmt"/>
        <line num="25" count="3" type="stmt"/>
      </file>
      <file name="HomeDashboard.jsx" path="C:\Users\JamesProsper\lakay\src\components\HomeDashboard.jsx">
        <metrics statements="22" coveredstatements="4" conditionals="22" coveredconditionals="9" methods="20" coveredmethods="4"/>
        <line num="24" count="7" type="stmt"/>
        <line num="38" count="0" type="stmt"/>
        <line num="48" count="0" type="stmt"/>
        <line num="57" count="0" type="stmt"/>
        <line num="66" count="0" type="stmt"/>
        <line num="90" count="0" type="stmt"/>
        <line num="91" count="0" type="stmt"/>
        <line num="93" count="1" type="stmt"/>
        <line num="96" count="0" type="stmt"/>
        <line num="100" count="0" type="stmt"/>
        <line num="101" count="0" type="stmt"/>
        <line num="102" count="1" type="stmt"/>
        <line num="103" count="0" type="stmt"/>
        <line num="107" count="0" type="stmt"/>
        <line num="108" count="1" type="stmt"/>
        <line num="112" count="0" type="stmt"/>
        <line num="113" count="0" type="stmt"/>
        <line num="117" count="0" type="stmt"/>
        <line num="122" count="0" type="cond" truecount="0" falsecount="2"/>
        <line num="123" count="0" type="stmt"/>
        <line num="124" count="0" type="stmt"/>
        <line num="126" count="0" type="stmt"/>
      </file>
      <file name="Memorials.jsx" path="C:\Users\JamesProsper\lakay\src\components\Memorials.jsx">
        <metrics statements="23" coveredstatements="10" conditionals="32" coveredconditionals="14" methods="9" coveredmethods="4"/>
        <line num="20" count="2" type="stmt"/>
        <line num="36" count="0" type="stmt"/>
        <line num="37" count="0" type="cond" truecount="0" falsecount="2"/>
        <line num="38" count="0" type="stmt"/>
        <line num="39" count="0" type="stmt"/>
        <line num="40" count="0" type="stmt"/>
        <line num="41" count="0" type="stmt"/>
        <line num="58" count="1" type="stmt"/>
        <line num="74" count="0" type="stmt"/>
        <line num="75" count="0" type="stmt"/>
        <line num="76" count="0" type="stmt"/>
        <line num="77" count="0" type="cond" truecount="0" falsecount="7"/>
        <line num="78" count="0" type="cond" truecount="0" falsecount="2"/>
        <line num="89" count="0" type="stmt"/>
        <line num="109" count="20" type="cond" truecount="4" falsecount="0"/>
        <line num="110" count="1" type="stmt"/>
        <line num="111" count="1" type="stmt"/>
        <line num="117" count="1" type="stmt"/>
        <line num="118" count="1" type="cond" truecount="4" falsecount="1"/>
        <line num="119" count="1" type="stmt"/>
        <line num="120" count="1" type="stmt"/>
        <line num="131" count="0" type="stmt"/>
        <line num="144" count="4" type="stmt"/>
      </file>
      <file name="Music.jsx" path="C:\Users\JamesProsper\lakay\src\components\Music.jsx">
        <metrics statements="8" coveredstatements="5" conditionals="4" coveredconditionals="3" methods="7" coveredmethods="4"/>
        <line num="6" count="1" type="stmt"/>
        <line num="15" count="1" type="stmt"/>
        <line num="20" count="0" type="stmt"/>
        <line num="23" count="0" type="stmt"/>
        <line num="27" count="0" type="stmt"/>
        <line num="44" count="1" type="stmt"/>
        <line num="47" count="1" type="stmt"/>
        <line num="57" count="3" type="stmt"/>
      </file>
      <file name="Notifications.jsx" path="C:\Users\JamesProsper\lakay\src\components\Notifications.jsx">
        <metrics statements="8" coveredstatements="6" conditionals="11" coveredconditionals="9" methods="4" coveredmethods="3"/>
        <line num="6" count="3" type="stmt"/>
        <line num="15" count="0" type="cond" truecount="0" falsecount="2"/>
        <line num="31" count="2" type="stmt"/>
        <line num="42" count="1" type="stmt"/>
        <line num="43" count="1" type="cond" truecount="2" falsecount="0"/>
        <line num="45" count="0" type="stmt"/>
        <line num="47" count="1" type="stmt"/>
        <line num="60" count="4" type="stmt"/>
      </file>
      <file name="PartnerHub.jsx" path="C:\Users\JamesProsper\lakay\src\components\PartnerHub.jsx">
        <metrics statements="10" coveredstatements="10" conditionals="0" coveredconditionals="0" methods="6" coveredmethods="6"/>
        <line num="5" count="1" type="stmt"/>
        <line num="11" count="1" type="stmt"/>
        <line num="56" count="1" type="stmt"/>
        <line num="62" count="1" type="stmt"/>
        <line num="70" count="3" type="stmt"/>
        <line num="79" count="3" type="stmt"/>
        <line num="87" count="9" type="stmt"/>
        <line num="96" count="1" type="stmt"/>
        <line num="111" count="3" type="stmt"/>
        <line num="122" count="3" type="stmt"/>
      </file>
      <file name="PolicyPopup.jsx" path="C:\Users\JamesProsper\lakay\src\components\PolicyPopup.jsx">
        <metrics statements="6" coveredstatements="4" conditionals="4" coveredconditionals="0" methods="3" coveredmethods="1"/>
        <line num="5" count="2" type="stmt"/>
        <line num="34" count="0" type="cond" truecount="0" falsecount="2"/>
        <line num="37" count="0" type="cond" truecount="0" falsecount="2"/>
        <line num="46" count="2" type="stmt"/>
        <line num="52" count="2" type="stmt"/>
        <line num="57" count="2" type="stmt"/>
      </file>
      <file name="Politics.jsx" path="C:\Users\JamesProsper\lakay\src\components\Politics.jsx">
        <metrics statements="17" coveredstatements="10" conditionals="20" coveredconditionals="9" methods="12" coveredmethods="3"/>
        <line num="5" count="1" type="stmt"/>
        <line num="7" count="1" type="stmt"/>
        <line num="19" count="0" type="stmt"/>
        <line num="25" count="1" type="stmt"/>
        <line num="26" count="1" type="cond" truecount="1" falsecount="1"/>
        <line num="27" count="1" type="cond" truecount="1" falsecount="1"/>
        <line num="28" count="1" type="cond" truecount="1" falsecount="1"/>
        <line num="29" count="1" type="stmt"/>
        <line num="31" count="1" type="stmt"/>
        <line num="37" count="1" type="cond" truecount="1" falsecount="1"/>
        <line num="38" count="0" type="cond" truecount="1" falsecount="1"/>
        <line num="39" count="0" type="cond" truecount="1" falsecount="1"/>
        <line num="45" count="0" type="stmt"/>
        <line num="51" count="0" type="cond" truecount="0" falsecount="2"/>
        <line num="56" count="0" type="cond" truecount="2" falsecount="0"/>
        <line num="57" count="0" type="cond" truecount="0" falsecount="2"/>
        <line num="69" count="3" type="stmt"/>
      </file>
      <file name="PrivateMessages.jsx" path="C:\Users\JamesProsper\lakay\src\components\PrivateMessages.jsx">
        <metrics statements="9" coveredstatements="7" conditionals="10" coveredconditionals="5" methods="6" coveredmethods="4"/>
        <line num="20" count="6" type="stmt"/>
        <line num="29" count="3" type="stmt"/>
        <line num="30" count="3" type="stmt"/>
        <line num="31" count="3" type="stmt"/>
        <line num="34" count="1" type="stmt"/>
        <line num="56" count="0" type="stmt"/>
        <line num="66" count="1" type="stmt"/>
        <line num="67" count="0" type="cond" truecount="0" falsecount="2"/>
        <line num="76" count="2" type="stmt"/>
      </file>
      <file name="ProfileView.jsx" path="C:\Users\JamesProsper\lakay\src\components\ProfileView.jsx">
        <metrics statements="10" coveredstatements="2" conditionals="39" coveredconditionals="16" methods="8" coveredmethods="1"/>
        <line num="33" count="3" type="stmt"/>
        <line num="62" count="0" type="stmt"/>
        <line num="73" count="0" type="stmt"/>
        <line num="84" count="0" type="stmt"/>
        <line num="85" count="0" type="stmt"/>
        <line num="104" count="0" type="stmt"/>
        <line num="106" count="0" type="stmt"/>
        <line num="129" count="0" type="stmt"/>
        <line num="133" count="0" type="stmt"/>
        <line num="151" count="4" type="stmt"/>
      </file>
    </package>
    <package name="src.components.admin">
      <metrics statements="216" coveredstatements="60" conditionals="73" coveredconditionals="27" methods="68" coveredmethods="10"/>
      <file name="AdminPanel.jsx" path="C:\Users\JamesProsper\lakay\src\components\admin\AdminPanel.jsx">
        <metrics statements="214" coveredstatements="59" conditionals="73" coveredconditionals="27" methods="67" coveredmethods="10"/>
        <line num="25" count="10" type="cond" truecount="1" falsecount="1"/>
        <line num="26" count="0" type="stmt"/>
        <line num="29" count="10" type="stmt"/>
        <line num="30" count="10" type="stmt"/>
        <line num="31" count="10" type="stmt"/>
        <line num="32" count="10" type="stmt"/>
        <line num="33" count="10" type="stmt"/>
        <line num="34" count="10" type="stmt"/>
        <line num="35" count="10" type="stmt"/>
        <line num="36" count="10" type="stmt"/>
        <line num="37" count="10" type="stmt"/>
        <line num="38" count="10" type="stmt"/>
        <line num="39" count="10" type="stmt"/>
        <line num="40" count="10" type="stmt"/>
        <line num="42" count="10" type="stmt"/>
        <line num="43" count="1" type="stmt"/>
        <line num="44" count="1" type="stmt"/>
        <line num="45" count="1" type="cond" truecount="1" falsecount="1"/>
        <line num="46" count="0" type="stmt"/>
        <line num="47" count="0" type="stmt"/>
        <line num="48" count="0" type="stmt"/>
        <line num="50" count="1" type="stmt"/>
        <line num="51" count="1" type="stmt"/>
        <line num="52" count="1" type="stmt"/>
        <line num="55" count="0" type="stmt"/>
        <line num="59" count="10" type="stmt"/>
        <line num="60" count="0" type="stmt"/>
        <line num="61" count="0" type="stmt"/>
        <line num="62" count="0" type="cond" truecount="0" falsecount="2"/>
        <line num="63" count="0" type="stmt"/>
        <line num="64" count="0" type="stmt"/>
        <line num="65" count="0" type="stmt"/>
        <line num="67" count="0" type="stmt"/>
        <line num="68" count="0" type="stmt"/>
        <line num="69" count="0" type="stmt"/>
        <line num="72" count="0" type="stmt"/>
        <line num="76" count="10" type="stmt"/>
        <line num="77" count="0" type="stmt"/>
        <line num="78" count="0" type="stmt"/>
        <line num="79" count="0" type="cond" truecount="0" falsecount="2"/>
        <line num="80" count="0" type="stmt"/>
        <line num="81" count="0" type="stmt"/>
        <line num="82" count="0" type="stmt"/>
        <line num="84" count="0" type="stmt"/>
        <line num="85" count="0" type="stmt"/>
        <line num="86" count="0" type="stmt"/>
        <line num="89" count="0" type="stmt"/>
        <line num="93" count="10" type="stmt"/>
        <line num="94" count="0" type="cond" truecount="0" falsecount="2"/>
        <line num="95" count="0" type="stmt"/>
        <line num="96" count="0" type="stmt"/>
        <line num="100" count="10" type="stmt"/>
        <line num="101" count="1" type="stmt"/>
        <line num="102" count="1" type="cond" truecount="2" falsecount="0"/>
        <line num="103" count="1" type="cond" truecount="2" falsecount="0"/>
        <line num="105" count="1" type="cond" truecount="1" falsecount="1"/>
        <line num="106" count="0" type="stmt"/>
        <line num="107" count="0" type="stmt"/>
        <line num="110" count="1" type="stmt"/>
        <line num="111" count="1" type="stmt"/>
        <line num="113" count="1" type="stmt"/>
        <line num="114" count="1" type="stmt"/>
        <line num="115" count="1" type="stmt"/>
        <line num="116" count="1" type="stmt"/>
        <line num="117" count="1" type="stmt"/>
        <line num="119" count="0" type="cond" truecount="0" falsecount="2"/>
        <line num="123" count="10" type="stmt"/>
        <line num="124" count="0" type="stmt"/>
        <line num="125" count="0" type="cond" truecount="0" falsecount="2"/>
        <line num="126" count="0" type="stmt"/>
        <line num="127" count="0" type="stmt"/>
        <line num="130" count="0" type="cond" truecount="0" falsecount="2"/>
        <line num="131" count="0" type="stmt"/>
        <line num="132" count="0" type="stmt"/>
        <line num="135" count="0" type="cond" truecount="0" falsecount="2"/>
        <line num="136" count="0" type="stmt"/>
        <line num="139" count="0" type="stmt"/>
        <line num="140" count="0" type="stmt"/>
        <line num="141" count="0" type="stmt"/>
        <line num="142" count="0" type="stmt"/>
        <line num="143" count="0" type="stmt"/>
        <line num="144" count="0" type="stmt"/>
        <line num="145" count="0" type="stmt"/>
        <line num="146" count="0" type="stmt"/>
        <line num="148" count="0" type="stmt"/>
        <line num="152" count="10" type="stmt"/>
        <line num="153" count="0" type="stmt"/>
        <line num="154" count="0" type="stmt"/>
        <line num="156" count="0" type="cond" truecount="0" falsecount="2"/>
        <line num="157" count="0" type="stmt"/>
        <line num="158" count="0" type="stmt"/>
        <line num="161" count="0" type="cond" truecount="0" falsecount="4"/>
        <line num="162" count="0" type="stmt"/>
        <line num="163" count="0" type="stmt"/>
        <line num="166" count="0" type="stmt"/>
        <line num="167" count="0" type="stmt"/>
        <line num="168" count="0" type="stmt"/>
        <line num="169" count="0" type="stmt"/>
        <line num="170" count="0" type="stmt"/>
        <line num="171" count="0" type="stmt"/>
        <line num="173" count="0" type="stmt"/>
        <line num="177" count="10" type="stmt"/>
        <line num="178" count="0" type="stmt"/>
        <line num="179" count="0" type="stmt"/>
        <line num="180" count="0" type="stmt"/>
        <line num="181" count="0" type="stmt"/>
        <line num="182" count="0" type="stmt"/>
        <line num="184" count="0" type="stmt"/>
        <line num="188" count="10" type="stmt"/>
        <line num="189" count="0" type="cond" truecount="0" falsecount="2"/>
        <line num="190" count="0" type="stmt"/>
        <line num="191" count="0" type="stmt"/>
        <line num="192" count="0" type="stmt"/>
        <line num="193" count="0" type="stmt"/>
        <line num="194" count="0" type="stmt"/>
        <line num="196" count="0" type="stmt"/>
        <line num="200" count="10" type="stmt"/>
        <line num="201" count="0" type="stmt"/>
        <line num="202" count="0" type="stmt"/>
        <line num="203" count="0" type="stmt"/>
        <line num="204" count="0" type="stmt"/>
        <line num="205" count="0" type="stmt"/>
        <line num="207" count="0" type="stmt"/>
        <line num="211" count="10" type="stmt"/>
        <line num="212" count="0" type="stmt"/>
        <line num="213" count="0" type="stmt"/>
        <line num="214" count="0" type="stmt"/>
        <line num="215" count="0" type="stmt"/>
        <line num="216" count="0" type="stmt"/>
        <line num="218" count="0" type="stmt"/>
        <line num="222" count="10" type="stmt"/>
        <line num="223" count="0" type="cond" truecount="0" falsecount="2"/>
        <line num="224" count="0" type="stmt"/>
        <line num="225" count="0" type="stmt"/>
        <line num="226" count="0" type="stmt"/>
        <line num="227" count="0" type="stmt"/>
        <line num="228" count="0" type="stmt"/>
        <line num="230" count="0" type="stmt"/>
        <line num="234" count="10" type="stmt"/>
        <line num="235" count="0" type="stmt"/>
        <line num="236" count="0" type="stmt"/>
        <line num="237" count="0" type="stmt"/>
        <line num="238" count="0" type="stmt"/>
        <line num="239" count="0" type="stmt"/>
        <line num="241" count="0" type="stmt"/>
        <line num="245" count="10" type="stmt"/>
        <line num="246" count="0" type="cond" truecount="0" falsecount="2"/>
        <line num="247" count="0" type="stmt"/>
        <line num="248" count="0" type="stmt"/>
        <line num="249" count="0" type="stmt"/>
        <line num="250" count="0" type="stmt"/>
        <line num="251" count="0" type="stmt"/>
        <line num="253" count="0" type="stmt"/>
        <line num="257" count="10" type="stmt"/>
        <line num="258" count="0" type="stmt"/>
        <line num="259" count="0" type="stmt"/>
        <line num="260" count="0" type="stmt"/>
        <line num="261" count="0" type="stmt"/>
        <line num="262" count="0" type="stmt"/>
        <line num="264" count="0" type="stmt"/>
        <line num="268" count="10" type="stmt"/>
        <line num="269" count="0" type="stmt"/>
        <line num="270" count="0" type="stmt"/>
        <line num="271" count="0" type="stmt"/>
        <line num="272" count="0" type="stmt"/>
        <line num="274" count="0" type="stmt"/>
        <line num="278" count="10" type="stmt"/>
        <line num="279" count="0" type="cond" truecount="0" falsecount="2"/>
        <line num="280" count="0" type="stmt"/>
        <line num="281" count="0" type="stmt"/>
        <line num="283" count="0" type="stmt"/>
        <line num="284" count="0" type="stmt"/>
        <line num="285" count="0" type="stmt"/>
        <line num="286" count="0" type="stmt"/>
        <line num="287" count="0" type="stmt"/>
        <line num="289" count="0" type="stmt"/>
        <line num="293" count="10" type="stmt"/>
        <line num="294" count="0" type="cond" truecount="0" falsecount="2"/>
        <line num="295" count="0" type="stmt"/>
        <line num="296" count="0" type="stmt"/>
        <line num="298" count="0" type="stmt"/>
        <line num="299" count="0" type="stmt"/>
        <line num="300" count="0" type="stmt"/>
        <line num="305" count="0" type="stmt"/>
        <line num="306" count="0" type="stmt"/>
        <line num="307" count="0" type="stmt"/>
        <line num="309" count="0" type="stmt"/>
        <line num="313" count="11" type="stmt"/>
        <line num="315" count="10" type="stmt"/>
        <line num="380" count="7" type="stmt"/>
        <line num="386" count="0" type="stmt"/>
        <line num="393" count="0" type="stmt"/>
        <line num="412" count="0" type="stmt"/>
        <line num="417" count="1" type="stmt"/>
        <line num="434" count="0" type="stmt"/>
        <line num="439" count="1" type="stmt"/>
        <line num="444" count="0" type="stmt"/>
        <line num="463" count="11" type="stmt"/>
        <line num="464" count="11" type="stmt"/>
        <line num="465" count="11" type="stmt"/>
        <line num="466" count="11" type="stmt"/>
        <line num="468" count="11" type="stmt"/>
        <line num="496" count="0" type="stmt"/>
        <line num="507" count="0" type="stmt"/>
        <line num="518" count="1" type="stmt"/>
        <line num="552" count="0" type="stmt"/>
        <line num="559" count="0" type="stmt"/>
        <line num="565" count="0" type="stmt"/>
        <line num="586" count="0" type="stmt"/>
        <line num="592" count="0" type="stmt"/>
        <line num="612" count="0" type="stmt"/>
        <line num="618" count="0" type="stmt"/>
        <line num="707" count="0" type="stmt"/>
        <line num="716" count="0" type="stmt"/>
      </file>
      <file name="ModeratorDashboard.jsx" path="C:\Users\JamesProsper\lakay\src\components\admin\ModeratorDashboard.jsx">
        <metrics statements="2" coveredstatements="1" conditionals="0" coveredconditionals="0" methods="1" coveredmethods="0"/>
        <line num="3" count="2" type="stmt"/>
        <line num="4" count="0" type="stmt"/>
      </file>
    </package>
    <package name="src.components.auth">
      <metrics statements="2" coveredstatements="1" conditionals="0" coveredconditionals="0" methods="1" coveredmethods="0"/>
      <file name="ChangePassword.jsx" path="C:\Users\JamesProsper\lakay\src\components\auth\ChangePassword.jsx">
        <metrics statements="2" coveredstatements="1" conditionals="0" coveredconditionals="0" methods="1" coveredmethods="0"/>
        <line num="8" count="0" type="stmt"/>
        <line num="31" count="2" type="stmt"/>
      </file>
    </package>
    <package name="src.components.chat">
      <metrics statements="84" coveredstatements="52" conditionals="70" coveredconditionals="33" methods="28" coveredmethods="16"/>
      <file name="ChatRoom.jsx" path="C:\Users\JamesProsper\lakay\src\components\chat\ChatRoom.jsx">
        <metrics statements="31" coveredstatements="24" conditionals="19" coveredconditionals="9" methods="12" coveredmethods="9"/>
        <line num="5" count="16" type="stmt"/>
        <line num="6" count="16" type="stmt"/>
        <line num="11" count="16" type="stmt"/>
        <line num="12" count="16" type="stmt"/>
        <line num="14" count="16" type="stmt"/>
        <line num="15" count="1" type="stmt"/>
        <line num="16" count="1" type="cond" truecount="1" falsecount="1"/>
        <line num="17" count="0" type="stmt"/>
        <line num="18" count="0" type="stmt"/>
        <line num="20" count="0" type="stmt"/>
        <line num="25" count="16" type="stmt"/>
        <line num="26" count="2" type="stmt"/>
        <line num="29" count="16" type="stmt"/>
        <line num="30" count="2" type="stmt"/>
        <line num="33" count="16" type="stmt"/>
        <line num="34" count="1" type="cond" truecount="1" falsecount="1"/>
        <line num="36" count="1" type="cond" truecount="2" falsecount="1"/>
        <line num="38" count="1" type="stmt"/>
        <line num="44" count="1" type="stmt"/>
        <line num="48" count="1" type="stmt"/>
        <line num="51" count="16" type="stmt"/>
        <line num="52" count="0" type="cond" truecount="0" falsecount="2"/>
        <line num="53" count="0" type="cond" truecount="0" falsecount="2"/>
        <line num="54" count="0" type="stmt"/>
        <line num="61" count="16" type="stmt"/>
        <line num="67" count="16" type="stmt"/>
        <line num="87" count="0" type="stmt"/>
        <line num="99" count="17" type="stmt"/>
        <line num="119" count="14" type="stmt"/>
        <line num="120" count="14" type="cond" truecount="1" falsecount="1"/>
        <line num="135" count="3" type="stmt"/>
      </file>
      <file name="PrivateChat.jsx" path="C:\Users\JamesProsper\lakay\src\components\chat\PrivateChat.jsx">
        <metrics statements="53" coveredstatements="28" conditionals="51" coveredconditionals="24" methods="16" coveredmethods="7"/>
        <line num="6" count="26" type="stmt"/>
        <line num="7" count="26" type="stmt"/>
        <line num="8" count="26" type="stmt"/>
        <line num="9" count="26" type="stmt"/>
        <line num="10" count="26" type="stmt"/>
        <line num="11" count="26" type="stmt"/>
        <line num="13" count="26" type="stmt"/>
        <line num="15" count="2" type="cond" truecount="2" falsecount="2"/>
        <line num="19" count="26" type="stmt"/>
        <line num="20" count="26" type="stmt"/>
        <line num="23" count="26" type="stmt"/>
        <line num="24" count="0" type="cond" truecount="0" falsecount="2"/>
        <line num="26" count="0" type="stmt"/>
        <line num="27" count="0" type="stmt"/>
        <line num="28" count="0" type="stmt"/>
        <line num="29" count="0" type="stmt"/>
        <line num="31" count="0" type="cond" truecount="0" falsecount="2"/>
        <line num="35" count="26" type="stmt"/>
        <line num="36" count="0" type="stmt"/>
        <line num="37" count="0" type="stmt"/>
        <line num="40" count="26" type="stmt"/>
        <line num="41" count="0" type="stmt"/>
        <line num="42" count="0" type="stmt"/>
        <line num="45" count="26" type="stmt"/>
        <line num="46" count="3" type="cond" truecount="4" falsecount="1"/>
        <line num="48" count="3" type="stmt"/>
        <line num="49" count="3" type="stmt"/>
        <line num="50" count="3" type="stmt"/>
        <line num="51" count="3" type="stmt"/>
        <line num="53" count="0" type="cond" truecount="0" falsecount="2"/>
        <line num="55" count="3" type="stmt"/>
        <line num="59" count="26" type="stmt"/>
        <line num="60" count="0" type="cond" truecount="0" falsecount="2"/>
        <line num="62" count="0" type="cond" truecount="0" falsecount="2"/>
        <line num="63" count="0" type="stmt"/>
        <line num="66" count="0" type="stmt"/>
        <line num="67" count="0" type="stmt"/>
        <line num="69" count="0" type="cond" truecount="0" falsecount="2"/>
        <line num="73" count="26" type="stmt"/>
        <line num="90" count="2" type="stmt"/>
        <line num="91" count="2" type="stmt"/>
        <line num="92" count="2" type="stmt"/>
        <line num="100" count="0" type="stmt"/>
        <line num="102" count="0" type="cond" truecount="0" falsecount="2"/>
        <line num="103" count="0" type="stmt"/>
        <line num="104" count="0" type="cond" truecount="0" falsecount="2"/>
        <line num="105" count="0" type="stmt"/>
        <line num="113" count="0" type="stmt"/>
        <line num="139" count="0" type="stmt"/>
        <line num="146" count="0" type="stmt"/>
        <line num="168" count="17" type="stmt"/>
        <line num="169" count="20" type="cond" truecount="3" falsecount="0"/>
        <line num="186" count="3" type="stmt"/>
      </file>
    </package>
    <package name="src.components.games">
      <metrics statements="111" coveredstatements="3" conditionals="100" coveredconditionals="0" methods="38" coveredmethods="0"/>
      <file name="MemoryGame.jsx" path="C:\Users\JamesProsper\lakay\src\components\games\MemoryGame.jsx">
        <metrics statements="32" coveredstatements="1" conditionals="17" coveredconditionals="0" methods="12" coveredmethods="0"/>
        <line num="5" count="0" type="stmt"/>
        <line num="6" count="0" type="stmt"/>
        <line num="7" count="0" type="stmt"/>
        <line num="8" count="0" type="stmt"/>
        <line num="9" count="0" type="stmt"/>
        <line num="11" count="0" type="stmt"/>
        <line num="12" count="0" type="stmt"/>
        <line num="13" count="0" type="stmt"/>
        <line num="14" count="0" type="stmt"/>
        <line num="15" count="0" type="stmt"/>
        <line num="18" count="0" type="stmt"/>
        <line num="19" count="0" type="cond" truecount="0" falsecount="5"/>
        <line num="21" count="0" type="stmt"/>
        <line num="22" count="0" type="stmt"/>
        <line num="24" count="0" type="cond" truecount="0" falsecount="2"/>
        <line num="25" count="0" type="stmt"/>
        <line num="26" count="0" type="cond" truecount="0" falsecount="2"/>
        <line num="27" count="0" type="stmt"/>
        <line num="28" count="0" type="stmt"/>
        <line num="29" count="0" type="stmt"/>
        <line num="30" count="0" type="cond" truecount="0" falsecount="2"/>
        <line num="32" count="0" type="stmt"/>
        <line num="37" count="0" type="stmt"/>
        <line num="38" count="0" type="stmt"/>
        <line num="39" count="0" type="stmt"/>
        <line num="40" count="0" type="stmt"/>
        <line num="41" count="0" type="stmt"/>
        <line num="44" count="0" type="stmt"/>
        <line num="49" count="0" type="cond" truecount="0" falsecount="2"/>
        <line num="50" count="0" type="stmt"/>
        <line num="53" count="0" type="stmt"/>
        <line num="73" count="2" type="stmt"/>
      </file>
      <file name="SnakeGame.jsx" path="C:\Users\JamesProsper\lakay\src\components\games\SnakeGame.jsx">
        <metrics statements="54" coveredstatements="1" conditionals="56" coveredconditionals="0" methods="19" coveredmethods="0"/>
        <line num="5" count="0" type="stmt"/>
        <line num="6" count="0" type="stmt"/>
        <line num="7" count="0" type="stmt"/>
        <line num="8" count="0" type="stmt"/>
        <line num="9" count="0" type="stmt"/>
        <line num="10" count="0" type="stmt"/>
        <line num="11" count="0" type="stmt"/>
        <line num="13" count="0" type="stmt"/>
        <line num="14" count="0" type="stmt"/>
        <line num="15" count="0" type="cond" truecount="0" falsecount="2"/>
        <line num="16" count="0" type="stmt"/>
        <line num="19" count="0" type="cond" truecount="0" falsecount="6"/>
        <line num="20" count="0" type="cond" truecount="0" falsecount="2"/>
        <line num="21" count="0" type="cond" truecount="0" falsecount="2"/>
        <line num="22" count="0" type="cond" truecount="0" falsecount="2"/>
        <line num="23" count="0" type="cond" truecount="0" falsecount="2"/>
        <line num="24" count="0" type="stmt"/>
        <line num="25" count="0" type="stmt"/>
        <line num="29" count="0" type="stmt"/>
        <line num="30" count="0" type="stmt"/>
        <line num="33" count="0" type="stmt"/>
        <line num="34" count="0" type="cond" truecount="0" falsecount="2"/>
        <line num="36" count="0" type="stmt"/>
        <line num="37" count="0" type="stmt"/>
        <line num="38" count="0" type="stmt"/>
        <line num="40" count="0" type="cond" truecount="0" falsecount="2"/>
        <line num="41" count="0" type="cond" truecount="0" falsecount="2"/>
        <line num="42" count="0" type="cond" truecount="0" falsecount="2"/>
        <line num="43" count="0" type="cond" truecount="0" falsecount="2"/>
        <line num="45" count="0" type="cond" truecount="0" falsecount="6"/>
        <line num="46" count="0" type="stmt"/>
        <line num="47" count="0" type="stmt"/>
        <line num="50" count="0" type="cond" truecount="0" falsecount="4"/>
        <line num="51" count="0" type="stmt"/>
        <line num="52" count="0" type="stmt"/>
        <line num="55" count="0" type="stmt"/>
        <line num="57" count="0" type="cond" truecount="0" falsecount="4"/>
        <line num="58" count="0" type="stmt"/>
        <line num="59" count="0" type="stmt"/>
        <line num="61" count="0" type="stmt"/>
        <line num="62" count="0" type="stmt"/>
        <line num="66" count="0" type="cond" truecount="0" falsecount="2"/>
        <line num="67" count="0" type="stmt"/>
        <line num="69" count="0" type="stmt"/>
        <line num="72" count="0" type="stmt"/>
        <line num="76" count="0" type="stmt"/>
        <line num="79" count="0" type="stmt"/>
        <line num="97" count="0" type="stmt"/>
        <line num="119" count="0" type="cond" truecount="0" falsecount="2"/>
        <line num="121" count="0" type="cond" truecount="0" falsecount="2"/>
        <line num="122" count="0" type="cond" truecount="0" falsecount="2"/>
        <line num="123" count="0" type="cond" truecount="0" falsecount="2"/>
        <line num="125" count="0" type="cond" truecount="0" falsecount="2"/>
        <line num="134" count="2" type="stmt"/>
      </file>
      <file name="TicTacToe.jsx" path="C:\Users\JamesProsper\lakay\src\components\games\TicTacToe.jsx">
        <metrics statements="25" coveredstatements="1" conditionals="27" coveredconditionals="0" methods="7" coveredmethods="0"/>
        <line num="5" count="0" type="stmt"/>
        <line num="6" count="0" type="stmt"/>
        <line num="9" count="0" type="stmt"/>
        <line num="14" count="0" type="stmt"/>
        <line num="15" count="0" type="stmt"/>
        <line num="16" count="0" type="cond" truecount="0" falsecount="5"/>
        <line num="17" count="0" type="stmt"/>
        <line num="20" count="0" type="stmt"/>
        <line num="23" count="0" type="stmt"/>
        <line num="25" count="0" type="stmt"/>
        <line num="26" count="0" type="cond" truecount="0" falsecount="4"/>
        <line num="27" count="0" type="stmt"/>
        <line num="30" count="0" type="stmt"/>
        <line num="31" count="0" type="cond" truecount="0" falsecount="4"/>
        <line num="32" count="0" type="stmt"/>
        <line num="33" count="0" type="cond" truecount="0" falsecount="2"/>
        <line num="34" count="0" type="stmt"/>
        <line num="35" count="0" type="stmt"/>
        <line num="38" count="0" type="stmt"/>
        <line num="39" count="0" type="stmt"/>
        <line num="40" count="0" type="stmt"/>
        <line num="43" count="0" type="stmt"/>
        <line num="57" count="0" type="stmt"/>
        <line num="59" count="0" type="stmt"/>
        <line num="76" count="2" type="stmt"/>
      </file>
    </package>
    <package name="src.components.shared">
      <metrics statements="22" coveredstatements="14" conditionals="16" coveredconditionals="6" methods="8" coveredmethods="6"/>
      <file name="BigButton.jsx" path="C:\Users\JamesProsper\lakay\src\components\shared\BigButton.jsx">
        <metrics statements="2" coveredstatements="2" conditionals="0" coveredconditionals="0" methods="1" coveredmethods="1"/>
        <line num="5" count="35" type="stmt"/>
        <line num="16" count="3" type="stmt"/>
      </file>
      <file name="HomeButton.jsx" path="C:\Users\JamesProsper\lakay\src\components\shared\HomeButton.jsx">
        <metrics statements="2" coveredstatements="2" conditionals="0" coveredconditionals="0" methods="1" coveredmethods="1"/>
        <line num="5" count="56" type="stmt"/>
        <line num="16" count="3" type="stmt"/>
      </file>
      <file name="Modal.jsx" path="C:\Users\JamesProsper\lakay\src\components\shared\Modal.jsx">
        <metrics statements="15" coveredstatements="7" conditionals="14" coveredconditionals="4" methods="4" coveredmethods="2"/>
        <line num="5" count="3" type="stmt"/>
        <line num="6" count="3" type="stmt"/>
        <line num="8" count="3" type="stmt"/>
        <line num="9" count="3" type="cond" truecount="1" falsecount="1"/>
        <line num="10" count="0" type="stmt"/>
        <line num="11" count="0" type="stmt"/>
        <line num="12" count="3" type="cond" truecount="1" falsecount="1"/>
        <line num="14" count="0" type="stmt"/>
        <line num="15" count="0" type="stmt"/>
        <line num="16" count="0" type="stmt"/>
        <line num="17" count="0" type="stmt"/>
        <line num="19" count="0" type="stmt"/>
        <line num="23" count="3" type="cond" truecount="1" falsecount="1"/>
        <line num="25" count="0" type="stmt"/>
        <line num="39" count="4" type="stmt"/>
      </file>
      <file name="Shell.jsx" path="C:\Users\JamesProsper\lakay\src\components\shared\Shell.jsx">
        <metrics statements="2" coveredstatements="2" conditionals="2" coveredconditionals="2" methods="1" coveredmethods="1"/>
        <line num="6" count="10" type="stmt"/>
        <line num="21" count="2" type="stmt"/>
      </file>
      <file name="SpinningLogo.jsx" path="C:\Users\JamesProsper\lakay\src\components\shared\SpinningLogo.jsx">
        <metrics statements="1" coveredstatements="1" conditionals="0" coveredconditionals="0" methods="1" coveredmethods="1"/>
        <line num="4" count="7" type="stmt"/>
      </file>
    </package>
    <package name="src.hooks">
      <metrics statements="88" coveredstatements="65" conditionals="58" coveredconditionals="22" methods="20" coveredmethods="15"/>
      <file name="useChatSocket.js" path="C:\Users\JamesProsper\lakay\src\hooks\useChatSocket.js">
        <metrics statements="31" coveredstatements="23" conditionals="14" coveredconditionals="2" methods="10" coveredmethods="6"/>
        <line num="6" count="8" type="stmt"/>
        <line num="7" count="8" type="stmt"/>
        <line num="9" count="8" type="stmt"/>
        <line num="10" count="2" type="stmt"/>
        <line num="12" count="2" type="stmt"/>
        <line num="13" count="2" type="stmt"/>
        <line num="17" count="2" type="stmt"/>
        <line num="18" count="1" type="stmt"/>
        <line num="19" count="1" type="cond" truecount="1" falsecount="1"/>
        <line num="20" count="1" type="stmt"/>
        <line num="24" count="2" type="stmt"/>
        <line num="25" count="1" type="stmt"/>
        <line num="28" count="2" type="stmt"/>
        <line num="29" count="1" type="cond" truecount="1" falsecount="1"/>
        <line num="30" count="1" type="stmt"/>
        <line num="34" count="2" type="stmt"/>
        <line num="35" count="0" type="cond" truecount="0" falsecount="2"/>
        <line num="36" count="0" type="stmt"/>
        <line num="40" count="2" type="stmt"/>
        <line num="42" count="2" type="stmt"/>
        <line num="43" count="2" type="stmt"/>
        <line num="47" count="8" type="stmt"/>
        <line num="48" count="0" type="cond" truecount="0" falsecount="4"/>
        <line num="49" count="0" type="stmt"/>
        <line num="53" count="8" type="stmt"/>
        <line num="54" count="0" type="cond" truecount="0" falsecount="2"/>
        <line num="55" count="0" type="stmt"/>
        <line num="59" count="8" type="stmt"/>
        <line num="60" count="0" type="cond" truecount="0" falsecount="2"/>
        <line num="61" count="0" type="stmt"/>
        <line num="65" count="8" type="stmt"/>
      </file>
      <file name="useGoogleTranslate.js" path="C:\Users\JamesProsper\lakay\src\hooks\useGoogleTranslate.js">
        <metrics statements="57" coveredstatements="42" conditionals="44" coveredconditionals="20" methods="10" coveredmethods="9"/>
        <line num="3" count="2" type="stmt"/>
        <line num="4" count="2" type="stmt"/>
        <line num="5" count="2" type="stmt"/>
        <line num="8" count="2" type="cond" truecount="1" falsecount="1"/>
        <line num="9" count="0" type="stmt"/>
        <line num="12" count="2" type="cond" truecount="1" falsecount="1"/>
        <line num="13" count="2" type="stmt"/>
        <line num="14" count="2" type="stmt"/>
        <line num="15" count="2" type="stmt"/>
        <line num="16" count="2" type="stmt"/>
        <line num="17" count="2" type="stmt"/>
        <line num="22" count="2" type="cond" truecount="1" falsecount="1"/>
        <line num="23" count="0" type="stmt"/>
        <line num="26" count="2" type="cond" truecount="1" falsecount="1"/>
        <line num="27" count="2" type="stmt"/>
        <line num="28" count="2" type="stmt"/>
        <line num="29" count="2" type="cond" truecount="3" falsecount="1"/>
        <line num="30" count="2" type="stmt"/>
        <line num="35" count="7" type="stmt"/>
        <line num="36" count="7" type="cond" truecount="1" falsecount="1"/>
        <line num="37" count="7" type="stmt"/>
        <line num="40" count="0" type="cond" truecount="0" falsecount="2"/>
        <line num="41" count="7" type="cond" truecount="1" falsecount="1"/>
        <line num="42" count="0" type="stmt"/>
        <line num="44" count="0" type="stmt"/>
        <line num="45" count="0" type="stmt"/>
        <line num="49" count="18" type="stmt"/>
        <line num="50" count="2" type="cond" truecount="3" falsecount="1"/>
        <line num="51" count="0" type="stmt"/>
        <line num="54" count="2" type="stmt"/>
        <line num="56" count="2" type="cond" truecount="1" falsecount="1"/>
        <line num="57" count="2" type="stmt"/>
        <line num="58" count="0" type="cond" truecount="0" falsecount="4"/>
        <line num="59" count="0" type="stmt"/>
        <line num="60" count="0" type="stmt"/>
        <line num="72" count="2" type="stmt"/>
        <line num="73" count="2" type="cond" truecount="1" falsecount="1"/>
        <line num="74" count="2" type="stmt"/>
        <line num="75" count="2" type="stmt"/>
        <line num="76" count="2" type="stmt"/>
        <line num="77" count="2" type="stmt"/>
        <line num="78" count="2" type="stmt"/>
        <line num="79" count="0" type="cond" truecount="0" falsecount="4"/>
        <line num="80" count="0" type="stmt"/>
        <line num="84" count="18" type="stmt"/>
        <line num="85" count="2" type="cond" truecount="3" falsecount="1"/>
        <line num="86" count="0" type="stmt"/>
        <line num="89" count="2" type="cond" truecount="1" falsecount="1"/>
        <line num="90" count="2" type="stmt"/>
        <line num="91" count="2" type="stmt"/>
        <line num="93" count="7" type="stmt"/>
        <line num="95" count="2" type="cond" truecount="1" falsecount="1"/>
        <line num="96" count="0" type="stmt"/>
        <line num="99" count="2" type="stmt"/>
        <line num="100" count="5" type="cond" truecount="1" falsecount="1"/>
        <line num="101" count="0" type="stmt"/>
        <line num="105" count="2" type="stmt"/>
      </file>
    </package>
    <package name="src.locales">
      <metrics statements="0" coveredstatements="0" conditionals="0" coveredconditionals="0" methods="0" coveredmethods="0"/>
      <file name="en.json" path="C:\Users\JamesProsper\lakay\src\locales\en.json">
        <metrics statements="0" coveredstatements="0" conditionals="0" coveredconditionals="0" methods="0" coveredmethods="0"/>
      </file>
      <file name="es.json" path="C:\Users\JamesProsper\lakay\src\locales\es.json">
        <metrics statements="0" coveredstatements="0" conditionals="0" coveredconditionals="0" methods="0" coveredmethods="0"/>
      </file>
      <file name="fr.json" path="C:\Users\JamesProsper\lakay\src\locales\fr.json">
        <metrics statements="0" coveredstatements="0" conditionals="0" coveredconditionals="0" methods="0" coveredmethods="0"/>
      </file>
      <file name="ht.json" path="C:\Users\JamesProsper\lakay\src\locales\ht.json">
        <metrics statements="0" coveredstatements="0" conditionals="0" coveredconditionals="0" methods="0" coveredmethods="0"/>
      </file>
    </package>
    <package name="src.pages">
      <metrics statements="941" coveredstatements="330" conditionals="647" coveredconditionals="153" methods="208" coveredmethods="43"/>
      <file name="HaitiSocialApp.jsx" path="C:\Users\JamesProsper\lakay\src\pages\HaitiSocialApp.jsx">
        <metrics statements="941" coveredstatements="330" conditionals="647" coveredconditionals="153" methods="208" coveredmethods="43"/>
        <line num="67" count="4" type="cond" truecount="1" falsecount="1"/>
        <line num="68" count="2" type="stmt"/>
        <line num="69" count="8" type="stmt"/>
        <line num="70" count="8" type="stmt"/>
        <line num="73" count="2" type="stmt"/>
        <line num="74" count="4" type="stmt"/>
        <line num="75" count="8" type="cond" truecount="1" falsecount="1"/>
        <line num="76" count="8" type="cond" truecount="2" falsecount="0"/>
        <line num="77" count="2" type="stmt"/>
        <line num="80" count="2" type="stmt"/>
        <line num="83" count="2" type="cond" truecount="1" falsecount="1"/>
        <line num="84" count="2" type="stmt"/>
        <line num="88" count="2" type="cond" truecount="1" falsecount="1"/>
        <line num="94" count="18" type="stmt"/>
        <line num="96" count="18" type="stmt"/>
        <line num="100" count="18" type="stmt"/>
        <line num="101" count="18" type="stmt"/>
        <line num="105" count="18" type="stmt"/>
        <line num="106" count="18" type="stmt"/>
        <line num="107" count="18" type="stmt"/>
        <line num="110" count="18" type="stmt"/>
        <line num="111" count="18" type="stmt"/>
        <line num="112" count="18" type="stmt"/>
        <line num="113" count="18" type="stmt"/>
        <line num="114" count="18" type="stmt"/>
        <line num="115" count="18" type="stmt"/>
        <line num="116" count="18" type="stmt"/>
        <line num="117" count="18" type="stmt"/>
        <line num="118" count="18" type="stmt"/>
        <line num="121" count="18" type="stmt"/>
        <line num="122" count="18" type="stmt"/>
        <line num="123" count="18" type="stmt"/>
        <line num="124" count="18" type="stmt"/>
        <line num="125" count="18" type="stmt"/>
        <line num="126" count="18" type="stmt"/>
        <line num="127" count="18" type="stmt"/>
        <line num="130" count="18" type="stmt"/>
        <line num="131" count="18" type="stmt"/>
        <line num="132" count="18" type="stmt"/>
        <line num="133" count="18" type="stmt"/>
        <line num="136" count="18" type="stmt"/>
        <line num="139" count="18" type="stmt"/>
        <line num="140" count="18" type="stmt"/>
        <line num="141" count="18" type="stmt"/>
        <line num="144" count="18" type="stmt"/>
        <line num="164" count="18" type="stmt"/>
        <line num="189" count="18" type="stmt"/>
        <line num="190" count="18" type="stmt"/>
        <line num="191" count="18" type="stmt"/>
        <line num="192" count="18" type="stmt"/>
        <line num="195" count="18" type="stmt"/>
        <line num="196" count="18" type="stmt"/>
        <line num="197" count="18" type="stmt"/>
        <line num="198" count="18" type="stmt"/>
        <line num="199" count="18" type="stmt"/>
        <line num="200" count="18" type="stmt"/>
        <line num="202" count="18" type="stmt"/>
        <line num="203" count="0" type="stmt"/>
        <line num="204" count="0" type="stmt"/>
        <line num="207" count="18" type="stmt"/>
        <line num="208" count="0" type="stmt"/>
        <line num="209" count="0" type="stmt"/>
        <line num="210" count="0" type="stmt"/>
        <line num="214" count="18" type="stmt"/>
        <line num="215" count="0" type="cond" truecount="0" falsecount="4"/>
        <line num="216" count="0" type="stmt"/>
        <line num="217" count="0" type="stmt"/>
        <line num="220" count="0" type="stmt"/>
        <line num="228" count="0" type="stmt"/>
        <line num="229" count="0" type="stmt"/>
        <line num="230" count="0" type="stmt"/>
        <line num="231" count="0" type="stmt"/>
        <line num="232" count="0" type="stmt"/>
        <line num="233" count="0" type="stmt"/>
        <line num="236" count="18" type="stmt"/>
        <line num="237" count="0" type="cond" truecount="0" falsecount="6"/>
        <line num="238" count="0" type="stmt"/>
        <line num="239" count="0" type="stmt"/>
        <line num="242" count="0" type="stmt"/>
        <line num="251" count="0" type="stmt"/>
        <line num="252" count="0" type="stmt"/>
        <line num="253" count="0" type="stmt"/>
        <line num="254" count="0" type="stmt"/>
        <line num="255" count="0" type="stmt"/>
        <line num="256" count="0" type="stmt"/>
        <line num="257" count="0" type="stmt"/>
        <line num="258" count="0" type="stmt"/>
        <line num="262" count="18" type="stmt"/>
        <line num="264" count="18" type="stmt"/>
        <line num="265" count="0" type="cond" truecount="0" falsecount="2"/>
        <line num="267" count="0" type="stmt"/>
        <line num="268" count="0" type="stmt"/>
        <line num="271" count="0" type="stmt"/>
        <line num="272" count="0" type="stmt"/>
        <line num="274" count="0" type="stmt"/>
        <line num="275" count="0" type="stmt"/>
        <line num="276" count="0" type="stmt"/>
        <line num="277" count="0" type="stmt"/>
        <line num="279" count="0" type="stmt"/>
        <line num="280" count="0" type="cond" truecount="0" falsecount="2"/>
        <line num="282" count="0" type="stmt"/>
        <line num="283" count="0" type="stmt"/>
        <line num="287" count="0" type="stmt"/>
        <line num="289" count="0" type="stmt"/>
        <line num="291" count="0" type="stmt"/>
        <line num="296" count="0" type="cond" truecount="0" falsecount="2"/>
        <line num="297" count="0" type="cond" truecount="0" falsecount="4"/>
        <line num="298" count="0" type="stmt"/>
        <line num="299" count="0" type="stmt"/>
        <line num="300" count="0" type="stmt"/>
        <line num="301" count="0" type="stmt"/>
        <line num="309" count="18" type="stmt"/>
        <line num="310" count="18" type="stmt"/>
        <line num="311" count="18" type="stmt"/>
        <line num="312" count="18" type="stmt"/>
        <line num="313" count="18" type="stmt"/>
        <line num="314" count="18" type="stmt"/>
        <line num="317" count="18" type="stmt"/>
        <line num="318" count="18" type="stmt"/>
        <line num="319" count="18" type="stmt"/>
        <line num="320" count="18" type="stmt"/>
        <line num="321" count="18" type="stmt"/>
        <line num="322" count="18" type="stmt"/>
        <line num="323" count="18" type="stmt"/>
        <line num="324" count="18" type="cond" truecount="2" falsecount="0"/>
        <line num="325" count="18" type="stmt"/>
        <line num="326" count="6" type="cond" truecount="2" falsecount="0"/>
        <line num="327" count="2" type="stmt"/>
        <line num="329" count="4" type="cond" truecount="2" falsecount="0"/>
        <line num="330" count="6" type="stmt"/>
        <line num="352" count="6" type="stmt"/>
        <line num="353" count="16" type="stmt"/>
        <line num="354" count="6" type="cond" truecount="1" falsecount="1"/>
        <line num="355" count="6" type="stmt"/>
        <line num="358" count="18" type="stmt"/>
        <line num="359" count="18" type="stmt"/>
        <line num="360" count="18" type="stmt"/>
        <line num="362" count="18" type="stmt"/>
        <line num="363" count="18" type="cond" truecount="2" falsecount="0"/>
        <line num="364" count="18" type="cond" truecount="2" falsecount="0"/>
        <line num="365" count="18" type="cond" truecount="3" falsecount="0"/>
        <line num="369" count="18" type="stmt"/>
        <line num="375" count="18" type="stmt"/>
        <line num="376" count="18" type="stmt"/>
        <line num="377" count="18" type="stmt"/>
        <line num="380" count="18" type="stmt"/>
        <line num="381" count="18" type="stmt"/>
        <line num="382" count="18" type="stmt"/>
        <line num="383" count="18" type="stmt"/>
        <line num="386" count="18" type="stmt"/>
        <line num="410" count="18" type="stmt"/>
        <line num="411" count="18" type="stmt"/>
        <line num="412" count="18" type="stmt"/>
        <line num="413" count="18" type="stmt"/>
        <line num="414" count="18" type="stmt"/>
        <line num="415" count="18" type="stmt"/>
        <line num="418" count="18" type="stmt"/>
        <line num="423" count="18" type="stmt"/>
        <line num="424" count="18" type="stmt"/>
        <line num="427" count="18" type="stmt"/>
        <line num="428" count="18" type="stmt"/>
        <line num="429" count="18" type="stmt"/>
        <line num="430" count="18" type="stmt"/>
        <line num="433" count="18" type="stmt"/>
        <line num="434" count="0" type="cond" truecount="0" falsecount="4"/>
        <line num="435" count="0" type="stmt"/>
        <line num="436" count="0" type="stmt"/>
        <line num="438" count="0" type="stmt"/>
        <line num="439" count="0" type="stmt"/>
        <line num="450" count="0" type="stmt"/>
        <line num="451" count="0" type="stmt"/>
        <line num="452" count="0" type="stmt"/>
        <line num="453" count="0" type="stmt"/>
        <line num="454" count="0" type="stmt"/>
        <line num="456" count="18" type="stmt"/>
        <line num="457" count="18" type="stmt"/>
        <line num="458" count="18" type="stmt"/>
        <line num="459" count="18" type="stmt"/>
        <line num="462" count="18" type="stmt"/>
        <line num="463" count="18" type="stmt"/>
        <line num="465" count="18" type="stmt"/>
        <line num="468" count="18" type="cond" truecount="1" falsecount="1"/>
        <line num="469" count="18" type="stmt"/>
        <line num="470" count="18" type="cond" truecount="1" falsecount="1"/>
        <line num="473" count="18" type="stmt"/>
        <line num="556" count="18" type="cond" truecount="1" falsecount="1"/>
        <line num="557" count="18" type="stmt"/>
        <line num="559" count="18" type="stmt"/>
        <line num="560" count="12" type="cond" truecount="1" falsecount="1"/>
        <line num="561" count="0" type="stmt"/>
        <line num="571" count="12" type="cond" truecount="2" falsecount="0"/>
        <line num="572" count="6" type="stmt"/>
        <line num="582" count="6" type="cond" truecount="1" falsecount="1"/>
        <line num="583" count="0" type="stmt"/>
        <line num="588" count="0" type="stmt"/>
        <line num="593" count="12" type="cond" truecount="2" falsecount="0"/>
        <line num="595" count="12" type="stmt"/>
        <line num="612" count="18" type="stmt"/>
        <line num="613" count="0" type="stmt"/>
        <line num="614" count="0" type="cond" truecount="0" falsecount="2"/>
        <line num="615" count="0" type="stmt"/>
        <line num="616" count="0" type="stmt"/>
        <line num="619" count="18" type="stmt"/>
        <line num="620" count="0" type="stmt"/>
        <line num="623" count="18" type="stmt"/>
        <line num="624" count="4" type="stmt"/>
        <line num="625" count="4" type="stmt"/>
        <line num="626" count="4" type="stmt"/>
        <line num="627" count="4" type="stmt"/>
        <line num="628" count="4" type="stmt"/>
        <line num="629" count="6" type="stmt"/>
        <line num="630" count="6" type="cond" truecount="1" falsecount="1"/>
        <line num="631" count="6" type="stmt"/>
        <line num="632" count="6" type="stmt"/>
        <line num="634" count="4" type="stmt"/>
        <line num="635" count="4" type="stmt"/>
        <line num="636" count="4" type="stmt"/>
        <line num="637" count="4" type="stmt"/>
        <line num="638" count="6" type="stmt"/>
        <line num="639" count="6" type="stmt"/>
        <line num="650" count="4" type="stmt"/>
        <line num="653" count="0" type="stmt"/>
        <line num="654" count="0" type="cond" truecount="0" falsecount="2"/>
        <line num="658" count="18" type="stmt"/>
        <line num="659" count="0" type="stmt"/>
        <line num="660" count="0" type="cond" truecount="0" falsecount="2"/>
        <line num="661" count="0" type="stmt"/>
        <line num="662" count="0" type="stmt"/>
        <line num="663" count="0" type="stmt"/>
        <line num="668" count="0" type="stmt"/>
        <line num="669" count="0" type="stmt"/>
        <line num="670" count="0" type="stmt"/>
        <line num="672" count="0" type="stmt"/>
        <line num="673" count="0" type="stmt"/>
        <line num="674" count="0" type="stmt"/>
        <line num="675" count="0" type="stmt"/>
        <line num="676" count="0" type="cond" truecount="0" falsecount="2"/>
        <line num="678" count="0" type="stmt"/>
        <line num="681" count="0" type="stmt"/>
        <line num="683" count="0" type="stmt"/>
        <line num="684" count="0" type="cond" truecount="0" falsecount="2"/>
        <line num="685" count="0" type="stmt"/>
        <line num="686" count="0" type="stmt"/>
        <line num="687" count="0" type="stmt"/>
        <line num="689" count="0" type="cond" truecount="0" falsecount="2"/>
        <line num="694" count="18" type="stmt"/>
        <line num="696" count="2" type="cond" truecount="1" falsecount="1"/>
        <line num="697" count="0" type="stmt"/>
        <line num="700" count="2" type="cond" truecount="1" falsecount="1"/>
        <line num="701" count="2" type="cond" truecount="1" falsecount="2"/>
        <line num="702" count="2" type="cond" truecount="1" falsecount="2"/>
        <line num="703" count="2" type="stmt"/>
        <line num="717" count="18" type="stmt"/>
        <line num="718" count="5" type="cond" truecount="2" falsecount="0"/>
        <line num="719" count="2" type="stmt"/>
        <line num="722" count="3" type="stmt"/>
        <line num="723" count="3" type="stmt"/>
        <line num="724" count="3" type="stmt"/>
        <line num="725" count="3" type="stmt"/>
        <line num="726" count="3" type="stmt"/>
        <line num="727" count="3" type="stmt"/>
        <line num="730" count="0" type="cond" truecount="0" falsecount="3"/>
        <line num="733" count="0" type="stmt"/>
        <line num="734" count="0" type="cond" truecount="0" falsecount="2"/>
        <line num="736" count="3" type="stmt"/>
        <line num="740" count="18" type="stmt"/>
        <line num="742" count="1" type="stmt"/>
        <line num="743" count="1" type="cond" truecount="1" falsecount="1"/>
        <line num="744" count="0" type="stmt"/>
        <line num="746" count="1" type="stmt"/>
        <line num="751" count="18" type="stmt"/>
        <line num="753" count="1" type="cond" truecount="1" falsecount="1"/>
        <line num="754" count="0" type="stmt"/>
        <line num="755" count="0" type="stmt"/>
        <line num="756" count="0" type="stmt"/>
        <line num="759" count="1" type="stmt"/>
        <line num="760" count="1" type="stmt"/>
        <line num="761" count="1" type="cond" truecount="3" falsecount="1"/>
        <line num="762" count="0" type="stmt"/>
        <line num="765" count="1" type="stmt"/>
        <line num="766" count="1" type="stmt"/>
        <line num="767" count="1" type="stmt"/>
        <line num="768" count="1" type="cond" truecount="1" falsecount="1"/>
        <line num="769" count="1" type="stmt"/>
        <line num="770" count="1" type="stmt"/>
        <line num="771" count="1" type="cond" truecount="1" falsecount="1"/>
        <line num="772" count="1" type="cond" truecount="1" falsecount="1"/>
        <line num="774" count="0" type="stmt"/>
        <line num="778" count="0" type="stmt"/>
        <line num="779" count="0" type="cond" truecount="0" falsecount="2"/>
        <line num="780" count="0" type="stmt"/>
        <line num="781" count="0" type="stmt"/>
        <line num="787" count="18" type="stmt"/>
        <line num="789" count="0" type="cond" truecount="0" falsecount="2"/>
        <line num="790" count="0" type="stmt"/>
        <line num="791" count="0" type="stmt"/>
        <line num="794" count="0" type="stmt"/>
        <line num="795" count="0" type="stmt"/>
        <line num="796" count="0" type="stmt"/>
        <line num="797" count="0" type="stmt"/>
        <line num="799" count="0" type="stmt"/>
        <line num="800" count="0" type="cond" truecount="0" falsecount="2"/>
        <line num="801" count="0" type="stmt"/>
        <line num="802" count="0" type="stmt"/>
        <line num="808" count="18" type="stmt"/>
        <line num="810" count="0" type="cond" truecount="0" falsecount="2"/>
        <line num="811" count="0" type="stmt"/>
        <line num="812" count="0" type="stmt"/>
        <line num="815" count="0" type="stmt"/>
        <line num="816" count="0" type="stmt"/>
        <line num="817" count="0" type="stmt"/>
        <line num="818" count="0" type="cond" truecount="0" falsecount="2"/>
        <line num="820" count="0" type="stmt"/>
        <line num="822" count="0" type="stmt"/>
        <line num="823" count="0" type="cond" truecount="0" falsecount="2"/>
        <line num="824" count="0" type="stmt"/>
        <line num="825" count="0" type="stmt"/>
        <line num="831" count="18" type="stmt"/>
        <line num="837" count="18" type="stmt"/>
        <line num="838" count="6" type="stmt"/>
        <line num="839" count="6" type="stmt"/>
        <line num="840" count="6" type="stmt"/>
        <line num="855" count="6" type="stmt"/>
        <line num="856" count="6" type="stmt"/>
        <line num="859" count="6" type="stmt"/>
        <line num="862" count="0" type="stmt"/>
        <line num="863" count="0" type="cond" truecount="0" falsecount="2"/>
        <line num="866" count="0" type="stmt"/>
        <line num="867" count="0" type="stmt"/>
        <line num="870" count="0" type="stmt"/>
        <line num="871" count="0" type="stmt"/>
        <line num="872" count="0" type="stmt"/>
        <line num="875" count="0" type="stmt"/>
        <line num="876" count="0" type="cond" truecount="0" falsecount="2"/>
        <line num="877" count="0" type="stmt"/>
        <line num="878" count="0" type="stmt"/>
        <line num="882" count="0" type="stmt"/>
        <line num="884" count="0" type="stmt"/>
        <line num="892" count="0" type="cond" truecount="0" falsecount="2"/>
        <line num="901" count="6" type="stmt"/>
        <line num="902" count="6" type="stmt"/>
        <line num="904" count="0" type="stmt"/>
        <line num="905" count="0" type="cond" truecount="0" falsecount="2"/>
        <line num="909" count="18" type="stmt"/>
        <line num="910" count="6" type="cond" truecount="1" falsecount="1"/>
        <line num="911" count="6" type="stmt"/>
        <line num="912" count="6" type="stmt"/>
        <line num="913" count="6" type="stmt"/>
        <line num="918" count="0" type="stmt"/>
        <line num="919" count="0" type="cond" truecount="0" falsecount="2"/>
        <line num="923" count="18" type="stmt"/>
        <line num="924" count="0" type="stmt"/>
        <line num="925" count="0" type="cond" truecount="0" falsecount="2"/>
        <line num="929" count="18" type="stmt"/>
        <line num="931" count="0" type="cond" truecount="0" falsecount="2"/>
        <line num="932" count="0" type="stmt"/>
        <line num="933" count="0" type="stmt"/>
        <line num="936" count="0" type="cond" truecount="0" falsecount="2"/>
        <line num="937" count="0" type="stmt"/>
        <line num="940" count="0" type="stmt"/>
        <line num="941" count="0" type="stmt"/>
        <line num="942" count="0" type="stmt"/>
        <line num="943" count="0" type="stmt"/>
        <line num="944" count="0" type="stmt"/>
        <line num="945" count="0" type="stmt"/>
        <line num="946" count="0" type="stmt"/>
        <line num="948" count="0" type="stmt"/>
        <line num="949" count="0" type="cond" truecount="0" falsecount="2"/>
        <line num="951" count="0" type="stmt"/>
        <line num="957" count="18" type="stmt"/>
        <line num="959" count="0" type="cond" truecount="0" falsecount="2"/>
        <line num="960" count="0" type="stmt"/>
        <line num="962" count="0" type="cond" truecount="0" falsecount="2"/>
        <line num="963" count="0" type="stmt"/>
        <line num="964" count="0" type="stmt"/>
        <line num="966" count="0" type="stmt"/>
        <line num="967" count="0" type="stmt"/>
        <line num="968" count="0" type="stmt"/>
        <line num="969" count="0" type="stmt"/>
        <line num="970" count="0" type="stmt"/>
        <line num="972" count="0" type="stmt"/>
        <line num="973" count="0" type="cond" truecount="0" falsecount="2"/>
        <line num="979" count="18" type="stmt"/>
        <line num="980" count="0" type="cond" truecount="0" falsecount="2"/>
        <line num="981" count="0" type="stmt"/>
        <line num="982" count="0" type="stmt"/>
        <line num="985" count="0" type="stmt"/>
        <line num="986" count="0" type="stmt"/>
        <line num="992" count="0" type="stmt"/>
        <line num="997" count="0" type="stmt"/>
        <line num="998" count="0" type="stmt"/>
        <line num="999" count="0" type="stmt"/>
        <line num="1000" count="0" type="stmt"/>
        <line num="1002" count="0" type="cond" truecount="0" falsecount="2"/>
        <line num="1006" count="18" type="stmt"/>
        <line num="1008" count="0" type="cond" truecount="0" falsecount="2"/>
        <line num="1009" count="0" type="stmt"/>
        <line num="1011" count="0" type="cond" truecount="0" falsecount="2"/>
        <line num="1012" count="0" type="stmt"/>
        <line num="1013" count="0" type="stmt"/>
        <line num="1016" count="0" type="stmt"/>
        <line num="1017" count="0" type="stmt"/>
        <line num="1018" count="0" type="stmt"/>
        <line num="1019" count="0" type="stmt"/>
        <line num="1021" count="0" type="stmt"/>
        <line num="1022" count="0" type="stmt"/>
        <line num="1028" count="18" type="stmt"/>
        <line num="1029" count="1" type="cond" truecount="1" falsecount="3"/>
        <line num="1030" count="1" type="stmt"/>
        <line num="1032" count="1" type="cond" truecount="1" falsecount="1"/>
        <line num="1033" count="0" type="stmt"/>
        <line num="1034" count="0" type="cond" truecount="0" falsecount="2"/>
        <line num="1035" count="0" type="cond" truecount="0" falsecount="2"/>
        <line num="1036" count="0" type="cond" truecount="0" falsecount="2"/>
        <line num="1038" count="0" type="stmt"/>
        <line num="1041" count="1" type="stmt"/>
        <line num="1043" count="1" type="cond" truecount="1" falsecount="1"/>
        <line num="1044" count="0" type="stmt"/>
        <line num="1055" count="0" type="stmt"/>
        <line num="1056" count="0" type="stmt"/>
        <line num="1058" count="1" type="cond" truecount="1" falsecount="1"/>
        <line num="1059" count="1" type="cond" truecount="2" falsecount="0"/>
        <line num="1060" count="1" type="cond" truecount="2" falsecount="0"/>
        <line num="1063" count="1" type="stmt"/>
        <line num="1064" count="1" type="stmt"/>
        <line num="1067" count="18" type="stmt"/>
        <line num="1068" count="6" type="cond" truecount="1" falsecount="1"/>
        <line num="1069" count="0" type="stmt"/>
        <line num="1071" count="6" type="cond" truecount="0" falsecount="2"/>
        <line num="1074" count="18" type="stmt"/>
        <line num="1075" count="3" type="cond" truecount="3" falsecount="1"/>
        <line num="1076" count="0" type="stmt"/>
        <line num="1078" count="3" type="stmt"/>
        <line num="1079" count="0" type="cond" truecount="0" falsecount="3"/>
        <line num="1083" count="18" type="stmt"/>
        <line num="1084" count="1" type="cond" truecount="1" falsecount="1"/>
        <line num="1085" count="0" type="stmt"/>
        <line num="1087" count="1" type="stmt"/>
        <line num="1088" count="1" type="stmt"/>
        <line num="1089" count="0" type="cond" truecount="0" falsecount="2"/>
        <line num="1093" count="0" type="stmt"/>
        <line num="1095" count="0" type="stmt"/>
        <line num="1105" count="18" type="stmt"/>
        <line num="1106" count="2" type="cond" truecount="1" falsecount="1"/>
        <line num="1107" count="2" type="cond" truecount="1" falsecount="1"/>
        <line num="1108" count="0" type="stmt"/>
        <line num="1109" count="0" type="stmt"/>
        <line num="1111" count="2" type="cond" truecount="1" falsecount="1"/>
        <line num="1112" count="2" type="cond" truecount="1" falsecount="1"/>
        <line num="1113" count="2" type="cond" truecount="1" falsecount="1"/>
        <line num="1114" count="2" type="cond" truecount="1" falsecount="1"/>
        <line num="1115" count="2" type="cond" truecount="1" falsecount="1"/>
        <line num="1116" count="2" type="cond" truecount="1" falsecount="1"/>
        <line num="1117" count="2" type="cond" truecount="1" falsecount="1"/>
        <line num="1118" count="2" type="cond" truecount="1" falsecount="1"/>
        <line num="1119" count="2" type="cond" truecount="1" falsecount="1"/>
        <line num="1120" count="2" type="cond" truecount="1" falsecount="1"/>
        <line num="1121" count="2" type="cond" truecount="1" falsecount="1"/>
        <line num="1122" count="2" type="cond" truecount="1" falsecount="1"/>
        <line num="1123" count="2" type="cond" truecount="1" falsecount="1"/>
        <line num="1124" count="2" type="cond" truecount="1" falsecount="1"/>
        <line num="1128" count="18" type="stmt"/>
        <line num="1129" count="10" type="stmt"/>
        <line num="1171" count="18" type="stmt"/>
        <line num="1172" count="4" type="stmt"/>
        <line num="1173" count="4" type="cond" truecount="1" falsecount="1"/>
        <line num="1174" count="0" type="stmt"/>
        <line num="1177" count="4" type="stmt"/>
        <line num="1178" count="4" type="stmt"/>
        <line num="1179" count="4" type="stmt"/>
        <line num="1180" count="4" type="stmt"/>
        <line num="1182" count="4" type="stmt"/>
        <line num="1183" count="4" type="stmt"/>
        <line num="1184" count="4" type="stmt"/>
        <line num="1185" count="4" type="stmt"/>
        <line num="1189" count="18" type="stmt"/>
        <line num="1190" count="2" type="stmt"/>
        <line num="1194" count="18" type="stmt"/>
        <line num="1195" count="4" type="cond" truecount="2" falsecount="0"/>
        <line num="1196" count="2" type="stmt"/>
        <line num="1199" count="18" type="stmt"/>
        <line num="1202" count="18" type="stmt"/>
        <line num="1203" count="7" type="cond" truecount="4" falsecount="0"/>
        <line num="1204" count="1" type="stmt"/>
        <line num="1209" count="18" type="stmt"/>
        <line num="1210" count="2" type="cond" truecount="2" falsecount="2"/>
        <line num="1211" count="0" type="stmt"/>
        <line num="1215" count="18" type="stmt"/>
        <line num="1216" count="4" type="cond" truecount="2" falsecount="0"/>
        <line num="1217" count="2" type="stmt"/>
        <line num="1218" count="2" type="stmt"/>
        <line num="1220" count="2" type="cond" truecount="3" falsecount="1"/>
        <line num="1221" count="2" type="stmt"/>
        <line num="1223" count="0" type="stmt"/>
        <line num="1229" count="18" type="stmt"/>
        <line num="1230" count="0" type="stmt"/>
        <line num="1231" count="0" type="stmt"/>
        <line num="1232" count="0" type="stmt"/>
        <line num="1233" count="0" type="stmt"/>
        <line num="1234" count="0" type="stmt"/>
        <line num="1236" count="0" type="cond" truecount="0" falsecount="4"/>
        <line num="1237" count="0" type="stmt"/>
        <line num="1238" count="0" type="stmt"/>
        <line num="1241" count="0" type="cond" truecount="0" falsecount="2"/>
        <line num="1242" count="0" type="cond" truecount="0" falsecount="2"/>
        <line num="1243" count="0" type="stmt"/>
        <line num="1244" count="0" type="stmt"/>
        <line num="1247" count="0" type="cond" truecount="0" falsecount="2"/>
        <line num="1248" count="0" type="stmt"/>
        <line num="1249" count="0" type="stmt"/>
        <line num="1252" count="0" type="stmt"/>
        <line num="1253" count="0" type="cond" truecount="0" falsecount="2"/>
        <line num="1254" count="0" type="stmt"/>
        <line num="1255" count="0" type="stmt"/>
        <line num="1258" count="0" type="cond" truecount="0" falsecount="2"/>
        <line num="1259" count="0" type="stmt"/>
        <line num="1260" count="0" type="stmt"/>
        <line num="1263" count="0" type="cond" truecount="0" falsecount="2"/>
        <line num="1264" count="0" type="stmt"/>
        <line num="1265" count="0" type="stmt"/>
        <line num="1269" count="0" type="stmt"/>
        <line num="1272" count="0" type="cond" truecount="0" falsecount="2"/>
        <line num="1273" count="0" type="stmt"/>
        <line num="1274" count="0" type="stmt"/>
        <line num="1276" count="0" type="cond" truecount="0" falsecount="2"/>
        <line num="1277" count="0" type="stmt"/>
        <line num="1278" count="0" type="stmt"/>
        <line num="1279" count="0" type="stmt"/>
        <line num="1282" count="0" type="stmt"/>
        <line num="1283" count="0" type="stmt"/>
        <line num="1289" count="0" type="cond" truecount="0" falsecount="2"/>
        <line num="1290" count="0" type="stmt"/>
        <line num="1291" count="0" type="stmt"/>
        <line num="1292" count="0" type="stmt"/>
        <line num="1296" count="0" type="cond" truecount="0" falsecount="3"/>
        <line num="1297" count="0" type="stmt"/>
        <line num="1298" count="0" type="stmt"/>
        <line num="1299" count="0" type="stmt"/>
        <line num="1300" count="0" type="stmt"/>
        <line num="1302" count="0" type="stmt"/>
        <line num="1303" count="0" type="stmt"/>
        <line num="1305" count="0" type="stmt"/>
        <line num="1306" count="0" type="stmt"/>
        <line num="1307" count="0" type="stmt"/>
        <line num="1308" count="0" type="stmt"/>
        <line num="1309" count="0" type="stmt"/>
        <line num="1311" count="0" type="stmt"/>
        <line num="1315" count="18" type="stmt"/>
        <line num="1316" count="0" type="stmt"/>
        <line num="1317" count="0" type="stmt"/>
        <line num="1318" count="0" type="stmt"/>
        <line num="1319" count="0" type="stmt"/>
        <line num="1320" count="0" type="stmt"/>
        <line num="1321" count="0" type="stmt"/>
        <line num="1322" count="0" type="stmt"/>
        <line num="1327" count="18" type="stmt"/>
        <line num="1328" count="0" type="cond" truecount="0" falsecount="2"/>
        <line num="1329" count="0" type="cond" truecount="0" falsecount="2"/>
        <line num="1330" count="0" type="stmt"/>
        <line num="1331" count="0" type="stmt"/>
        <line num="1334" count="0" type="cond" truecount="0" falsecount="4"/>
        <line num="1335" count="0" type="stmt"/>
        <line num="1336" count="0" type="stmt"/>
        <line num="1339" count="0" type="cond" truecount="0" falsecount="2"/>
        <line num="1340" count="0" type="stmt"/>
        <line num="1341" count="0" type="stmt"/>
        <line num="1344" count="0" type="stmt"/>
        <line num="1345" count="0" type="stmt"/>
        <line num="1346" count="0" type="cond" truecount="0" falsecount="2"/>
        <line num="1347" count="0" type="stmt"/>
        <line num="1348" count="0" type="stmt"/>
        <line num="1349" count="0" type="stmt"/>
        <line num="1350" count="0" type="stmt"/>
        <line num="1352" count="0" type="cond" truecount="0" falsecount="2"/>
        <line num="1356" count="18" type="stmt"/>
        <line num="1357" count="0" type="cond" truecount="0" falsecount="2"/>
        <line num="1358" count="0" type="stmt"/>
        <line num="1359" count="0" type="stmt"/>
        <line num="1362" count="0" type="stmt"/>
        <line num="1363" count="0" type="stmt"/>
        <line num="1364" count="0" type="cond" truecount="0" falsecount="2"/>
        <line num="1365" count="0" type="stmt"/>
        <line num="1366" count="0" type="stmt"/>
        <line num="1369" count="0" type="stmt"/>
        <line num="1373" count="0" type="stmt"/>
        <line num="1377" count="0" type="stmt"/>
        <line num="1378" count="0" type="stmt"/>
        <line num="1379" count="0" type="stmt"/>
        <line num="1381" count="0" type="cond" truecount="0" falsecount="2"/>
        <line num="1382" count="0" type="stmt"/>
        <line num="1386" count="18" type="stmt"/>
        <line num="1387" count="0" type="cond" truecount="0" falsecount="2"/>
        <line num="1388" count="0" type="stmt"/>
        <line num="1389" count="0" type="stmt"/>
        <line num="1392" count="0" type="stmt"/>
        <line num="1393" count="0" type="stmt"/>
        <line num="1394" count="0" type="cond" truecount="0" falsecount="2"/>
        <line num="1395" count="0" type="cond" truecount="0" falsecount="2"/>
        <line num="1396" count="0" type="stmt"/>
        <line num="1404" count="0" type="stmt"/>
        <line num="1408" count="0" type="stmt"/>
        <line num="1409" count="0" type="stmt"/>
        <line num="1410" count="0" type="stmt"/>
[...]
        <line num="1704" count="0" type="stmt"/>
        <line num="1705" count="0" type="stmt"/>
        <line num="1706" count="0" type="cond" truecount="0" falsecount="5"/>
        <line num="1707" count="0" type="stmt"/>
        <line num="1711" count="0" type="cond" truecount="0" falsecount="2"/>
        <line num="1712" count="0" type="stmt"/>
        <line num="1715" count="0" type="stmt"/>
        <line num="1726" count="0" type="cond" truecount="0" falsecount="2"/>
        <line num="1729" count="0" type="cond" truecount="0" falsecount="2"/>
        <line num="1730" count="0" type="cond" truecount="0" falsecount="2"/>
        <line num="1731" count="0" type="cond" truecount="0" falsecount="2"/>
        <line num="1732" count="0" type="stmt"/>
        <line num="1733" count="0" type="stmt"/>
        <line num="1735" count="0" type="stmt"/>
        <line num="1736" count="0" type="stmt"/>
        <line num="1738" count="0" type="stmt"/>
        <line num="1739" count="0" type="stmt"/>
        <line num="1740" count="0" type="cond" truecount="0" falsecount="2"/>
        <line num="1744" count="18" type="stmt"/>
        <line num="1745" count="0" type="cond" truecount="0" falsecount="4"/>
        <line num="1746" count="0" type="cond" truecount="0" falsecount="2"/>
        <line num="1747" count="0" type="stmt"/>
        <line num="1748" count="0" type="stmt"/>
        <line num="1751" count="0" type="stmt"/>
        <line num="1752" count="0" type="stmt"/>
        <line num="1753" count="0" type="stmt"/>
        <line num="1754" count="0" type="stmt"/>
        <line num="1756" count="0" type="cond" truecount="0" falsecount="2"/>
        <line num="1760" count="18" type="stmt"/>
        <line num="1761" count="0" type="cond" truecount="0" falsecount="5"/>
        <line num="1762" count="0" type="stmt"/>
        <line num="1763" count="0" type="stmt"/>
        <line num="1766" count="0" type="stmt"/>
        <line num="1773" count="0" type="stmt"/>
        <line num="1774" count="0" type="stmt"/>
        <line num="1775" count="0" type="stmt"/>
        <line num="1776" count="0" type="stmt"/>
        <line num="1777" count="0" type="stmt"/>
        <line num="1778" count="0" type="stmt"/>
        <line num="1779" count="0" type="stmt"/>
        <line num="1782" count="18" type="stmt"/>
        <line num="1783" count="0" type="cond" truecount="0" falsecount="2"/>
        <line num="1784" count="0" type="cond" truecount="0" falsecount="2"/>
        <line num="1786" count="0" type="stmt"/>
        <line num="1787" count="0" type="stmt"/>
        <line num="1788" count="0" type="cond" truecount="0" falsecount="2"/>
        <line num="1800" count="0" type="stmt"/>
        <line num="1801" count="0" type="stmt"/>
        <line num="1806" count="18" type="cond" truecount="2" falsecount="0"/>
        <line num="1807" count="2" type="cond" truecount="1" falsecount="1"/>
        <line num="1808" count="2" type="stmt"/>
        <line num="1810" count="0" type="stmt"/>
        <line num="1811" count="0" type="stmt"/>
        <line num="1812" count="0" type="stmt"/>
        <line num="1817" count="0" type="stmt"/>
        <line num="1823" count="0" type="stmt"/>
        <line num="1826" count="0" type="stmt"/>
        <line num="1827" count="0" type="stmt"/>
        <line num="1850" count="0" type="stmt"/>
        <line num="1856" count="0" type="stmt"/>
        <line num="1878" count="0" type="stmt"/>
        <line num="1887" count="0" type="stmt"/>
        <line num="1897" count="0" type="stmt"/>
        <line num="1899" count="0" type="cond" truecount="0" falsecount="2"/>
        <line num="1903" count="0" type="stmt"/>
        <line num="1916" count="0" type="stmt"/>
        <line num="1918" count="0" type="cond" truecount="0" falsecount="2"/>
        <line num="1947" count="0" type="stmt"/>
        <line num="1972" count="0" type="stmt"/>
        <line num="1973" count="0" type="stmt"/>
        <line num="1974" count="0" type="stmt"/>
        <line num="1975" count="0" type="stmt"/>
        <line num="1976" count="0" type="stmt"/>
        <line num="1977" count="0" type="stmt"/>
        <line num="1991" count="16" type="cond" truecount="3" falsecount="2"/>
        <line num="1992" count="0" type="stmt"/>
        <line num="1996" count="0" type="stmt"/>
        <line num="2002" count="0" type="stmt"/>
        <line num="2029" count="0" type="stmt"/>
        <line num="2039" count="16" type="cond" truecount="2" falsecount="0"/>
        <line num="2040" count="6" type="stmt"/>
        <line num="2045" count="0" type="stmt"/>
        <line num="2066" count="10" type="cond" truecount="1" falsecount="1"/>
        <line num="2067" count="0" type="stmt"/>
        <line num="2068" count="0" type="stmt"/>
        <line num="2076" count="10" type="cond" truecount="1" falsecount="1"/>
        <line num="2077" count="0" type="stmt"/>
        <line num="2078" count="0" type="stmt"/>
        <line num="2099" count="0" type="stmt"/>
        <line num="2107" count="10" type="cond" truecount="1" falsecount="1"/>
        <line num="2108" count="0" type="stmt"/>
        <line num="2109" count="0" type="stmt"/>
        <line num="2113" count="0" type="stmt"/>
        <line num="2114" count="0" type="cond" truecount="0" falsecount="2"/>
        <line num="2115" count="0" type="cond" truecount="0" falsecount="2"/>
        <line num="2126" count="10" type="cond" truecount="1" falsecount="1"/>
        <line num="2127" count="0" type="stmt"/>
        <line num="2128" count="0" type="stmt"/>
        <line num="2133" count="0" type="stmt"/>
        <line num="2148" count="0" type="stmt"/>
        <line num="2154" count="0" type="stmt"/>
        <line num="2162" count="0" type="stmt"/>
        <line num="2197" count="0" type="stmt"/>
        <line num="2214" count="10" type="cond" truecount="1" falsecount="1"/>
        <line num="2215" count="0" type="stmt"/>
        <line num="2216" count="0" type="stmt"/>
        <line num="2221" count="0" type="stmt"/>
        <line num="2236" count="0" type="stmt"/>
        <line num="2242" count="0" type="stmt"/>
        <line num="2250" count="0" type="stmt"/>
        <line num="2257" count="0" type="stmt"/>
        <line num="2264" count="0" type="stmt"/>
        <line num="2299" count="0" type="stmt"/>
        <line num="2316" count="10" type="cond" truecount="1" falsecount="1"/>
        <line num="2317" count="0" type="stmt"/>
        <line num="2318" count="0" type="stmt"/>
        <line num="2319" count="0" type="stmt"/>
        <line num="2326" count="10" type="cond" truecount="1" falsecount="1"/>
        <line num="2327" count="0" type="stmt"/>
        <line num="2330" count="0" type="stmt"/>
        <line num="2347" count="0" type="stmt"/>
        <line num="2348" count="0" type="stmt"/>
        <line num="2349" count="0" type="stmt"/>
        <line num="2357" count="0" type="stmt"/>
        <line num="2358" count="0" type="stmt"/>
        <line num="2359" count="0" type="stmt"/>
        <line num="2367" count="0" type="stmt"/>
        <line num="2368" count="0" type="cond" truecount="0" falsecount="2"/>
        <line num="2369" count="0" type="stmt"/>
        <line num="2371" count="0" type="stmt"/>
        <line num="2385" count="10" type="cond" truecount="1" falsecount="1"/>
        <line num="2386" count="0" type="stmt"/>
        <line num="2387" count="0" type="stmt"/>
        <line num="2395" count="10" type="cond" truecount="2" falsecount="0"/>
        <line num="2396" count="6" type="stmt"/>
        <line num="2397" count="0" type="stmt"/>
        <line num="2420" count="4" type="cond" truecount="1" falsecount="1"/>
        <line num="2422" count="0" type="cond" truecount="0" falsecount="2"/>
        <line num="2423" count="0" type="stmt"/>
        <line num="2424" count="0" type="stmt"/>
        <line num="2426" count="0" type="cond" truecount="0" falsecount="2"/>
        <line num="2427" count="0" type="stmt"/>
        <line num="2435" count="4" type="cond" truecount="1" falsecount="1"/>
        <line num="2436" count="0" type="stmt"/>
        <line num="2437" count="0" type="stmt"/>
        <line num="2454" count="4" type="cond" truecount="2" falsecount="0"/>
        <line num="2455" count="3" type="stmt"/>
        <line num="2456" count="0" type="stmt"/>
        <line num="2474" count="1" type="cond" truecount="1" falsecount="1"/>
        <line num="2475" count="0" type="stmt"/>
        <line num="2476" count="0" type="stmt"/>
        <line num="2492" count="1" type="cond" truecount="1" falsecount="1"/>
        <line num="2493" count="0" type="stmt"/>
        <line num="2494" count="0" type="stmt"/>
        <line num="2516" count="1" type="cond" truecount="1" falsecount="1"/>
        <line num="2517" count="0" type="stmt"/>
        <line num="2518" count="0" type="stmt"/>
        <line num="2548" count="1" type="cond" truecount="1" falsecount="1"/>
        <line num="2549" count="0" type="stmt"/>
        <line num="2552" count="0" type="stmt"/>
        <line num="2558" count="0" type="stmt"/>
        <line num="2559" count="0" type="stmt"/>
        <line num="2566" count="1" type="cond" truecount="1" falsecount="1"/>
        <line num="2567" count="1" type="cond" truecount="1" falsecount="1"/>
        <line num="2568" count="1" type="stmt"/>
        <line num="2569" count="1" type="cond" truecount="1" falsecount="1"/>
        <line num="2571" count="1" type="stmt"/>
        <line num="2572" count="0" type="stmt"/>
        <line num="2578" count="0" type="stmt"/>
        <line num="2580" count="0" type="stmt"/>
        <line num="2582" count="0" type="stmt"/>
        <line num="2597" count="0" type="stmt"/>
        <line num="2598" count="0" type="stmt"/>
        <line num="2599" count="0" type="stmt"/>
        <line num="2608" count="0" type="stmt"/>
        <line num="2609" count="0" type="stmt"/>
      </file>
    </package>
    <package name="src.services">
      <metrics statements="106" coveredstatements="15" conditionals="72" coveredconditionals="7" methods="42" coveredmethods="4"/>
      <file name="api.js" path="C:\Users\JamesProsper\lakay\src\services\api.js">
        <metrics statements="66" coveredstatements="10" conditionals="64" coveredconditionals="5" methods="13" coveredmethods="3"/>
        <line num="3" count="2" type="stmt"/>
        <line num="4" count="2" type="stmt"/>
        <line num="8" count="2" type="stmt"/>
        <line num="9" count="2" type="cond" truecount="3" falsecount="1"/>
        <line num="10" count="2" type="stmt"/>
        <line num="13" count="2" type="stmt"/>
        <line num="14" count="2" type="stmt"/>
        <line num="15" count="2" type="stmt"/>
        <line num="18" count="0" type="stmt"/>
        <line num="19" count="0" type="cond" truecount="0" falsecount="2"/>
        <line num="21" count="0" type="stmt"/>
        <line num="28" count="2" type="stmt"/>
        <line num="29" count="2" type="stmt"/>
        <line num="33" count="0" type="stmt"/>
        <line num="37" count="0" type="cond" truecount="0" falsecount="4"/>
        <line num="38" count="0" type="stmt"/>
        <line num="44" count="0" type="stmt"/>
        <line num="45" count="0" type="cond" truecount="0" falsecount="2"/>
        <line num="46" count="0" type="stmt"/>
        <line num="48" count="0" type="stmt"/>
        <line num="52" count="0" type="stmt"/>
        <line num="53" count="0" type="stmt"/>
        <line num="54" count="0" type="stmt"/>
        <line num="58" count="0" type="cond" truecount="0" falsecount="3"/>
        <line num="62" count="0" type="stmt"/>
        <line num="66" count="0" type="stmt"/>
        <line num="67" count="0" type="stmt"/>
        <line num="69" count="0" type="cond" truecount="0" falsecount="2"/>
        <line num="70" count="0" type="stmt"/>
        <line num="73" count="0" type="cond" truecount="0" falsecount="2"/>
        <line num="74" count="0" type="stmt"/>
        <line num="75" count="0" type="cond" truecount="0" falsecount="2"/>
        <line num="76" count="0" type="stmt"/>
        <line num="80" count="0" type="stmt"/>
        <line num="81" count="0" type="stmt"/>
        <line num="87" count="0" type="cond" truecount="0" falsecount="2"/>
        <line num="88" count="0" type="stmt"/>
        <line num="89" count="0" type="cond" truecount="0" falsecount="2"/>
        <line num="92" count="0" type="cond" truecount="0" falsecount="5"/>
        <line num="93" count="0" type="stmt"/>
        <line num="94" count="0" type="stmt"/>
        <line num="96" count="0" type="stmt"/>
        <line num="97" count="0" type="cond" truecount="0" falsecount="2"/>
        <line num="98" count="0" type="stmt"/>
        <line num="99" count="0" type="stmt"/>
        <line num="104" count="0" type="cond" truecount="0" falsecount="2"/>
        <line num="108" count="0" type="stmt"/>
        <line num="109" count="0" type="stmt"/>
        <line num="113" count="0" type="cond" truecount="0" falsecount="2"/>
        <line num="114" count="0" type="cond" truecount="0" falsecount="4"/>
        <line num="115" count="0" type="stmt"/>
        <line num="120" count="0" type="cond" truecount="0" falsecount="2"/>
        <line num="123" count="0" type="stmt"/>
        <line num="125" count="0" type="stmt"/>
        <line num="129" count="0" type="stmt"/>
        <line num="134" count="0" type="stmt"/>
        <line num="135" count="0" type="cond" truecount="0" falsecount="2"/>
        <line num="136" count="0" type="stmt"/>
        <line num="138" count="0" type="stmt"/>
        <line num="142" count="0" type="cond" truecount="0" falsecount="2"/>
        <line num="143" count="0" type="stmt"/>
        <line num="144" count="0" type="stmt"/>
        <line num="145" count="0" type="cond" truecount="0" falsecount="2"/>
        <line num="146" count="0" type="stmt"/>
        <line num="147" count="0" type="stmt"/>
        <line num="150" count="0" type="stmt"/>
      </file>
      <file name="auth.js" path="C:\Users\JamesProsper\lakay\src\services\auth.js">
        <metrics statements="29" coveredstatements="0" conditionals="0" coveredconditionals="0" methods="25" coveredmethods="0"/>
        <line num="4" count="0" type="stmt"/>
        <line num="8" count="0" type="stmt"/>
        <line num="9" count="0" type="stmt"/>
        <line num="13" count="0" type="stmt"/>
        <line num="17" count="0" type="stmt"/>
        <line num="18" count="0" type="stmt"/>
        <line num="22" count="0" type="stmt"/>
        <line num="26" count="0" type="stmt"/>
        <line num="30" count="0" type="stmt"/>
        <line num="34" count="0" type="stmt"/>
        <line num="38" count="0" type="stmt"/>
        <line num="46" count="0" type="stmt"/>
        <line num="53" count="0" type="stmt"/>
        <line num="61" count="0" type="stmt"/>
        <line num="68" count="0" type="stmt"/>
        <line num="75" count="0" type="stmt"/>
        <line num="82" count="0" type="stmt"/>
        <line num="89" count="0" type="stmt"/>
        <line num="97" count="0" type="stmt"/>
        <line num="105" count="0" type="stmt"/>
        <line num="112" count="0" type="stmt"/>
        <line num="119" count="0" type="stmt"/>
        <line num="126" count="0" type="stmt"/>
        <line num="133" count="0" type="stmt"/>
        <line num="141" count="0" type="stmt"/>
        <line num="148" count="0" type="stmt"/>
        <line num="156" count="0" type="stmt"/>
        <line num="163" count="0" type="stmt"/>
        <line num="170" count="0" type="stmt"/>
      </file>
      <file name="i18n.js" path="C:\Users\JamesProsper\lakay\src\services\i18n.js">
        <metrics statements="11" coveredstatements="5" conditionals="8" coveredconditionals="2" methods="4" coveredmethods="1"/>
        <line num="6" count="2" type="stmt"/>
        <line num="8" count="2" type="stmt"/>
        <line num="11" count="0" type="cond" truecount="0" falsecount="2"/>
        <line num="12" count="0" type="stmt"/>
        <line num="13" count="0" type="stmt"/>
        <line num="18" count="0" type="stmt"/>
        <line num="22" count="0" type="cond" truecount="0" falsecount="2"/>
        <line num="26" count="2" type="stmt"/>
        <line num="27" count="2" type="cond" truecount="2" falsecount="2"/>
        <line num="28" count="0" type="stmt"/>
        <line num="33" count="2" type="stmt"/>
      </file>
    </package>
    <package name="src.utils">
      <metrics statements="48" coveredstatements="13" conditionals="26" coveredconditionals="6" methods="13" coveredmethods="5"/>
      <file name="constants.js" path="C:\Users\JamesProsper\lakay\src\utils\constants.js">
        <metrics statements="3" coveredstatements="3" conditionals="0" coveredconditionals="0" methods="0" coveredmethods="0"/>
        <line num="1" count="2" type="stmt"/>
        <line num="3" count="2" type="stmt"/>
        <line num="9" count="2" type="stmt"/>
      </file>
      <file name="helpers.js" path="C:\Users\JamesProsper\lakay\src\utils\helpers.js">
        <metrics statements="40" coveredstatements="5" conditionals="20" coveredconditionals="1" methods="10" coveredmethods="2"/>
        <line num="4" count="2" type="stmt"/>
        <line num="5" count="2" type="stmt"/>
        <line num="6" count="2" type="cond" truecount="1" falsecount="1"/>
        <line num="8" count="0" type="stmt"/>
        <line num="13" count="10" type="stmt"/>
        <line num="14" count="10" type="stmt"/>
        <line num="16" count="0" type="stmt"/>
        <line num="21" count="0" type="stmt"/>
        <line num="22" count="0" type="stmt"/>
        <line num="26" count="0" type="stmt"/>
        <line num="27" count="0" type="cond" truecount="0" falsecount="2"/>
        <line num="28" count="0" type="cond" truecount="0" falsecount="2"/>
        <line num="29" count="0" type="cond" truecount="0" falsecount="2"/>
        <line num="30" count="0" type="cond" truecount="0" falsecount="2"/>
        <line num="31" count="0" type="cond" truecount="0" falsecount="2"/>
        <line num="32" count="0" type="stmt"/>
        <line num="36" count="0" type="stmt"/>
        <line num="37" count="0" type="stmt"/>
        <line num="41" count="0" type="stmt"/>
        <line num="42" count="0" type="stmt"/>
        <line num="43" count="0" type="stmt"/>
        <line num="44" count="0" type="stmt"/>
        <line num="45" count="0" type="stmt"/>
        <line num="46" count="0" type="stmt"/>
        <line num="47" count="0" type="stmt"/>
        <line num="48" count="0" type="stmt"/>
        <line num="50" count="0" type="cond" truecount="0" falsecount="2"/>
        <line num="51" count="0" type="cond" truecount="0" falsecount="2"/>
        <line num="52" count="0" type="stmt"/>
        <line num="53" count="0" type="stmt"/>
        <line num="56" count="0" type="cond" truecount="0" falsecount="2"/>
        <line num="57" count="0" type="stmt"/>
        <line num="58" count="0" type="stmt"/>
        <line num="62" count="0" type="stmt"/>
        <line num="63" count="0" type="stmt"/>
        <line num="64" count="0" type="stmt"/>
        <line num="65" count="0" type="stmt"/>
        <line num="67" count="0" type="stmt"/>
        <line num="69" count="0" type="stmt"/>
        <line num="71" count="0" type="stmt"/>
      </file>
      <file name="privateMessages.js" path="C:\Users\JamesProsper\lakay\src\utils\privateMessages.js">
        <metrics statements="5" coveredstatements="5" conditionals="6" coveredconditionals="5" methods="3" coveredmethods="3"/>
        <line num="2" count="6" type="cond" truecount="2" falsecount="0"/>
        <line num="3" count="5" type="stmt"/>
        <line num="4" count="5" type="cond" truecount="2" falsecount="0"/>
        <line num="5" count="2" type="cond" truecount="1" falsecount="1"/>
        <line num="7" count="3" type="stmt"/>
      </file>
    </package>
  </project>
</coverage>
