{"C:\\Users\\JamesProsper\\lakay\\shared\\photoFilters.js": {"path":"C:\\Users\\JamesProsper\\lakay\\shared\\photoFilters.js","statementMap":{"0":{"start":{"line":1,"column":29},"end":{"line":6,"column":1}},"1":{"start":{"line":8,"column":34},"end":{"line":8,"column":35}}},"fnMap":{},"branchMap":{},"s":{"0":2,"1":2},"f":{},"b":{},"meta":{"lastBranch":0,"lastFunction":0,"lastStatement":2,"seen":{"s:1:29:6:1":0,"s:8:34:8:35":1}}}
,"C:\\Users\\JamesProsper\\lakay\\src\\components\\AllUsers.jsx": {"path":"C:\\Users\\JamesProsper\\lakay\\src\\components\\AllUsers.jsx","statementMap":{"0":{"start":{"line":4,"column":2},"end":{"line":58,"column":null}},"1":{"start":{"line":12,"column":10},"end":{"line":55,"column":null}},"2":{"start":{"line":20,"column":37},"end":{"line":20,"column":52}},"3":{"start":{"line":26,"column":31},"end":{"line":26,"column":null}},"4":{"start":{"line":33,"column":33},"end":{"line":33,"column":null}},"5":{"start":{"line":33,"column":57},"end":{"line":33,"column":90}},"6":{"start":{"line":46,"column":20},"end":{"line":46,"column":null}},"7":{"start":{"line":47,"column":20},"end":{"line":47,"column":null}}},"fnMap":{"0":{"name":"AllUsers","decl":{"start":{"line":3,"column":24},"end":{"line":3,"column":33}},"loc":{"start":{"line":3,"column":144},"end":{"line":60,"column":null}},"line":3},"1":{"name":"(anonymous_1)","decl":{"start":{"line":11,"column":21},"end":{"line":11,"column":22}},"loc":{"start":{"line":12,"column":10},"end":{"line":55,"column":null}},"line":12},"2":{"name":"(anonymous_2)","decl":{"start":{"line":20,"column":30},"end":{"line":20,"column":31}},"loc":{"start":{"line":20,"column":37},"end":{"line":20,"column":52}},"line":20},"3":{"name":"(anonymous_3)","decl":{"start":{"line":26,"column":25},"end":{"line":26,"column":31}},"loc":{"start":{"line":26,"column":31},"end":{"line":26,"column":null}},"line":26},"4":{"name":"(anonymous_4)","decl":{"start":{"line":33,"column":27},"end":{"line":33,"column":33}},"loc":{"start":{"line":33,"column":33},"end":{"line":33,"column":null}},"line":33},"5":{"name":"(anonymous_5)","decl":{"start":{"line":33,"column":46},"end":{"line":33,"column":47}},"loc":{"start":{"line":33,"column":57},"end":{"line":33,"column":90}},"line":33},"6":{"name":"(anonymous_6)","decl":{"start":{"line":45,"column":27},"end":{"line":45,"column":33}},"loc":{"start":{"line":45,"column":33},"end":{"line":48,"column":null}},"line":45}},"branchMap":{"0":{"loc":{"start":{"line":6,"column":7},"end":{"line":56,"column":null}},"type":"cond-expr","locations":[{"start":{"line":7,"column":8},"end":{"line":9,"column":null}},{"start":{"line":11,"column":8},"end":{"line":56,"column":null}}],"line":6},"1":{"loc":{"start":{"line":31,"column":15},"end":{"line":41,"column":null}},"type":"binary-expr","locations":[{"start":{"line":31,"column":15},"end":{"line":31,"column":null}},{"start":{"line":32,"column":16},"end":{"line":41,"column":null}}],"line":31},"2":{"loc":{"start":{"line":35,"column":20},"end":{"line":37,"column":null}},"type":"cond-expr","locations":[{"start":{"line":36,"column":24},"end":{"line":36,"column":null}},{"start":{"line":37,"column":24},"end":{"line":37,"column":null}}],"line":35},"3":{"loc":{"start":{"line":40,"column":19},"end":{"line":40,"column":null}},"type":"cond-expr","locations":[{"start":{"line":40,"column":37},"end":{"line":40,"column":53}},{"start":{"line":40,"column":53},"end":{"line":40,"column":null}}],"line":40},"4":{"loc":{"start":{"line":43,"column":15},"end":{"line":52,"column":null}},"type":"binary-expr","locations":[{"start":{"line":43,"column":15},"end":{"line":43,"column":null}},{"start":{"line":44,"column":16},"end":{"line":52,"column":null}}],"line":43}},"s":{"0":4,"1":8,"2":2,"3":2,"4":0,"5":0,"6":1,"7":1},"f":{"0":4,"1":8,"2":2,"3":2,"4":0,"5":0,"6":1},"b":{"0":[0,4],"1":[8,4],"2":[0,4],"3":[0,4],"4":[8,4]},"meta":{"lastBranch":5,"lastFunction":7,"lastStatement":8,"seen":{"f:3:24:3:33":0,"s:4:2:58:Infinity":0,"b:7:8:9:Infinity:11:8:56:Infinity":0,"f:11:21:11:22":1,"s:12:10:55:Infinity":1,"f:20:30:20:31":2,"s:20:37:20:52":2,"f:26:25:26:31":3,"s:26:31:26:Infinity":3,"b:31:15:31:Infinity:32:16:41:Infinity":1,"f:33:27:33:33":4,"s:33:33:33:Infinity":4,"f:33:46:33:47":5,"s:33:57:33:90":5,"b:36:24:36:Infinity:37:24:37:Infinity":2,"b:40:37:40:53:40:53:40:Infinity":3,"b:43:15:43:Infinity:44:16:52:Infinity":4,"f:45:27:45:33":6,"s:46:20:46:Infinity":6,"s:47:20:47:Infinity":7}}}
,"C:\\Users\\JamesProsper\\lakay\\src\\components\\Classmates.jsx": {"path":"C:\\Users\\JamesProsper\\lakay\\src\\components\\Classmates.jsx","statementMap":{"0":{"start":{"line":29,"column":2},"end":{"line":125,"column":null}},"1":{"start":{"line":34,"column":33},"end":{"line":34,"column":57}},"2":{"start":{"line":38,"column":12},"end":{"line":41,"column":null}},"3":{"start":{"line":38,"column":46},"end":{"line":38,"column":73}},"4":{"start":{"line":49,"column":56},"end":{"line":49,"column":90}},"5":{"start":{"line":50,"column":56},"end":{"line":50,"column":90}},"6":{"start":{"line":53,"column":60},"end":{"line":53,"column":97}},"7":{"start":{"line":64,"column":14},"end":{"line":91,"column":null}},"8":{"start":{"line":78,"column":24},"end":{"line":81,"column":null}},"9":{"start":{"line":87,"column":75},"end":{"line":87,"column":137}},"10":{"start":{"line":87,"column":98},"end":{"line":87,"column":134}},"11":{"start":{"line":87,"column":243},"end":{"line":87,"column":289}},"12":{"start":{"line":88,"column":43},"end":{"line":88,"column":68}},"13":{"start":{"line":102,"column":58},"end":{"line":102,"column":92}},"14":{"start":{"line":103,"column":58},"end":{"line":103,"column":92}},"15":{"start":{"line":104,"column":65},"end":{"line":104,"column":105}},"16":{"start":{"line":120,"column":39},"end":{"line":120,"column":64}},"17":{"start":{"line":120,"column":64},"end":{"line":120,"column":86}},"18":{"start":{"line":120,"column":86},"end":{"line":120,"column":108}},"19":{"start":{"line":120,"column":108},"end":{"line":120,"column":136}},"20":{"start":{"line":129,"column":0},"end":{"line":153,"column":null}}},"fnMap":{"0":{"name":"Classmates","decl":{"start":{"line":4,"column":24},"end":{"line":4,"column":35}},"loc":{"start":{"line":28,"column":3},"end":{"line":127,"column":null}},"line":28},"1":{"name":"(anonymous_1)","decl":{"start":{"line":34,"column":27},"end":{"line":34,"column":33}},"loc":{"start":{"line":34,"column":33},"end":{"line":34,"column":57}},"line":34},"2":{"name":"(anonymous_2)","decl":{"start":{"line":37,"column":23},"end":{"line":37,"column":24}},"loc":{"start":{"line":38,"column":12},"end":{"line":41,"column":null}},"line":38},"3":{"name":"(anonymous_3)","decl":{"start":{"line":38,"column":40},"end":{"line":38,"column":46}},"loc":{"start":{"line":38,"column":46},"end":{"line":38,"column":73}},"line":38},"4":{"name":"(anonymous_4)","decl":{"start":{"line":49,"column":49},"end":{"line":49,"column":50}},"loc":{"start":{"line":49,"column":56},"end":{"line":49,"column":90}},"line":49},"5":{"name":"(anonymous_5)","decl":{"start":{"line":50,"column":49},"end":{"line":50,"column":50}},"loc":{"start":{"line":50,"column":56},"end":{"line":50,"column":90}},"line":50},"6":{"name":"(anonymous_6)","decl":{"start":{"line":53,"column":53},"end":{"line":53,"column":54}},"loc":{"start":{"line":53,"column":60},"end":{"line":53,"column":97}},"line":53},"7":{"name":"(anonymous_7)","decl":{"start":{"line":63,"column":33},"end":{"line":63,"column":34}},"loc":{"start":{"line":64,"column":14},"end":{"line":91,"column":null}},"line":64},"8":{"name":"(anonymous_8)","decl":{"start":{"line":77,"column":37},"end":{"line":77,"column":38}},"loc":{"start":{"line":78,"column":24},"end":{"line":81,"column":null}},"line":78},"9":{"name":"(anonymous_9)","decl":{"start":{"line":87,"column":68},"end":{"line":87,"column":69}},"loc":{"start":{"line":87,"column":75},"end":{"line":87,"column":137}},"line":87},"10":{"name":"(anonymous_10)","decl":{"start":{"line":87,"column":89},"end":{"line":87,"column":98}},"loc":{"start":{"line":87,"column":98},"end":{"line":87,"column":134}},"line":87},"11":{"name":"(anonymous_11)","decl":{"start":{"line":87,"column":236},"end":{"line":87,"column":237}},"loc":{"start":{"line":87,"column":243},"end":{"line":87,"column":289}},"line":87},"12":{"name":"(anonymous_12)","decl":{"start":{"line":88,"column":37},"end":{"line":88,"column":43}},"loc":{"start":{"line":88,"column":43},"end":{"line":88,"column":68}},"line":88},"13":{"name":"(anonymous_13)","decl":{"start":{"line":102,"column":51},"end":{"line":102,"column":52}},"loc":{"start":{"line":102,"column":58},"end":{"line":102,"column":92}},"line":102},"14":{"name":"(anonymous_14)","decl":{"start":{"line":103,"column":51},"end":{"line":103,"column":52}},"loc":{"start":{"line":103,"column":58},"end":{"line":103,"column":92}},"line":103},"15":{"name":"(anonymous_15)","decl":{"start":{"line":104,"column":58},"end":{"line":104,"column":59}},"loc":{"start":{"line":104,"column":65},"end":{"line":104,"column":105}},"line":104},"16":{"name":"(anonymous_16)","decl":{"start":{"line":120,"column":31},"end":{"line":120,"column":37}},"loc":{"start":{"line":120,"column":37},"end":{"line":120,"column":139}},"line":120}},"branchMap":{"0":{"loc":{"start":{"line":38,"column":139},"end":{"line":38,"column":256}},"type":"cond-expr","locations":[{"start":{"line":38,"column":167},"end":{"line":38,"column":208}},{"start":{"line":38,"column":208},"end":{"line":38,"column":256}}],"line":38},"1":{"loc":{"start":{"line":59,"column":9},"end":{"line":93,"column":null}},"type":"cond-expr","locations":[{"start":{"line":60,"column":10},"end":{"line":60,"column":null}},{"start":{"line":62,"column":10},"end":{"line":93,"column":null}}],"line":59},"2":{"loc":{"start":{"line":66,"column":78},"end":{"line":66,"column":113}},"type":"cond-expr","locations":[{"start":{"line":66,"column":87},"end":{"line":66,"column":110}},{"start":{"line":66,"column":110},"end":{"line":66,"column":113}}],"line":66},"3":{"loc":{"start":{"line":68,"column":17},"end":{"line":68,"column":null}},"type":"binary-expr","locations":[{"start":{"line":68,"column":17},"end":{"line":68,"column":30}},{"start":{"line":68,"column":30},"end":{"line":68,"column":null}}],"line":68},"4":{"loc":{"start":{"line":73,"column":19},"end":{"line":83,"column":null}},"type":"cond-expr","locations":[{"start":{"line":74,"column":20},"end":{"line":74,"column":null}},{"start":{"line":76,"column":20},"end":{"line":83,"column":null}}],"line":73},"5":{"loc":{"start":{"line":87,"column":34},"end":{"line":87,"column":58}},"type":"binary-expr","locations":[{"start":{"line":87,"column":34},"end":{"line":87,"column":54}},{"start":{"line":87,"column":54},"end":{"line":87,"column":58}}],"line":87},"6":{"loc":{"start":{"line":87,"column":243},"end":{"line":87,"column":289}},"type":"binary-expr","locations":[{"start":{"line":87,"column":243},"end":{"line":87,"column":264}},{"start":{"line":87,"column":264},"end":{"line":87,"column":289}}],"line":87},"7":{"loc":{"start":{"line":98,"column":7},"end":{"line":123,"column":null}},"type":"binary-expr","locations":[{"start":{"line":98,"column":7},"end":{"line":98,"column":null}},{"start":{"line":99,"column":8},"end":{"line":123,"column":null}}],"line":98}},"s":{"0":1,"1":0,"2":1,"3":0,"4":0,"5":0,"6":0,"7":0,"8":0,"9":0,"10":0,"11":0,"12":0,"13":0,"14":0,"15":0,"16":0,"17":0,"18":0,"19":0,"20":3},"f":{"0":1,"1":0,"2":1,"3":0,"4":0,"5":0,"6":0,"7":0,"8":0,"9":0,"10":0,"11":0,"12":0,"13":0,"14":0,"15":0,"16":0},"b":{"0":[1,0],"1":[1,0],"2":[0,0],"3":[0,0],"4":[0,0],"5":[0,0],"6":[0,0],"7":[1,0]},"meta":{"lastBranch":8,"lastFunction":17,"lastStatement":21,"seen":{"f:4:24:4:35":0,"s:29:2:125:Infinity":0,"f:34:27:34:33":1,"s:34:33:34:57":1,"f:37:23:37:24":2,"s:38:12:41:Infinity":2,"f:38:40:38:46":3,"s:38:46:38:73":3,"b:38:167:38:208:38:208:38:256":0,"f:49:49:49:50":4,"s:49:56:49:90":4,"f:50:49:50:50":5,"s:50:56:50:90":5,"f:53:53:53:54":6,"s:53:60:53:97":6,"b:60:10:60:Infinity:62:10:93:Infinity":1,"f:63:33:63:34":7,"s:64:14:91:Infinity":7,"b:66:87:66:110:66:110:66:113":2,"b:68:17:68:30:68:30:68:Infinity":3,"b:74:20:74:Infinity:76:20:83:Infinity":4,"f:77:37:77:38":8,"s:78:24:81:Infinity":8,"b:87:34:87:54:87:54:87:58":5,"f:87:68:87:69":9,"s:87:75:87:137":9,"f:87:89:87:98":10,"s:87:98:87:134":10,"f:87:236:87:237":11,"s:87:243:87:289":11,"b:87:243:87:264:87:264:87:289":6,"f:88:37:88:43":12,"s:88:43:88:68":12,"b:98:7:98:Infinity:99:8:123:Infinity":7,"f:102:51:102:52":13,"s:102:58:102:92":13,"f:103:51:103:52":14,"s:103:58:103:92":14,"f:104:58:104:59":15,"s:104:65:104:105":15,"f:120:31:120:37":16,"s:120:39:120:64":16,"s:120:64:120:86":17,"s:120:86:120:108":18,"s:120:108:120:136":19,"s:129:0:153:Infinity":20}}}
,"C:\\Users\\JamesProsper\\lakay\\src\\components\\Feed.jsx": {"path":"C:\\Users\\JamesProsper\\lakay\\src\\components\\Feed.jsx","statementMap":{"0":{"start":{"line":26,"column":2},"end":{"line":248,"column":null}},"1":{"start":{"line":46,"column":16},"end":{"line":46,"column":null}},"2":{"start":{"line":46,"column":42},"end":{"line":46,"column":null}},"3":{"start":{"line":86,"column":37},"end":{"line":86,"column":75}},"4":{"start":{"line":91,"column":12},"end":{"line":244,"column":null}},"5":{"start":{"line":97,"column":35},"end":{"line":97,"column":null}},"6":{"start":{"line":109,"column":37},"end":{"line":109,"column":null}},"7":{"start":{"line":122,"column":41},"end":{"line":122,"column":72}},"8":{"start":{"line":129,"column":45},"end":{"line":129,"column":null}},"9":{"start":{"line":130,"column":26},"end":{"line":132,"column":null}},"10":{"start":{"line":131,"column":28},"end":{"line":131,"column":null}},"11":{"start":{"line":140,"column":39},"end":{"line":140,"column":null}},"12":{"start":{"line":163,"column":35},"end":{"line":163,"column":null}},"13":{"start":{"line":179,"column":41},"end":{"line":179,"column":74}},"14":{"start":{"line":182,"column":41},"end":{"line":182,"column":74}},"15":{"start":{"line":185,"column":41},"end":{"line":185,"column":74}},"16":{"start":{"line":188,"column":41},"end":{"line":188,"column":74}},"17":{"start":{"line":197,"column":18},"end":{"line":223,"column":null}},"18":{"start":{"line":201,"column":39},"end":{"line":201,"column":null}},"19":{"start":{"line":213,"column":41},"end":{"line":213,"column":null}},"20":{"start":{"line":231,"column":33},"end":{"line":231,"column":68}},"21":{"start":{"line":235,"column":36},"end":{"line":235,"column":null}},"22":{"start":{"line":238,"column":33},"end":{"line":238,"column":null}}},"fnMap":{"0":{"name":"Feed","decl":{"start":{"line":4,"column":24},"end":{"line":4,"column":29}},"loc":{"start":{"line":25,"column":3},"end":{"line":250,"column":null}},"line":25},"1":{"name":"(anonymous_1)","decl":{"start":{"line":44,"column":23},"end":{"line":44,"column":29}},"loc":{"start":{"line":44,"column":29},"end":{"line":47,"column":null}},"line":44},"2":{"name":"(anonymous_2)","decl":{"start":{"line":86,"column":31},"end":{"line":86,"column":37}},"loc":{"start":{"line":86,"column":37},"end":{"line":86,"column":75}},"line":86},"3":{"name":"(anonymous_3)","decl":{"start":{"line":90,"column":20},"end":{"line":90,"column":21}},"loc":{"start":{"line":91,"column":12},"end":{"line":244,"column":null}},"line":91},"4":{"name":"(anonymous_4)","decl":{"start":{"line":97,"column":29},"end":{"line":97,"column":35}},"loc":{"start":{"line":97,"column":35},"end":{"line":97,"column":null}},"line":97},"5":{"name":"(anonymous_5)","decl":{"start":{"line":109,"column":31},"end":{"line":109,"column":37}},"loc":{"start":{"line":109,"column":37},"end":{"line":109,"column":null}},"line":109},"6":{"name":"(anonymous_6)","decl":{"start":{"line":122,"column":35},"end":{"line":122,"column":41}},"loc":{"start":{"line":122,"column":41},"end":{"line":122,"column":72}},"line":122},"7":{"name":"(anonymous_7)","decl":{"start":{"line":128,"column":33},"end":{"line":128,"column":39}},"loc":{"start":{"line":128,"column":39},"end":{"line":133,"column":null}},"line":128},"8":{"name":"(anonymous_8)","decl":{"start":{"line":140,"column":33},"end":{"line":140,"column":39}},"loc":{"start":{"line":140,"column":39},"end":{"line":140,"column":null}},"line":140},"9":{"name":"(anonymous_9)","decl":{"start":{"line":163,"column":29},"end":{"line":163,"column":35}},"loc":{"start":{"line":163,"column":35},"end":{"line":163,"column":null}},"line":163},"10":{"name":"(anonymous_10)","decl":{"start":{"line":179,"column":35},"end":{"line":179,"column":41}},"loc":{"start":{"line":179,"column":41},"end":{"line":179,"column":74}},"line":179},"11":{"name":"(anonymous_11)","decl":{"start":{"line":182,"column":35},"end":{"line":182,"column":41}},"loc":{"start":{"line":182,"column":41},"end":{"line":182,"column":74}},"line":182},"12":{"name":"(anonymous_12)","decl":{"start":{"line":185,"column":35},"end":{"line":185,"column":41}},"loc":{"start":{"line":185,"column":41},"end":{"line":185,"column":74}},"line":185},"13":{"name":"(anonymous_13)","decl":{"start":{"line":188,"column":35},"end":{"line":188,"column":41}},"loc":{"start":{"line":188,"column":41},"end":{"line":188,"column":74}},"line":188},"14":{"name":"(anonymous_14)","decl":{"start":{"line":196,"column":35},"end":{"line":196,"column":36}},"loc":{"start":{"line":197,"column":18},"end":{"line":223,"column":null}},"line":197},"15":{"name":"(anonymous_15)","decl":{"start":{"line":201,"column":33},"end":{"line":201,"column":39}},"loc":{"start":{"line":201,"column":39},"end":{"line":201,"column":null}},"line":201},"16":{"name":"(anonymous_16)","decl":{"start":{"line":213,"column":35},"end":{"line":213,"column":41}},"loc":{"start":{"line":213,"column":41},"end":{"line":213,"column":null}},"line":213},"17":{"name":"(anonymous_17)","decl":{"start":{"line":231,"column":23},"end":{"line":231,"column":24}},"loc":{"start":{"line":231,"column":31},"end":{"line":231,"column":null}},"line":231},"18":{"name":"(anonymous_18)","decl":{"start":{"line":235,"column":29},"end":{"line":235,"column":30}},"loc":{"start":{"line":235,"column":36},"end":{"line":235,"column":null}},"line":235},"19":{"name":"(anonymous_19)","decl":{"start":{"line":238,"column":27},"end":{"line":238,"column":33}},"loc":{"start":{"line":238,"column":33},"end":{"line":238,"column":null}},"line":238}},"branchMap":{"0":{"loc":{"start":{"line":40,"column":9},"end":{"line":52,"column":null}},"type":"binary-expr","locations":[{"start":{"line":40,"column":9},"end":{"line":40,"column":null}},{"start":{"line":41,"column":10},"end":{"line":52,"column":null}}],"line":40},"1":{"loc":{"start":{"line":46,"column":16},"end":{"line":46,"column":null}},"type":"if","locations":[{"start":{"line":46,"column":16},"end":{"line":46,"column":null}},{"start":{},"end":{}}],"line":46},"2":{"loc":{"start":{"line":81,"column":9},"end":{"line":245,"column":null}},"type":"cond-expr","locations":[{"start":{"line":82,"column":10},"end":{"line":88,"column":null}},{"start":{"line":90,"column":10},"end":{"line":245,"column":null}}],"line":81},"3":{"loc":{"start":{"line":86,"column":37},"end":{"line":86,"column":75}},"type":"binary-expr","locations":[{"start":{"line":86,"column":37},"end":{"line":86,"column":56}},{"start":{"line":86,"column":56},"end":{"line":86,"column":75}}],"line":86},"4":{"loc":{"start":{"line":101,"column":19},"end":{"line":102,"column":null}},"type":"binary-expr","locations":[{"start":{"line":101,"column":19},"end":{"line":101,"column":null}},{"start":{"line":102,"column":20},"end":{"line":102,"column":null}}],"line":101},"5":{"loc":{"start":{"line":113,"column":21},"end":{"line":114,"column":null}},"type":"binary-expr","locations":[{"start":{"line":113,"column":21},"end":{"line":113,"column":null}},{"start":{"line":114,"column":22},"end":{"line":114,"column":null}}],"line":113},"6":{"loc":{"start":{"line":124,"column":18},"end":{"line":146,"column":null}},"type":"binary-expr","locations":[{"start":{"line":125,"column":20},"end":{"line":125,"column":49}},{"start":{"line":125,"column":49},"end":{"line":125,"column":null}},{"start":{"line":126,"column":20},"end":{"line":146,"column":null}}],"line":124},"7":{"loc":{"start":{"line":130,"column":26},"end":{"line":132,"column":null}},"type":"if","locations":[{"start":{"line":130,"column":26},"end":{"line":132,"column":null}},{"start":{},"end":{}}],"line":130},"8":{"loc":{"start":{"line":130,"column":30},"end":{"line":130,"column":80}},"type":"binary-expr","locations":[{"start":{"line":130,"column":30},"end":{"line":130,"column":44}},{"start":{"line":130,"column":44},"end":{"line":130,"column":80}}],"line":130},"9":{"loc":{"start":{"line":155,"column":15},"end":{"line":156,"column":null}},"type":"binary-expr","locations":[{"start":{"line":155,"column":15},"end":{"line":155,"column":null}},{"start":{"line":156,"column":16},"end":{"line":156,"column":null}}],"line":155},"10":{"loc":{"start":{"line":165,"column":22},"end":{"line":165,"column":null}},"type":"cond-expr","locations":[{"start":{"line":165,"column":57},"end":{"line":165,"column":84}},{"start":{"line":165,"column":84},"end":{"line":165,"column":null}}],"line":165},"11":{"loc":{"start":{"line":168,"column":21},"end":{"line":168,"column":null}},"type":"cond-expr","locations":[{"start":{"line":168,"column":56},"end":{"line":168,"column":63}},{"start":{"line":168,"column":63},"end":{"line":168,"column":null}}],"line":168},"12":{"loc":{"start":{"line":169,"column":47},"end":{"line":169,"column":90}},"type":"cond-expr","locations":[{"start":{"line":169,"column":73},"end":{"line":169,"column":82}},{"start":{"line":169,"column":82},"end":{"line":169,"column":90}}],"line":169},"13":{"loc":{"start":{"line":173,"column":50},"end":{"line":173,"column":102}},"type":"cond-expr","locations":[{"start":{"line":173,"column":79},"end":{"line":173,"column":91}},{"start":{"line":173,"column":91},"end":{"line":173,"column":102}}],"line":173},"14":{"loc":{"start":{"line":205,"column":23},"end":{"line":206,"column":null}},"type":"binary-expr","locations":[{"start":{"line":205,"column":23},"end":{"line":205,"column":null}},{"start":{"line":206,"column":24},"end":{"line":206,"column":null}}],"line":205},"15":{"loc":{"start":{"line":217,"column":25},"end":{"line":218,"column":null}},"type":"binary-expr","locations":[{"start":{"line":217,"column":25},"end":{"line":217,"column":null}},{"start":{"line":218,"column":26},"end":{"line":218,"column":null}}],"line":217},"16":{"loc":{"start":{"line":232,"column":32},"end":{"line":232,"column":null}},"type":"binary-expr","locations":[{"start":{"line":232,"column":32},"end":{"line":232,"column":57}},{"start":{"line":232,"column":57},"end":{"line":232,"column":null}}],"line":232},"17":{"loc":{"start":{"line":235,"column":36},"end":{"line":235,"column":null}},"type":"binary-expr","locations":[{"start":{"line":235,"column":36},"end":{"line":235,"column":57}},{"start":{"line":235,"column":57},"end":{"line":235,"column":null}}],"line":235}},"s":{"0":3,"1":0,"2":0,"3":0,"4":1,"5":0,"6":0,"7":0,"8":0,"9":0,"10":0,"11":0,"12":0,"13":0,"14":0,"15":0,"16":0,"17":0,"18":0,"19":0,"20":2,"21":10,"22":0},"f":{"0":3,"1":0,"2":0,"3":1,"4":0,"5":0,"6":0,"7":0,"8":0,"9":0,"10":0,"11":0,"12":0,"13":0,"14":0,"15":0,"16":0,"17":2,"18":10,"19":0},"b":{"0":[3,0],"1":[0,0],"2":[2,1],"3":[0,0],"4":[1,0],"5":[1,0],"6":[1,1,0],"7":[0,0],"8":[0,0],"9":[1,0],"10":[0,1],"11":[0,1],"12":[0,1],"13":[0,1],"14":[0,0],"15":[0,0],"16":[1,1],"17":[10,1]},"meta":{"lastBranch":18,"lastFunction":20,"lastStatement":23,"seen":{"f:4:24:4:29":0,"s:26:2:248:Infinity":0,"b:40:9:40:Infinity:41:10:52:Infinity":0,"f:44:23:44:29":1,"b:46:16:46:Infinity:undefined:undefined:undefined:undefined":1,"s:46:16:46:Infinity":1,"s:46:42:46:Infinity":2,"b:82:10:88:Infinity:90:10:245:Infinity":2,"f:86:31:86:37":2,"s:86:37:86:75":3,"b:86:37:86:56:86:56:86:75":3,"f:90:20:90:21":3,"s:91:12:244:Infinity":4,"f:97:29:97:35":4,"s:97:35:97:Infinity":5,"b:101:19:101:Infinity:102:20:102:Infinity":4,"f:109:31:109:37":5,"s:109:37:109:Infinity":6,"b:113:21:113:Infinity:114:22:114:Infinity":5,"f:122:35:122:41":6,"s:122:41:122:72":7,"b:125:20:125:49:125:49:125:Infinity:126:20:146:Infinity":6,"f:128:33:128:39":7,"s:129:45:129:Infinity":8,"b:130:26:132:Infinity:undefined:undefined:undefined:undefined":7,"s:130:26:132:Infinity":9,"b:130:30:130:44:130:44:130:80":8,"s:131:28:131:Infinity":10,"f:140:33:140:39":8,"s:140:39:140:Infinity":11,"b:155:15:155:Infinity:156:16:156:Infinity":9,"f:163:29:163:35":9,"s:163:35:163:Infinity":12,"b:165:57:165:84:165:84:165:Infinity":10,"b:168:56:168:63:168:63:168:Infinity":11,"b:169:73:169:82:169:82:169:90":12,"b:173:79:173:91:173:91:173:102":13,"f:179:35:179:41":10,"s:179:41:179:74":13,"f:182:35:182:41":11,"s:182:41:182:74":14,"f:185:35:185:41":12,"s:185:41:185:74":15,"f:188:35:188:41":13,"s:188:41:188:74":16,"f:196:35:196:36":14,"s:197:18:223:Infinity":17,"f:201:33:201:39":15,"s:201:39:201:Infinity":18,"b:205:23:205:Infinity:206:24:206:Infinity":14,"f:213:35:213:41":16,"s:213:41:213:Infinity":19,"b:217:25:217:Infinity:218:26:218:Infinity":15,"f:231:23:231:24":17,"s:231:33:231:68":20,"b:232:32:232:57:232:57:232:Infinity":16,"f:235:29:235:30":18,"s:235:36:235:Infinity":21,"b:235:36:235:57:235:57:235:Infinity":17,"f:238:27:238:33":19,"s:238:33:238:Infinity":22}}}
,"C:\\Users\\JamesProsper\\lakay\\src\\components\\FriendsList.jsx": {"path":"C:\\Users\\JamesProsper\\lakay\\src\\components\\FriendsList.jsx","statementMap":{"0":{"start":{"line":4,"column":2},"end":{"line":28,"column":null}},"1":{"start":{"line":10,"column":10},"end":{"line":25,"column":null}},"2":{"start":{"line":17,"column":37},"end":{"line":17,"column":56}},"3":{"start":{"line":19,"column":39},"end":{"line":19,"column":99}},"4":{"start":{"line":19,"column":63},"end":{"line":19,"column":96}},"5":{"start":{"line":22,"column":41},"end":{"line":22,"column":67}},"6":{"start":{"line":22,"column":67},"end":{"line":22,"column":97}}},"fnMap":{"0":{"name":"FriendsList","decl":{"start":{"line":3,"column":24},"end":{"line":3,"column":36}},"loc":{"start":{"line":3,"column":142},"end":{"line":30,"column":null}},"line":3},"1":{"name":"(anonymous_1)","decl":{"start":{"line":9,"column":23},"end":{"line":9,"column":24}},"loc":{"start":{"line":10,"column":10},"end":{"line":25,"column":null}},"line":10},"2":{"name":"(anonymous_2)","decl":{"start":{"line":17,"column":31},"end":{"line":17,"column":37}},"loc":{"start":{"line":17,"column":37},"end":{"line":17,"column":56}},"line":17},"3":{"name":"(anonymous_3)","decl":{"start":{"line":19,"column":33},"end":{"line":19,"column":39}},"loc":{"start":{"line":19,"column":39},"end":{"line":19,"column":99}},"line":19},"4":{"name":"(anonymous_4)","decl":{"start":{"line":19,"column":52},"end":{"line":19,"column":53}},"loc":{"start":{"line":19,"column":63},"end":{"line":19,"column":96}},"line":19},"5":{"name":"(anonymous_5)","decl":{"start":{"line":22,"column":33},"end":{"line":22,"column":39}},"loc":{"start":{"line":22,"column":39},"end":{"line":22,"column":100}},"line":22}},"branchMap":{"0":{"loc":{"start":{"line":6,"column":7},"end":{"line":26,"column":null}},"type":"cond-expr","locations":[{"start":{"line":7,"column":8},"end":{"line":7,"column":null}},{"start":{"line":9,"column":8},"end":{"line":26,"column":null}}],"line":6},"1":{"loc":{"start":{"line":18,"column":15},"end":{"line":19,"column":null}},"type":"binary-expr","locations":[{"start":{"line":18,"column":15},"end":{"line":18,"column":null}},{"start":{"line":19,"column":16},"end":{"line":19,"column":null}}],"line":18},"2":{"loc":{"start":{"line":19,"column":155},"end":{"line":19,"column":245}},"type":"cond-expr","locations":[{"start":{"line":19,"column":173},"end":{"line":19,"column":203}},{"start":{"line":19,"column":203},"end":{"line":19,"column":245}}],"line":19},"3":{"loc":{"start":{"line":19,"column":250},"end":{"line":19,"column":293}},"type":"cond-expr","locations":[{"start":{"line":19,"column":268},"end":{"line":19,"column":284}},{"start":{"line":19,"column":284},"end":{"line":19,"column":293}}],"line":19},"4":{"loc":{"start":{"line":21,"column":15},"end":{"line":22,"column":null}},"type":"binary-expr","locations":[{"start":{"line":21,"column":15},"end":{"line":21,"column":null}},{"start":{"line":22,"column":16},"end":{"line":22,"column":null}}],"line":21}},"s":{"0":1,"1":1,"2":1,"3":1,"4":0,"5":1,"6":1},"f":{"0":1,"1":1,"2":1,"3":1,"4":0,"5":1},"b":{"0":[0,1],"1":[1,1],"2":[0,1],"3":[0,1],"4":[1,1]},"meta":{"lastBranch":5,"lastFunction":6,"lastStatement":7,"seen":{"f:3:24:3:36":0,"s:4:2:28:Infinity":0,"b:7:8:7:Infinity:9:8:26:Infinity":0,"f:9:23:9:24":1,"s:10:10:25:Infinity":1,"f:17:31:17:37":2,"s:17:37:17:56":2,"b:18:15:18:Infinity:19:16:19:Infinity":1,"f:19:33:19:39":3,"s:19:39:19:99":3,"f:19:52:19:53":4,"s:19:63:19:96":4,"b:19:173:19:203:19:203:19:245":2,"b:19:268:19:284:19:284:19:293":3,"b:21:15:21:Infinity:22:16:22:Infinity":4,"f:22:33:22:39":5,"s:22:41:22:67":5,"s:22:67:22:97":6}}}
,"C:\\Users\\JamesProsper\\lakay\\src\\components\\GamesMenu.jsx": {"path":"C:\\Users\\JamesProsper\\lakay\\src\\components\\GamesMenu.jsx","statementMap":{"0":{"start":{"line":5,"column":2},"end":{"line":21,"column":null}},"1":{"start":{"line":8,"column":8},"end":{"line":19,"column":null}},"2":{"start":{"line":10,"column":25},"end":{"line":10,"column":null}},"3":{"start":{"line":25,"column":0},"end":{"line":27,"column":null}}},"fnMap":{"0":{"name":"GamesMenu","decl":{"start":{"line":4,"column":24},"end":{"line":4,"column":34}},"loc":{"start":{"line":4,"column":52},"end":{"line":23,"column":null}},"line":4},"1":{"name":"(anonymous_1)","decl":{"start":{"line":7,"column":44},"end":{"line":7,"column":45}},"loc":{"start":{"line":8,"column":8},"end":{"line":19,"column":null}},"line":8},"2":{"name":"(anonymous_2)","decl":{"start":{"line":10,"column":19},"end":{"line":10,"column":25}},"loc":{"start":{"line":10,"column":25},"end":{"line":10,"column":null}},"line":10}},"branchMap":{"0":{"loc":{"start":{"line":14,"column":13},"end":{"line":14,"column":null}},"type":"cond-expr","locations":[{"start":{"line":14,"column":32},"end":{"line":14,"column":39}},{"start":{"line":14,"column":39},"end":{"line":14,"column":null}}],"line":14},"1":{"loc":{"start":{"line":14,"column":39},"end":{"line":14,"column":null}},"type":"cond-expr","locations":[{"start":{"line":14,"column":59},"end":{"line":14,"column":66}},{"start":{"line":14,"column":66},"end":{"line":14,"column":null}}],"line":14},"2":{"loc":{"start":{"line":17,"column":13},"end":{"line":17,"column":null}},"type":"cond-expr","locations":[{"start":{"line":17,"column":32},"end":{"line":17,"column":42}},{"start":{"line":17,"column":42},"end":{"line":17,"column":null}}],"line":17},"3":{"loc":{"start":{"line":17,"column":42},"end":{"line":17,"column":null}},"type":"cond-expr","locations":[{"start":{"line":17,"column":62},"end":{"line":17,"column":73}},{"start":{"line":17,"column":73},"end":{"line":17,"column":null}}],"line":17}},"s":{"0":1,"1":3,"2":1,"3":3},"f":{"0":1,"1":3,"2":1},"b":{"0":[1,2],"1":[1,1],"2":[1,2],"3":[1,1]},"meta":{"lastBranch":4,"lastFunction":3,"lastStatement":4,"seen":{"f:4:24:4:34":0,"s:5:2:21:Infinity":0,"f:7:44:7:45":1,"s:8:8:19:Infinity":1,"f:10:19:10:25":2,"s:10:25:10:Infinity":2,"b:14:32:14:39:14:39:14:Infinity":0,"b:14:59:14:66:14:66:14:Infinity":1,"b:17:32:17:42:17:42:17:Infinity":2,"b:17:62:17:73:17:73:17:Infinity":3,"s:25:0:27:Infinity":3}}}
,"C:\\Users\\JamesProsper\\lakay\\src\\components\\HomeDashboard.jsx": {"path":"C:\\Users\\JamesProsper\\lakay\\src\\components\\HomeDashboard.jsx","statementMap":{"0":{"start":{"line":24,"column":2},"end":{"line":133,"column":null}},"1":{"start":{"line":38,"column":29},"end":{"line":38,"column":null}},"2":{"start":{"line":48,"column":31},"end":{"line":48,"column":null}},"3":{"start":{"line":57,"column":35},"end":{"line":57,"column":63}},"4":{"start":{"line":66,"column":31},"end":{"line":66,"column":null}},"5":{"start":{"line":90,"column":87},"end":{"line":90,"column":111}},"6":{"start":{"line":91,"column":82},"end":{"line":91,"column":103}},"7":{"start":{"line":93,"column":99},"end":{"line":93,"column":129}},"8":{"start":{"line":96,"column":80},"end":{"line":96,"column":102}},"9":{"start":{"line":100,"column":85},"end":{"line":100,"column":104}},"10":{"start":{"line":101,"column":85},"end":{"line":101,"column":104}},"11":{"start":{"line":102,"column":82},"end":{"line":102,"column":105}},"12":{"start":{"line":103,"column":83},"end":{"line":103,"column":108}},"13":{"start":{"line":107,"column":104},"end":{"line":107,"column":127}},"14":{"start":{"line":108,"column":98},"end":{"line":108,"column":122}},"15":{"start":{"line":112,"column":94},"end":{"line":112,"column":114}},"16":{"start":{"line":113,"column":94},"end":{"line":113,"column":114}},"17":{"start":{"line":117,"column":100},"end":{"line":117,"column":125}},"18":{"start":{"line":122,"column":12},"end":{"line":127,"column":null}},"19":{"start":{"line":123,"column":14},"end":{"line":123,"column":null}},"20":{"start":{"line":124,"column":14},"end":{"line":124,"column":null}},"21":{"start":{"line":124,"column":31},"end":{"line":124,"column":56}},"22":{"start":{"line":126,"column":14},"end":{"line":126,"column":null}}},"fnMap":{"0":{"name":"HomeDashboard","decl":{"start":{"line":7,"column":24},"end":{"line":7,"column":38}},"loc":{"start":{"line":23,"column":3},"end":{"line":135,"column":null}},"line":23},"1":{"name":"(anonymous_1)","decl":{"start":{"line":38,"column":23},"end":{"line":38,"column":29}},"loc":{"start":{"line":38,"column":29},"end":{"line":38,"column":null}},"line":38},"2":{"name":"(anonymous_2)","decl":{"start":{"line":48,"column":24},"end":{"line":48,"column":25}},"loc":{"start":{"line":48,"column":31},"end":{"line":48,"column":null}},"line":48},"3":{"name":"(anonymous_3)","decl":{"start":{"line":57,"column":29},"end":{"line":57,"column":35}},"loc":{"start":{"line":57,"column":35},"end":{"line":57,"column":63}},"line":57},"4":{"name":"(anonymous_4)","decl":{"start":{"line":66,"column":25},"end":{"line":66,"column":31}},"loc":{"start":{"line":66,"column":31},"end":{"line":66,"column":null}},"line":66},"5":{"name":"(anonymous_5)","decl":{"start":{"line":90,"column":81},"end":{"line":90,"column":87}},"loc":{"start":{"line":90,"column":87},"end":{"line":90,"column":111}},"line":90},"6":{"name":"(anonymous_6)","decl":{"start":{"line":91,"column":76},"end":{"line":91,"column":82}},"loc":{"start":{"line":91,"column":82},"end":{"line":91,"column":103}},"line":91},"7":{"name":"(anonymous_7)","decl":{"start":{"line":93,"column":93},"end":{"line":93,"column":99}},"loc":{"start":{"line":93,"column":99},"end":{"line":93,"column":129}},"line":93},"8":{"name":"(anonymous_8)","decl":{"start":{"line":96,"column":74},"end":{"line":96,"column":80}},"loc":{"start":{"line":96,"column":80},"end":{"line":96,"column":102}},"line":96},"9":{"name":"(anonymous_9)","decl":{"start":{"line":100,"column":79},"end":{"line":100,"column":85}},"loc":{"start":{"line":100,"column":85},"end":{"line":100,"column":104}},"line":100},"10":{"name":"(anonymous_10)","decl":{"start":{"line":101,"column":79},"end":{"line":101,"column":85}},"loc":{"start":{"line":101,"column":85},"end":{"line":101,"column":104}},"line":101},"11":{"name":"(anonymous_11)","decl":{"start":{"line":102,"column":76},"end":{"line":102,"column":82}},"loc":{"start":{"line":102,"column":82},"end":{"line":102,"column":105}},"line":102},"12":{"name":"(anonymous_12)","decl":{"start":{"line":103,"column":77},"end":{"line":103,"column":83}},"loc":{"start":{"line":103,"column":83},"end":{"line":103,"column":108}},"line":103},"13":{"name":"(anonymous_13)","decl":{"start":{"line":107,"column":98},"end":{"line":107,"column":104}},"loc":{"start":{"line":107,"column":104},"end":{"line":107,"column":127}},"line":107},"14":{"name":"(anonymous_14)","decl":{"start":{"line":108,"column":92},"end":{"line":108,"column":98}},"loc":{"start":{"line":108,"column":98},"end":{"line":108,"column":122}},"line":108},"15":{"name":"(anonymous_15)","decl":{"start":{"line":112,"column":88},"end":{"line":112,"column":94}},"loc":{"start":{"line":112,"column":94},"end":{"line":112,"column":114}},"line":112},"16":{"name":"(anonymous_16)","decl":{"start":{"line":113,"column":88},"end":{"line":113,"column":94}},"loc":{"start":{"line":113,"column":94},"end":{"line":113,"column":114}},"line":113},"17":{"name":"(anonymous_17)","decl":{"start":{"line":117,"column":94},"end":{"line":117,"column":100}},"loc":{"start":{"line":117,"column":100},"end":{"line":117,"column":125}},"line":117},"18":{"name":"(anonymous_18)","decl":{"start":{"line":121,"column":27},"end":{"line":121,"column":33}},"loc":{"start":{"line":121,"column":33},"end":{"line":128,"column":13}},"line":121},"19":{"name":"(anonymous_19)","decl":{"start":{"line":124,"column":25},"end":{"line":124,"column":31}},"loc":{"start":{"line":124,"column":31},"end":{"line":124,"column":56}},"line":124}},"branchMap":{"0":{"loc":{"start":{"line":25,"column":36},"end":{"line":25,"column":120}},"type":"cond-expr","locations":[{"start":{"line":25,"column":47},"end":{"line":25,"column":63}},{"start":{"line":25,"column":63},"end":{"line":25,"column":120}}],"line":25},"1":{"loc":{"start":{"line":25,"column":124},"end":{"line":25,"column":162}},"type":"cond-expr","locations":[{"start":{"line":25,"column":135},"end":{"line":25,"column":150}},{"start":{"line":25,"column":150},"end":{"line":25,"column":162}}],"line":25},"2":{"loc":{"start":{"line":27,"column":9},"end":{"line":28,"column":null}},"type":"binary-expr","locations":[{"start":{"line":27,"column":9},"end":{"line":27,"column":null}},{"start":{"line":28,"column":10},"end":{"line":28,"column":null}}],"line":27},"3":{"loc":{"start":{"line":43,"column":15},"end":{"line":43,"column":null}},"type":"cond-expr","locations":[{"start":{"line":43,"column":26},"end":{"line":43,"column":46}},{"start":{"line":43,"column":46},"end":{"line":43,"column":null}}],"line":43},"4":{"loc":{"start":{"line":59,"column":15},"end":{"line":60,"column":null}},"type":"binary-expr","locations":[{"start":{"line":59,"column":15},"end":{"line":59,"column":null}},{"start":{"line":60,"column":16},"end":{"line":60,"column":null}}],"line":59},"5":{"loc":{"start":{"line":69,"column":73},"end":{"line":69,"column":201}},"type":"cond-expr","locations":[{"start":{"line":69,"column":87},"end":{"line":69,"column":147}},{"start":{"line":69,"column":147},"end":{"line":69,"column":201}}],"line":69},"6":{"loc":{"start":{"line":74,"column":15},"end":{"line":81,"column":null}},"type":"binary-expr","locations":[{"start":{"line":74,"column":15},"end":{"line":74,"column":null}},{"start":{"line":75,"column":16},"end":{"line":81,"column":null}}],"line":74},"7":{"loc":{"start":{"line":94,"column":13},"end":{"line":94,"column":null}},"type":"binary-expr","locations":[{"start":{"line":94,"column":13},"end":{"line":94,"column":42}},{"start":{"line":94,"column":42},"end":{"line":94,"column":null}}],"line":94},"8":{"loc":{"start":{"line":120,"column":9},"end":{"line":130,"column":null}},"type":"binary-expr","locations":[{"start":{"line":120,"column":9},"end":{"line":120,"column":null}},{"start":{"line":121,"column":10},"end":{"line":130,"column":null}}],"line":120},"9":{"loc":{"start":{"line":122,"column":12},"end":{"line":127,"column":null}},"type":"if","locations":[{"start":{"line":122,"column":12},"end":{"line":127,"column":null}},{"start":{"line":125,"column":19},"end":{"line":127,"column":null}}],"line":122},"10":{"loc":{"start":{"line":128,"column":196},"end":{"line":128,"column":280}},"type":"cond-expr","locations":[{"start":{"line":128,"column":218},"end":{"line":128,"column":249}},{"start":{"line":128,"column":249},"end":{"line":128,"column":280}}],"line":128}},"s":{"0":7,"1":0,"2":0,"3":0,"4":0,"5":0,"6":0,"7":1,"8":0,"9":0,"10":0,"11":1,"12":0,"13":0,"14":1,"15":0,"16":0,"17":0,"18":0,"19":0,"20":0,"21":0,"22":0},"f":{"0":7,"1":0,"2":0,"3":0,"4":0,"5":0,"6":0,"7":1,"8":0,"9":0,"10":0,"11":1,"12":0,"13":0,"14":1,"15":0,"16":0,"17":0,"18":0,"19":0},"b":{"0":[7,0],"1":[7,0],"2":[7,0],"3":[7,0],"4":[7,0],"5":[7,0],"6":[7,0],"7":[7,0],"8":[7,0],"9":[0,0],"10":[0,0]},"meta":{"lastBranch":11,"lastFunction":20,"lastStatement":23,"seen":{"f:7:24:7:38":0,"s:24:2:133:Infinity":0,"b:25:47:25:63:25:63:25:120":0,"b:25:135:25:150:25:150:25:162":1,"b:27:9:27:Infinity:28:10:28:Infinity":2,"f:38:23:38:29":1,"s:38:29:38:Infinity":1,"b:43:26:43:46:43:46:43:Infinity":3,"f:48:24:48:25":2,"s:48:31:48:Infinity":2,"f:57:29:57:35":3,"s:57:35:57:63":3,"b:59:15:59:Infinity:60:16:60:Infinity":4,"f:66:25:66:31":4,"s:66:31:66:Infinity":4,"b:69:87:69:147:69:147:69:201":5,"b:74:15:74:Infinity:75:16:81:Infinity":6,"f:90:81:90:87":5,"s:90:87:90:111":5,"f:91:76:91:82":6,"s:91:82:91:103":6,"f:93:93:93:99":7,"s:93:99:93:129":7,"b:94:13:94:42:94:42:94:Infinity":7,"f:96:74:96:80":8,"s:96:80:96:102":8,"f:100:79:100:85":9,"s:100:85:100:104":9,"f:101:79:101:85":10,"s:101:85:101:104":10,"f:102:76:102:82":11,"s:102:82:102:105":11,"f:103:77:103:83":12,"s:103:83:103:108":12,"f:107:98:107:104":13,"s:107:104:107:127":13,"f:108:92:108:98":14,"s:108:98:108:122":14,"f:112:88:112:94":15,"s:112:94:112:114":15,"f:113:88:113:94":16,"s:113:94:113:114":16,"f:117:94:117:100":17,"s:117:100:117:125":17,"b:120:9:120:Infinity:121:10:130:Infinity":8,"f:121:27:121:33":18,"b:122:12:127:Infinity:125:19:127:Infinity":9,"s:122:12:127:Infinity":18,"s:123:14:123:Infinity":19,"s:124:14:124:Infinity":20,"f:124:25:124:31":19,"s:124:31:124:56":21,"s:126:14:126:Infinity":22,"b:128:218:128:249:128:249:128:280":10}}}
,"C:\\Users\\JamesProsper\\lakay\\src\\components\\Memorials.jsx": {"path":"C:\\Users\\JamesProsper\\lakay\\src\\components\\Memorials.jsx","statementMap":{"0":{"start":{"line":20,"column":2},"end":{"line":140,"column":null}},"1":{"start":{"line":36,"column":25},"end":{"line":36,"column":null}},"2":{"start":{"line":37,"column":12},"end":{"line":42,"column":null}},"3":{"start":{"line":38,"column":29},"end":{"line":38,"column":null}},"4":{"start":{"line":39,"column":14},"end":{"line":39,"column":null}},"5":{"start":{"line":39,"column":36},"end":{"line":39,"column":null}},"6":{"start":{"line":40,"column":14},"end":{"line":40,"column":null}},"7":{"start":{"line":41,"column":14},"end":{"line":41,"column":null}},"8":{"start":{"line":58,"column":8},"end":{"line":138,"column":null}},"9":{"start":{"line":74,"column":36},"end":{"line":74,"column":null}},"10":{"start":{"line":75,"column":37},"end":{"line":75,"column":null}},"11":{"start":{"line":76,"column":39},"end":{"line":76,"column":null}},"12":{"start":{"line":77,"column":20},"end":{"line":79,"column":null}},"13":{"start":{"line":78,"column":22},"end":{"line":78,"column":null}},"14":{"start":{"line":89,"column":33},"end":{"line":89,"column":null}},"15":{"start":{"line":109,"column":18},"end":{"line":112,"column":null}},"16":{"start":{"line":110,"column":20},"end":{"line":110,"column":null}},"17":{"start":{"line":111,"column":20},"end":{"line":111,"column":null}},"18":{"start":{"line":117,"column":29},"end":{"line":117,"column":null}},"19":{"start":{"line":118,"column":18},"end":{"line":121,"column":null}},"20":{"start":{"line":119,"column":20},"end":{"line":119,"column":null}},"21":{"start":{"line":120,"column":20},"end":{"line":120,"column":null}},"22":{"start":{"line":131,"column":16},"end":{"line":134,"column":null}},"23":{"start":{"line":144,"column":0},"end":{"line":158,"column":null}}},"fnMap":{"0":{"name":"Memorials","decl":{"start":{"line":5,"column":24},"end":{"line":5,"column":34}},"loc":{"start":{"line":19,"column":3},"end":{"line":142,"column":null}},"line":19},"1":{"name":"(anonymous_1)","decl":{"start":{"line":35,"column":56},"end":{"line":35,"column":57}},"loc":{"start":{"line":35,"column":63},"end":{"line":43,"column":13}},"line":35},"2":{"name":"(anonymous_2)","decl":{"start":{"line":39,"column":30},"end":{"line":39,"column":36}},"loc":{"start":{"line":39,"column":36},"end":{"line":39,"column":null}},"line":39},"3":{"name":"(anonymous_3)","decl":{"start":{"line":57,"column":21},"end":{"line":57,"column":null}},"loc":{"start":{"line":58,"column":8},"end":{"line":138,"column":null}},"line":58},"4":{"name":"(anonymous_4)","decl":{"start":{"line":73,"column":27},"end":{"line":73,"column":33}},"loc":{"start":{"line":73,"column":33},"end":{"line":80,"column":null}},"line":73},"5":{"name":"(anonymous_5)","decl":{"start":{"line":89,"column":27},"end":{"line":89,"column":33}},"loc":{"start":{"line":89,"column":33},"end":{"line":89,"column":null}},"line":89},"6":{"name":"(anonymous_6)","decl":{"start":{"line":108,"column":27},"end":{"line":108,"column":28}},"loc":{"start":{"line":108,"column":34},"end":{"line":113,"column":null}},"line":108},"7":{"name":"(anonymous_7)","decl":{"start":{"line":116,"column":25},"end":{"line":116,"column":31}},"loc":{"start":{"line":116,"column":31},"end":{"line":122,"column":null}},"line":116},"8":{"name":"(anonymous_8)","decl":{"start":{"line":130,"column":48},"end":{"line":130,"column":null}},"loc":{"start":{"line":131,"column":16},"end":{"line":134,"column":null}},"line":131}},"branchMap":{"0":{"loc":{"start":{"line":37,"column":12},"end":{"line":42,"column":null}},"type":"if","locations":[{"start":{"line":37,"column":12},"end":{"line":42,"column":null}},{"start":{},"end":{}}],"line":37},"1":{"loc":{"start":{"line":46,"column":9},"end":{"line":49,"column":null}},"type":"binary-expr","locations":[{"start":{"line":46,"column":9},"end":{"line":46,"column":null}},{"start":{"line":47,"column":10},"end":{"line":49,"column":null}}],"line":46},"2":{"loc":{"start":{"line":60,"column":13},"end":{"line":63,"column":null}},"type":"cond-expr","locations":[{"start":{"line":61,"column":14},"end":{"line":61,"column":null}},{"start":{"line":63,"column":14},"end":{"line":63,"column":null}}],"line":60},"3":{"loc":{"start":{"line":71,"column":16},"end":{"line":85,"column":null}},"type":"binary-expr","locations":[{"start":{"line":71,"column":16},"end":{"line":71,"column":null}},{"start":{"line":72,"column":16},"end":{"line":85,"column":null}}],"line":71},"4":{"loc":{"start":{"line":77,"column":20},"end":{"line":79,"column":null}},"type":"if","locations":[{"start":{"line":77,"column":20},"end":{"line":79,"column":null}},{"start":{},"end":{}}],"line":77},"5":{"loc":{"start":{"line":77,"column":24},"end":{"line":77,"column":156}},"type":"binary-expr","locations":[{"start":{"line":77,"column":24},"end":{"line":77,"column":35}},{"start":{"line":77,"column":35},"end":{"line":77,"column":49}},{"start":{"line":77,"column":49},"end":{"line":77,"column":85}},{"start":{"line":77,"column":85},"end":{"line":77,"column":116}},{"start":{"line":77,"column":116},"end":{"line":77,"column":156}}],"line":77},"6":{"loc":{"start":{"line":78,"column":66},"end":{"line":78,"column":90}},"type":"binary-expr","locations":[{"start":{"line":78,"column":66},"end":{"line":78,"column":86}},{"start":{"line":78,"column":86},"end":{"line":78,"column":90}}],"line":78},"7":{"loc":{"start":{"line":87,"column":15},"end":{"line":94,"column":null}},"type":"binary-expr","locations":[{"start":{"line":87,"column":15},"end":{"line":87,"column":null}},{"start":{"line":88,"column":16},"end":{"line":94,"column":null}}],"line":87},"8":{"loc":{"start":{"line":102,"column":75},"end":{"line":102,"column":103}},"type":"binary-expr","locations":[{"start":{"line":102,"column":75},"end":{"line":102,"column":99}},{"start":{"line":102,"column":99},"end":{"line":102,"column":103}}],"line":102},"9":{"loc":{"start":{"line":109,"column":18},"end":{"line":112,"column":null}},"type":"if","locations":[{"start":{"line":109,"column":18},"end":{"line":112,"column":null}},{"start":{},"end":{}}],"line":109},"10":{"loc":{"start":{"line":109,"column":22},"end":{"line":109,"column":66}},"type":"binary-expr","locations":[{"start":{"line":109,"column":22},"end":{"line":109,"column":43}},{"start":{"line":109,"column":43},"end":{"line":109,"column":66}}],"line":109},"11":{"loc":{"start":{"line":118,"column":18},"end":{"line":121,"column":null}},"type":"if","locations":[{"start":{"line":118,"column":18},"end":{"line":121,"column":null}},{"start":{},"end":{}}],"line":118},"12":{"loc":{"start":{"line":118,"column":22},"end":{"line":118,"column":57}},"type":"binary-expr","locations":[{"start":{"line":118,"column":22},"end":{"line":118,"column":28}},{"start":{"line":118,"column":28},"end":{"line":118,"column":40}},{"start":{"line":118,"column":40},"end":{"line":118,"column":57}}],"line":118},"13":{"loc":{"start":{"line":130,"column":16},"end":{"line":130,"column":44}},"type":"binary-expr","locations":[{"start":{"line":130,"column":16},"end":{"line":130,"column":40}},{"start":{"line":130,"column":40},"end":{"line":130,"column":44}}],"line":130}},"s":{"0":2,"1":0,"2":0,"3":0,"4":0,"5":0,"6":0,"7":0,"8":1,"9":0,"10":0,"11":0,"12":0,"13":0,"14":0,"15":20,"16":1,"17":1,"18":1,"19":1,"20":1,"21":1,"22":0,"23":4},"f":{"0":2,"1":0,"2":0,"3":1,"4":0,"5":0,"6":20,"7":1,"8":0},"b":{"0":[0,0],"1":[2,0],"2":[0,1],"3":[1,0],"4":[0,0],"5":[0,0,0,0,0],"6":[0,0],"7":[1,0],"8":[1,0],"9":[1,19],"10":[20,1],"11":[1,0],"12":[1,1,1],"13":[1,0]},"meta":{"lastBranch":14,"lastFunction":9,"lastStatement":24,"seen":{"f:5:24:5:34":0,"s:20:2:140:Infinity":0,"f:35:56:35:57":1,"s:36:25:36:Infinity":1,"b:37:12:42:Infinity:undefined:undefined:undefined:undefined":0,"s:37:12:42:Infinity":2,"s:38:29:38:Infinity":3,"s:39:14:39:Infinity":4,"f:39:30:39:36":2,"s:39:36:39:Infinity":5,"s:40:14:40:Infinity":6,"s:41:14:41:Infinity":7,"b:46:9:46:Infinity:47:10:49:Infinity":1,"f:57:21:57:Infinity":3,"s:58:8:138:Infinity":8,"b:61:14:61:Infinity:63:14:63:Infinity":2,"b:71:16:71:Infinity:72:16:85:Infinity":3,"f:73:27:73:33":4,"s:74:36:74:Infinity":9,"s:75:37:75:Infinity":10,"s:76:39:76:Infinity":11,"b:77:20:79:Infinity:undefined:undefined:undefined:undefined":4,"s:77:20:79:Infinity":12,"b:77:24:77:35:77:35:77:49:77:49:77:85:77:85:77:116:77:116:77:156":5,"s:78:22:78:Infinity":13,"b:78:66:78:86:78:86:78:90":6,"b:87:15:87:Infinity:88:16:94:Infinity":7,"f:89:27:89:33":5,"s:89:33:89:Infinity":14,"b:102:75:102:99:102:99:102:103":8,"f:108:27:108:28":6,"b:109:18:112:Infinity:undefined:undefined:undefined:undefined":9,"s:109:18:112:Infinity":15,"b:109:22:109:43:109:43:109:66":10,"s:110:20:110:Infinity":16,"s:111:20:111:Infinity":17,"f:116:25:116:31":7,"s:117:29:117:Infinity":18,"b:118:18:121:Infinity:undefined:undefined:undefined:undefined":11,"s:118:18:121:Infinity":19,"b:118:22:118:28:118:28:118:40:118:40:118:57":12,"s:119:20:119:Infinity":20,"s:120:20:120:Infinity":21,"b:130:16:130:40:130:40:130:44":13,"f:130:48:130:Infinity":8,"s:131:16:134:Infinity":22,"s:144:0:158:Infinity":23}}}
,"C:\\Users\\JamesProsper\\lakay\\src\\components\\Music.jsx": {"path":"C:\\Users\\JamesProsper\\lakay\\src\\components\\Music.jsx","statementMap":{"0":{"start":{"line":6,"column":2},"end":{"line":53,"column":null}},"1":{"start":{"line":15,"column":8},"end":{"line":51,"column":null}},"2":{"start":{"line":20,"column":97},"end":{"line":20,"column":124}},"3":{"start":{"line":23,"column":37},"end":{"line":23,"column":72}},"4":{"start":{"line":27,"column":39},"end":{"line":27,"column":59}},"5":{"start":{"line":44,"column":35},"end":{"line":44,"column":53}},"6":{"start":{"line":47,"column":35},"end":{"line":47,"column":56}},"7":{"start":{"line":57,"column":0},"end":{"line":66,"column":null}}},"fnMap":{"0":{"name":"Music","decl":{"start":{"line":5,"column":24},"end":{"line":5,"column":30}},"loc":{"start":{"line":5,"column":121},"end":{"line":55,"column":null}},"line":5},"1":{"name":"(anonymous_1)","decl":{"start":{"line":14,"column":18},"end":{"line":14,"column":19}},"loc":{"start":{"line":15,"column":8},"end":{"line":51,"column":null}},"line":15},"2":{"name":"(anonymous_2)","decl":{"start":{"line":20,"column":91},"end":{"line":20,"column":97}},"loc":{"start":{"line":20,"column":97},"end":{"line":20,"column":124}},"line":20},"3":{"name":"(anonymous_3)","decl":{"start":{"line":23,"column":31},"end":{"line":23,"column":37}},"loc":{"start":{"line":23,"column":37},"end":{"line":23,"column":72}},"line":23},"4":{"name":"(anonymous_4)","decl":{"start":{"line":27,"column":33},"end":{"line":27,"column":39}},"loc":{"start":{"line":27,"column":39},"end":{"line":27,"column":59}},"line":27},"5":{"name":"(anonymous_5)","decl":{"start":{"line":44,"column":29},"end":{"line":44,"column":35}},"loc":{"start":{"line":44,"column":35},"end":{"line":44,"column":53}},"line":44},"6":{"name":"(anonymous_6)","decl":{"start":{"line":47,"column":29},"end":{"line":47,"column":35}},"loc":{"start":{"line":47,"column":35},"end":{"line":47,"column":56}},"line":47}},"branchMap":{"0":{"loc":{"start":{"line":26,"column":15},"end":{"line":29,"column":null}},"type":"binary-expr","locations":[{"start":{"line":26,"column":15},"end":{"line":26,"column":null}},{"start":{"line":27,"column":16},"end":{"line":29,"column":null}}],"line":26},"1":{"loc":{"start":{"line":34,"column":11},"end":{"line":40,"column":null}},"type":"binary-expr","locations":[{"start":{"line":34,"column":11},"end":{"line":34,"column":null}},{"start":{"line":35,"column":12},"end":{"line":40,"column":null}}],"line":34}},"s":{"0":1,"1":1,"2":0,"3":0,"4":0,"5":1,"6":1,"7":3},"f":{"0":1,"1":1,"2":0,"3":0,"4":0,"5":1,"6":1},"b":{"0":[1,1],"1":[1,0]},"meta":{"lastBranch":2,"lastFunction":7,"lastStatement":8,"seen":{"f:5:24:5:30":0,"s:6:2:53:Infinity":0,"f:14:18:14:19":1,"s:15:8:51:Infinity":1,"f:20:91:20:97":2,"s:20:97:20:124":2,"f:23:31:23:37":3,"s:23:37:23:72":3,"b:26:15:26:Infinity:27:16:29:Infinity":0,"f:27:33:27:39":4,"s:27:39:27:59":4,"b:34:11:34:Infinity:35:12:40:Infinity":1,"f:44:29:44:35":5,"s:44:35:44:53":5,"f:47:29:47:35":6,"s:47:35:47:56":6,"s:57:0:66:Infinity":7}}}
,"C:\\Users\\JamesProsper\\lakay\\src\\components\\Notifications.jsx": {"path":"C:\\Users\\JamesProsper\\lakay\\src\\components\\Notifications.jsx","statementMap":{"0":{"start":{"line":6,"column":2},"end":{"line":56,"column":null}},"1":{"start":{"line":15,"column":27},"end":{"line":15,"column":null}},"2":{"start":{"line":31,"column":12},"end":{"line":52,"column":null}},"3":{"start":{"line":42,"column":22},"end":{"line":46,"column":null}},"4":{"start":{"line":43,"column":24},"end":{"line":43,"column":null}},"5":{"start":{"line":45,"column":24},"end":{"line":45,"column":null}},"6":{"start":{"line":47,"column":22},"end":{"line":47,"column":null}},"7":{"start":{"line":60,"column":0},"end":{"line":63,"column":null}}},"fnMap":{"0":{"name":"Notifications","decl":{"start":{"line":5,"column":24},"end":{"line":5,"column":38}},"loc":{"start":{"line":5,"column":96},"end":{"line":58,"column":null}},"line":5},"1":{"name":"(anonymous_1)","decl":{"start":{"line":15,"column":21},"end":{"line":15,"column":27}},"loc":{"start":{"line":15,"column":27},"end":{"line":15,"column":null}},"line":15},"2":{"name":"(anonymous_2)","decl":{"start":{"line":30,"column":29},"end":{"line":30,"column":30}},"loc":{"start":{"line":31,"column":12},"end":{"line":52,"column":null}},"line":31},"3":{"name":"(anonymous_3)","decl":{"start":{"line":41,"column":29},"end":{"line":41,"column":35}},"loc":{"start":{"line":41,"column":35},"end":{"line":48,"column":null}},"line":41}},"branchMap":{"0":{"loc":{"start":{"line":5,"column":75},"end":{"line":5,"column":93}},"type":"default-arg","locations":[{"start":{"line":5,"column":82},"end":{"line":5,"column":93}}],"line":5},"1":{"loc":{"start":{"line":13,"column":9},"end":{"line":19,"column":null}},"type":"binary-expr","locations":[{"start":{"line":13,"column":9},"end":{"line":13,"column":null}},{"start":{"line":14,"column":10},"end":{"line":19,"column":null}}],"line":13},"2":{"loc":{"start":{"line":15,"column":27},"end":{"line":15,"column":null}},"type":"binary-expr","locations":[{"start":{"line":15,"column":27},"end":{"line":15,"column":51}},{"start":{"line":15,"column":51},"end":{"line":15,"column":null}}],"line":15},"3":{"loc":{"start":{"line":23,"column":7},"end":{"line":54,"column":null}},"type":"cond-expr","locations":[{"start":{"line":24,"column":8},"end":{"line":27,"column":null}},{"start":{"line":29,"column":8},"end":{"line":54,"column":null}}],"line":23},"4":{"loc":{"start":{"line":37,"column":15},"end":{"line":50,"column":null}},"type":"binary-expr","locations":[{"start":{"line":37,"column":15},"end":{"line":37,"column":null}},{"start":{"line":38,"column":16},"end":{"line":50,"column":null}}],"line":37},"5":{"loc":{"start":{"line":43,"column":24},"end":{"line":43,"column":null}},"type":"binary-expr","locations":[{"start":{"line":43,"column":24},"end":{"line":43,"column":40}},{"start":{"line":43,"column":40},"end":{"line":43,"column":null}}],"line":43}},"s":{"0":3,"1":0,"2":2,"3":1,"4":1,"5":0,"6":1,"7":4},"f":{"0":3,"1":0,"2":2,"3":1},"b":{"0":[3],"1":[3,2],"2":[0,0],"3":[1,2],"4":[2,1],"5":[1,1]},"meta":{"lastBranch":6,"lastFunction":4,"lastStatement":8,"seen":{"f:5:24:5:38":0,"b:5:82:5:93":0,"s:6:2:56:Infinity":0,"b:13:9:13:Infinity:14:10:19:Infinity":1,"f:15:21:15:27":1,"s:15:27:15:Infinity":1,"b:15:27:15:51:15:51:15:Infinity":2,"b:24:8:27:Infinity:29:8:54:Infinity":3,"f:30:29:30:30":2,"s:31:12:52:Infinity":2,"b:37:15:37:Infinity:38:16:50:Infinity":4,"f:41:29:41:35":3,"s:42:22:46:Infinity":3,"s:43:24:43:Infinity":4,"b:43:24:43:40:43:40:43:Infinity":5,"s:45:24:45:Infinity":5,"s:47:22:47:Infinity":6,"s:60:0:63:Infinity":7}}}
,"C:\\Users\\JamesProsper\\lakay\\src\\components\\PartnerHub.jsx": {"path":"C:\\Users\\JamesProsper\\lakay\\src\\components\\PartnerHub.jsx","statementMap":{"0":{"start":{"line":5,"column":25},"end":{"line":9,"column":null}},"1":{"start":{"line":11,"column":22},"end":{"line":54,"column":null}},"2":{"start":{"line":56,"column":23},"end":{"line":60,"column":null}},"3":{"start":{"line":62,"column":2},"end":{"line":118,"column":null}},"4":{"start":{"line":70,"column":12},"end":{"line":73,"column":null}},"5":{"start":{"line":79,"column":8},"end":{"line":104,"column":null}},"6":{"start":{"line":87,"column":18},"end":{"line":87,"column":null}},"7":{"start":{"line":96,"column":31},"end":{"line":96,"column":null}},"8":{"start":{"line":111,"column":12},"end":{"line":114,"column":null}},"9":{"start":{"line":122,"column":0},"end":{"line":124,"column":null}}},"fnMap":{"0":{"name":"PartnerHub","decl":{"start":{"line":4,"column":24},"end":{"line":4,"column":35}},"loc":{"start":{"line":4,"column":50},"end":{"line":120,"column":null}},"line":4},"1":{"name":"(anonymous_1)","decl":{"start":{"line":69,"column":30},"end":{"line":69,"column":31}},"loc":{"start":{"line":70,"column":12},"end":{"line":73,"column":null}},"line":70},"2":{"name":"(anonymous_2)","decl":{"start":{"line":78,"column":23},"end":{"line":78,"column":24}},"loc":{"start":{"line":79,"column":8},"end":{"line":104,"column":null}},"line":79},"3":{"name":"(anonymous_3)","decl":{"start":{"line":86,"column":37},"end":{"line":86,"column":38}},"loc":{"start":{"line":87,"column":18},"end":{"line":87,"column":null}},"line":87},"4":{"name":"(anonymous_4)","decl":{"start":{"line":96,"column":25},"end":{"line":96,"column":31}},"loc":{"start":{"line":96,"column":31},"end":{"line":96,"column":null}},"line":96},"5":{"name":"(anonymous_5)","decl":{"start":{"line":110,"column":28},"end":{"line":110,"column":29}},"loc":{"start":{"line":111,"column":12},"end":{"line":114,"column":null}},"line":111}},"branchMap":{},"s":{"0":1,"1":1,"2":1,"3":1,"4":3,"5":3,"6":9,"7":1,"8":3,"9":3},"f":{"0":1,"1":3,"2":3,"3":9,"4":1,"5":3},"b":{},"meta":{"lastBranch":0,"lastFunction":6,"lastStatement":10,"seen":{"f:4:24:4:35":0,"s:5:25:9:Infinity":0,"s:11:22:54:Infinity":1,"s:56:23:60:Infinity":2,"s:62:2:118:Infinity":3,"f:69:30:69:31":1,"s:70:12:73:Infinity":4,"f:78:23:78:24":2,"s:79:8:104:Infinity":5,"f:86:37:86:38":3,"s:87:18:87:Infinity":6,"f:96:25:96:31":4,"s:96:31:96:Infinity":7,"f:110:28:110:29":5,"s:111:12:114:Infinity":8,"s:122:0:124:Infinity":9}}}
,"C:\\Users\\JamesProsper\\lakay\\src\\components\\PolicyPopup.jsx": {"path":"C:\\Users\\JamesProsper\\lakay\\src\\components\\PolicyPopup.jsx","statementMap":{"0":{"start":{"line":5,"column":2},"end":{"line":42,"column":null}},"1":{"start":{"line":34,"column":102},"end":{"line":34,"column":145}},"2":{"start":{"line":37,"column":102},"end":{"line":37,"column":155}},"3":{"start":{"line":46,"column":0},"end":{"line":50,"column":null}},"4":{"start":{"line":52,"column":0},"end":{"line":55,"column":null}},"5":{"start":{"line":57,"column":15},"end":{"line":102,"column":null}}},"fnMap":{"0":{"name":"PolicyPopup","decl":{"start":{"line":4,"column":24},"end":{"line":4,"column":36}},"loc":{"start":{"line":4,"column":81},"end":{"line":44,"column":null}},"line":4},"1":{"name":"(anonymous_1)","decl":{"start":{"line":34,"column":95},"end":{"line":34,"column":102}},"loc":{"start":{"line":34,"column":102},"end":{"line":34,"column":145}},"line":34},"2":{"name":"(anonymous_2)","decl":{"start":{"line":37,"column":95},"end":{"line":37,"column":102}},"loc":{"start":{"line":37,"column":102},"end":{"line":37,"column":155}},"line":37}},"branchMap":{"0":{"loc":{"start":{"line":34,"column":102},"end":{"line":34,"column":145}},"type":"cond-expr","locations":[{"start":{"line":34,"column":116},"end":{"line":34,"column":132}},{"start":{"line":34,"column":132},"end":{"line":34,"column":145}}],"line":34},"1":{"loc":{"start":{"line":37,"column":102},"end":{"line":37,"column":155}},"type":"cond-expr","locations":[{"start":{"line":37,"column":121},"end":{"line":37,"column":142}},{"start":{"line":37,"column":142},"end":{"line":37,"column":155}}],"line":37}},"s":{"0":2,"1":0,"2":0,"3":2,"4":2,"5":2},"f":{"0":2,"1":0,"2":0},"b":{"0":[0,0],"1":[0,0]},"meta":{"lastBranch":2,"lastFunction":3,"lastStatement":6,"seen":{"f:4:24:4:36":0,"s:5:2:42:Infinity":0,"f:34:95:34:102":1,"s:34:102:34:145":1,"b:34:116:34:132:34:132:34:145":0,"f:37:95:37:102":2,"s:37:102:37:155":2,"b:37:121:37:142:37:142:37:155":1,"s:46:0:50:Infinity":3,"s:52:0:55:Infinity":4,"s:57:15:102:Infinity":5}}}
,"C:\\Users\\JamesProsper\\lakay\\src\\components\\Politics.jsx": {"path":"C:\\Users\\JamesProsper\\lakay\\src\\components\\Politics.jsx","statementMap":{"0":{"start":{"line":5,"column":38},"end":{"line":5,"column":null}},"1":{"start":{"line":7,"column":2},"end":{"line":65,"column":null}},"2":{"start":{"line":19,"column":12},"end":{"line":19,"column":null}},"3":{"start":{"line":25,"column":22},"end":{"line":25,"column":null}},"4":{"start":{"line":26,"column":29},"end":{"line":26,"column":null}},"5":{"start":{"line":27,"column":32},"end":{"line":27,"column":null}},"6":{"start":{"line":28,"column":31},"end":{"line":28,"column":null}},"7":{"start":{"line":29,"column":25},"end":{"line":29,"column":null}},"8":{"start":{"line":31,"column":8},"end":{"line":62,"column":null}},"9":{"start":{"line":37,"column":37},"end":{"line":37,"column":77}},"10":{"start":{"line":38,"column":37},"end":{"line":38,"column":79}},"11":{"start":{"line":39,"column":37},"end":{"line":39,"column":80}},"12":{"start":{"line":45,"column":16},"end":{"line":52,"column":null}},"13":{"start":{"line":51,"column":63},"end":{"line":51,"column":100}},"14":{"start":{"line":56,"column":79},"end":{"line":56,"column":149}},"15":{"start":{"line":56,"column":104},"end":{"line":56,"column":146}},"16":{"start":{"line":57,"column":41},"end":{"line":57,"column":107}},"17":{"start":{"line":57,"column":107},"end":{"line":57,"column":165}},"18":{"start":{"line":57,"column":132},"end":{"line":57,"column":162}},"19":{"start":{"line":69,"column":0},"end":{"line":77,"column":null}}},"fnMap":{"0":{"name":"Politics","decl":{"start":{"line":4,"column":24},"end":{"line":4,"column":33}},"loc":{"start":{"line":4,"column":162},"end":{"line":67,"column":null}},"line":4},"1":{"name":"(anonymous_1)","decl":{"start":{"line":18,"column":39},"end":{"line":18,"column":null}},"loc":{"start":{"line":19,"column":12},"end":{"line":19,"column":null}},"line":19},"2":{"name":"(anonymous_2)","decl":{"start":{"line":24,"column":29},"end":{"line":24,"column":40}},"loc":{"start":{"line":24,"column":40},"end":{"line":64,"column":7}},"line":24},"3":{"name":"(anonymous_3)","decl":{"start":{"line":37,"column":31},"end":{"line":37,"column":37}},"loc":{"start":{"line":37,"column":37},"end":{"line":37,"column":77}},"line":37},"4":{"name":"(anonymous_4)","decl":{"start":{"line":38,"column":31},"end":{"line":38,"column":37}},"loc":{"start":{"line":38,"column":37},"end":{"line":38,"column":79}},"line":38},"5":{"name":"(anonymous_5)","decl":{"start":{"line":39,"column":31},"end":{"line":39,"column":37}},"loc":{"start":{"line":39,"column":37},"end":{"line":39,"column":80}},"line":39},"6":{"name":"(anonymous_6)","decl":{"start":{"line":44,"column":36},"end":{"line":44,"column":null}},"loc":{"start":{"line":45,"column":16},"end":{"line":52,"column":null}},"line":45},"7":{"name":"(anonymous_7)","decl":{"start":{"line":51,"column":57},"end":{"line":51,"column":63}},"loc":{"start":{"line":51,"column":63},"end":{"line":51,"column":100}},"line":51},"8":{"name":"(anonymous_8)","decl":{"start":{"line":56,"column":72},"end":{"line":56,"column":73}},"loc":{"start":{"line":56,"column":79},"end":{"line":56,"column":149}},"line":56},"9":{"name":"(anonymous_9)","decl":{"start":{"line":56,"column":95},"end":{"line":56,"column":104}},"loc":{"start":{"line":56,"column":104},"end":{"line":56,"column":146}},"line":56},"10":{"name":"(anonymous_10)","decl":{"start":{"line":57,"column":33},"end":{"line":57,"column":39}},"loc":{"start":{"line":57,"column":39},"end":{"line":57,"column":168}},"line":57},"11":{"name":"(anonymous_11)","decl":{"start":{"line":57,"column":123},"end":{"line":57,"column":132}},"loc":{"start":{"line":57,"column":132},"end":{"line":57,"column":162}},"line":57}},"branchMap":{"0":{"loc":{"start":{"line":26,"column":29},"end":{"line":26,"column":null}},"type":"cond-expr","locations":[{"start":{"line":26,"column":41},"end":{"line":26,"column":85}},{"start":{"line":26,"column":85},"end":{"line":26,"column":null}}],"line":26},"1":{"loc":{"start":{"line":27,"column":32},"end":{"line":27,"column":null}},"type":"cond-expr","locations":[{"start":{"line":27,"column":44},"end":{"line":27,"column":91}},{"start":{"line":27,"column":91},"end":{"line":27,"column":null}}],"line":27},"2":{"loc":{"start":{"line":28,"column":31},"end":{"line":28,"column":null}},"type":"cond-expr","locations":[{"start":{"line":28,"column":43},"end":{"line":28,"column":89}},{"start":{"line":28,"column":89},"end":{"line":28,"column":null}}],"line":28},"3":{"loc":{"start":{"line":32,"column":95},"end":{"line":32,"column":146}},"type":"cond-expr","locations":[{"start":{"line":32,"column":106},"end":{"line":32,"column":126}},{"start":{"line":32,"column":126},"end":{"line":32,"column":146}}],"line":32},"4":{"loc":{"start":{"line":37,"column":109},"end":{"line":37,"column":184}},"type":"cond-expr","locations":[{"start":{"line":37,"column":132},"end":{"line":37,"column":160}},{"start":{"line":37,"column":160},"end":{"line":37,"column":184}}],"line":37},"5":{"loc":{"start":{"line":38,"column":111},"end":{"line":38,"column":189}},"type":"cond-expr","locations":[{"start":{"line":38,"column":136},"end":{"line":38,"column":165}},{"start":{"line":38,"column":165},"end":{"line":38,"column":189}}],"line":38},"6":{"loc":{"start":{"line":39,"column":112},"end":{"line":39,"column":188}},"type":"cond-expr","locations":[{"start":{"line":39,"column":138},"end":{"line":39,"column":164}},{"start":{"line":39,"column":164},"end":{"line":39,"column":188}}],"line":39},"7":{"loc":{"start":{"line":51,"column":141},"end":{"line":51,"column":154}},"type":"binary-expr","locations":[{"start":{"line":51,"column":141},"end":{"line":51,"column":152}},{"start":{"line":51,"column":152},"end":{"line":51,"column":154}}],"line":51},"8":{"loc":{"start":{"line":56,"column":30},"end":{"line":56,"column":62}},"type":"binary-expr","locations":[{"start":{"line":56,"column":30},"end":{"line":56,"column":58}},{"start":{"line":56,"column":58},"end":{"line":56,"column":62}}],"line":56},"9":{"loc":{"start":{"line":57,"column":74},"end":{"line":57,"column":104}},"type":"binary-expr","locations":[{"start":{"line":57,"column":74},"end":{"line":57,"column":102}},{"start":{"line":57,"column":102},"end":{"line":57,"column":104}}],"line":57}},"s":{"0":1,"1":1,"2":0,"3":1,"4":1,"5":1,"6":1,"7":1,"8":1,"9":1,"10":0,"11":0,"12":0,"13":0,"14":0,"15":0,"16":0,"17":0,"18":0,"19":3},"f":{"0":1,"1":0,"2":1,"3":1,"4":0,"5":0,"6":0,"7":0,"8":0,"9":0,"10":0,"11":0},"b":{"0":[0,1],"1":[0,1],"2":[0,1],"3":[0,1],"4":[0,1],"5":[0,1],"6":[0,1],"7":[0,0],"8":[1,1],"9":[0,0]},"meta":{"lastBranch":10,"lastFunction":12,"lastStatement":20,"seen":{"f:4:24:4:33":0,"s:5:38:5:Infinity":0,"s:7:2:65:Infinity":1,"f:18:39:18:Infinity":1,"s:19:12:19:Infinity":2,"f:24:29:24:40":2,"s:25:22:25:Infinity":3,"s:26:29:26:Infinity":4,"b:26:41:26:85:26:85:26:Infinity":0,"s:27:32:27:Infinity":5,"b:27:44:27:91:27:91:27:Infinity":1,"s:28:31:28:Infinity":6,"b:28:43:28:89:28:89:28:Infinity":2,"s:29:25:29:Infinity":7,"s:31:8:62:Infinity":8,"b:32:106:32:126:32:126:32:146":3,"f:37:31:37:37":3,"s:37:37:37:77":9,"b:37:132:37:160:37:160:37:184":4,"f:38:31:38:37":4,"s:38:37:38:79":10,"b:38:136:38:165:38:165:38:189":5,"f:39:31:39:37":5,"s:39:37:39:80":11,"b:39:138:39:164:39:164:39:188":6,"f:44:36:44:Infinity":6,"s:45:16:52:Infinity":12,"f:51:57:51:63":7,"s:51:63:51:100":13,"b:51:141:51:152:51:152:51:154":7,"b:56:30:56:58:56:58:56:62":8,"f:56:72:56:73":8,"s:56:79:56:149":14,"f:56:95:56:104":9,"s:56:104:56:146":15,"f:57:33:57:39":10,"s:57:41:57:107":16,"b:57:74:57:102:57:102:57:104":9,"s:57:107:57:165":17,"f:57:123:57:132":11,"s:57:132:57:162":18,"s:69:0:77:Infinity":19}}}
,"C:\\Users\\JamesProsper\\lakay\\src\\components\\PrivateMessages.jsx": {"path":"C:\\Users\\JamesProsper\\lakay\\src\\components\\PrivateMessages.jsx","statementMap":{"0":{"start":{"line":20,"column":2},"end":{"line":72,"column":null}},"1":{"start":{"line":29,"column":34},"end":{"line":29,"column":null}},"2":{"start":{"line":30,"column":31},"end":{"line":30,"column":null}},"3":{"start":{"line":31,"column":14},"end":{"line":49,"column":null}},"4":{"start":{"line":34,"column":35},"end":{"line":34,"column":61}},"5":{"start":{"line":34,"column":61},"end":{"line":34,"column":87}},"6":{"start":{"line":56,"column":33},"end":{"line":56,"column":59}},"7":{"start":{"line":66,"column":40},"end":{"line":66,"column":null}},"8":{"start":{"line":67,"column":67},"end":{"line":67,"column":103}},"9":{"start":{"line":76,"column":0},"end":{"line":89,"column":null}}},"fnMap":{"0":{"name":"PrivateMessages","decl":{"start":{"line":6,"column":24},"end":{"line":6,"column":40}},"loc":{"start":{"line":19,"column":3},"end":{"line":74,"column":null}},"line":19},"1":{"name":"(anonymous_1)","decl":{"start":{"line":28,"column":27},"end":{"line":28,"column":28}},"loc":{"start":{"line":28,"column":37},"end":{"line":51,"column":13}},"line":28},"2":{"name":"(anonymous_2)","decl":{"start":{"line":34,"column":27},"end":{"line":34,"column":33}},"loc":{"start":{"line":34,"column":33},"end":{"line":34,"column":null}},"line":34},"3":{"name":"(anonymous_3)","decl":{"start":{"line":56,"column":27},"end":{"line":56,"column":33}},"loc":{"start":{"line":56,"column":33},"end":{"line":56,"column":59}},"line":56},"4":{"name":"(anonymous_4)","decl":{"start":{"line":66,"column":27},"end":{"line":66,"column":28}},"loc":{"start":{"line":66,"column":40},"end":{"line":66,"column":null}},"line":66},"5":{"name":"(anonymous_5)","decl":{"start":{"line":67,"column":43},"end":{"line":67,"column":44}},"loc":{"start":{"line":67,"column":67},"end":{"line":67,"column":103}},"line":67}},"branchMap":{"0":{"loc":{"start":{"line":22,"column":7},"end":{"line":70,"column":null}},"type":"cond-expr","locations":[{"start":{"line":23,"column":8},"end":{"line":53,"column":null}},{"start":{"line":55,"column":8},"end":{"line":70,"column":null}}],"line":22},"1":{"loc":{"start":{"line":25,"column":11},"end":{"line":51,"column":null}},"type":"cond-expr","locations":[{"start":{"line":26,"column":12},"end":{"line":26,"column":null}},{"start":{"line":28,"column":12},"end":{"line":51,"column":null}}],"line":25},"2":{"loc":{"start":{"line":42,"column":23},"end":{"line":42,"column":null}},"type":"binary-expr","locations":[{"start":{"line":42,"column":23},"end":{"line":42,"column":35}},{"start":{"line":42,"column":35},"end":{"line":42,"column":null}}],"line":42},"3":{"loc":{"start":{"line":45,"column":19},"end":{"line":46,"column":null}},"type":"binary-expr","locations":[{"start":{"line":45,"column":19},"end":{"line":45,"column":null}},{"start":{"line":46,"column":20},"end":{"line":46,"column":null}}],"line":45},"4":{"loc":{"start":{"line":67,"column":27},"end":{"line":67,"column":null}},"type":"cond-expr","locations":[{"start":{"line":67,"column":43},"end":{"line":67,"column":103}},{"start":{"line":67,"column":103},"end":{"line":67,"column":null}}],"line":67}},"s":{"0":6,"1":3,"2":3,"3":3,"4":1,"5":1,"6":0,"7":1,"8":0,"9":2},"f":{"0":6,"1":3,"2":1,"3":0,"4":1,"5":0},"b":{"0":[3,3],"1":[0,3],"2":[3,0],"3":[3,0],"4":[0,0]},"meta":{"lastBranch":5,"lastFunction":6,"lastStatement":10,"seen":{"f:6:24:6:40":0,"s:20:2:72:Infinity":0,"b:23:8:53:Infinity:55:8:70:Infinity":0,"b:26:12:26:Infinity:28:12:51:Infinity":1,"f:28:27:28:28":1,"s:29:34:29:Infinity":1,"s:30:31:30:Infinity":2,"s:31:14:49:Infinity":3,"f:34:27:34:33":2,"s:34:35:34:61":4,"s:34:61:34:87":5,"b:42:23:42:35:42:35:42:Infinity":2,"b:45:19:45:Infinity:46:20:46:Infinity":3,"f:56:27:56:33":3,"s:56:33:56:59":6,"f:66:27:66:28":4,"s:66:40:66:Infinity":7,"b:67:43:67:103:67:103:67:Infinity":4,"f:67:43:67:44":5,"s:67:67:67:103":8,"s:76:0:89:Infinity":9}}}
,"C:\\Users\\JamesProsper\\lakay\\src\\components\\ProfileView.jsx": {"path":"C:\\Users\\JamesProsper\\lakay\\src\\components\\ProfileView.jsx","statementMap":{"0":{"start":{"line":33,"column":2},"end":{"line":147,"column":null}},"1":{"start":{"line":62,"column":126},"end":{"line":62,"column":168}},"2":{"start":{"line":73,"column":121},"end":{"line":73,"column":154}},"3":{"start":{"line":84,"column":34},"end":{"line":84,"column":null}},"4":{"start":{"line":85,"column":16},"end":{"line":109,"column":null}},"5":{"start":{"line":104,"column":49},"end":{"line":104,"column":82}},"6":{"start":{"line":106,"column":47},"end":{"line":106,"column":74}},"7":{"start":{"line":129,"column":121},"end":{"line":129,"column":162}},"8":{"start":{"line":133,"column":118},"end":{"line":133,"column":156}},"9":{"start":{"line":151,"column":0},"end":{"line":178,"column":null}}},"fnMap":{"0":{"name":"ProfileView","decl":{"start":{"line":5,"column":24},"end":{"line":5,"column":36}},"loc":{"start":{"line":32,"column":3},"end":{"line":149,"column":null}},"line":32},"1":{"name":"(anonymous_1)","decl":{"start":{"line":62,"column":119},"end":{"line":62,"column":120}},"loc":{"start":{"line":62,"column":126},"end":{"line":62,"column":168}},"line":62},"2":{"name":"(anonymous_2)","decl":{"start":{"line":73,"column":114},"end":{"line":73,"column":115}},"loc":{"start":{"line":73,"column":121},"end":{"line":73,"column":154}},"line":73},"3":{"name":"(anonymous_3)","decl":{"start":{"line":83,"column":28},"end":{"line":83,"column":29}},"loc":{"start":{"line":83,"column":39},"end":{"line":111,"column":15}},"line":83},"4":{"name":"(anonymous_4)","decl":{"start":{"line":104,"column":43},"end":{"line":104,"column":49}},"loc":{"start":{"line":104,"column":49},"end":{"line":104,"column":82}},"line":104},"5":{"name":"(anonymous_5)","decl":{"start":{"line":106,"column":41},"end":{"line":106,"column":47}},"loc":{"start":{"line":106,"column":47},"end":{"line":106,"column":74}},"line":106},"6":{"name":"(anonymous_6)","decl":{"start":{"line":129,"column":114},"end":{"line":129,"column":115}},"loc":{"start":{"line":129,"column":121},"end":{"line":129,"column":162}},"line":129},"7":{"name":"(anonymous_7)","decl":{"start":{"line":133,"column":111},"end":{"line":133,"column":112}},"loc":{"start":{"line":133,"column":118},"end":{"line":133,"column":156}},"line":133}},"branchMap":{"0":{"loc":{"start":{"line":38,"column":13},"end":{"line":41,"column":null}},"type":"cond-expr","locations":[{"start":{"line":39,"column":14},"end":{"line":39,"column":null}},{"start":{"line":41,"column":14},"end":{"line":41,"column":null}}],"line":38},"1":{"loc":{"start":{"line":46,"column":62},"end":{"line":46,"column":81}},"type":"binary-expr","locations":[{"start":{"line":46,"column":62},"end":{"line":46,"column":79}},{"start":{"line":46,"column":79},"end":{"line":46,"column":81}}],"line":46},"2":{"loc":{"start":{"line":48,"column":57},"end":{"line":48,"column":89}},"type":"binary-expr","locations":[{"start":{"line":48,"column":57},"end":{"line":48,"column":71}},{"start":{"line":48,"column":71},"end":{"line":48,"column":89}}],"line":48},"3":{"loc":{"start":{"line":52,"column":9},"end":{"line":67,"column":null}},"type":"binary-expr","locations":[{"start":{"line":52,"column":9},"end":{"line":52,"column":null}},{"start":{"line":53,"column":10},"end":{"line":67,"column":null}}],"line":52},"4":{"loc":{"start":{"line":56,"column":55},"end":{"line":56,"column":78}},"type":"binary-expr","locations":[{"start":{"line":56,"column":55},"end":{"line":56,"column":75}},{"start":{"line":56,"column":75},"end":{"line":56,"column":78}}],"line":56},"5":{"loc":{"start":{"line":60,"column":96},"end":{"line":60,"column":163}},"type":"cond-expr","locations":[{"start":{"line":60,"column":116},"end":{"line":60,"column":132}},{"start":{"line":60,"column":132},"end":{"line":60,"column":163}}],"line":60},"6":{"loc":{"start":{"line":61,"column":17},"end":{"line":61,"column":null}},"type":"cond-expr","locations":[{"start":{"line":61,"column":37},"end":{"line":61,"column":54}},{"start":{"line":61,"column":54},"end":{"line":61,"column":null}}],"line":61},"7":{"loc":{"start":{"line":72,"column":11},"end":{"line":75,"column":null}},"type":"cond-expr","locations":[{"start":{"line":73,"column":12},"end":{"line":73,"column":null}},{"start":{"line":75,"column":12},"end":{"line":75,"column":null}}],"line":72},"8":{"loc":{"start":{"line":75,"column":71},"end":{"line":75,"column":94}},"type":"binary-expr","locations":[{"start":{"line":75,"column":71},"end":{"line":75,"column":80}},{"start":{"line":75,"column":80},"end":{"line":75,"column":94}}],"line":75},"9":{"loc":{"start":{"line":81,"column":11},"end":{"line":114,"column":null}},"type":"cond-expr","locations":[{"start":{"line":82,"column":12},"end":{"line":112,"column":null}},{"start":{"line":114,"column":12},"end":{"line":114,"column":null}}],"line":81},"10":{"loc":{"start":{"line":86,"column":127},"end":{"line":86,"column":204}},"type":"cond-expr","locations":[{"start":{"line":86,"column":139},"end":{"line":86,"column":191}},{"start":{"line":86,"column":191},"end":{"line":86,"column":204}}],"line":86},"11":{"loc":{"start":{"line":91,"column":29},"end":{"line":91,"column":83}},"type":"binary-expr","locations":[{"start":{"line":91,"column":29},"end":{"line":91,"column":72}},{"start":{"line":91,"column":72},"end":{"line":91,"column":83}}],"line":91},"12":{"loc":{"start":{"line":92,"column":23},"end":{"line":92,"column":null}},"type":"binary-expr","locations":[{"start":{"line":92,"column":23},"end":{"line":92,"column":43}},{"start":{"line":92,"column":43},"end":{"line":92,"column":null}}],"line":92},"13":{"loc":{"start":{"line":95,"column":21},"end":{"line":98,"column":null}},"type":"binary-expr","locations":[{"start":{"line":95,"column":21},"end":{"line":95,"column":null}},{"start":{"line":96,"column":22},"end":{"line":98,"column":null}}],"line":95},"14":{"loc":{"start":{"line":101,"column":21},"end":{"line":107,"column":null}},"type":"binary-expr","locations":[{"start":{"line":101,"column":21},"end":{"line":101,"column":29}},{"start":{"line":101,"column":29},"end":{"line":101,"column":null}},{"start":{"line":102,"column":22},"end":{"line":107,"column":null}}],"line":101},"15":{"loc":{"start":{"line":103,"column":25},"end":{"line":104,"column":null}},"type":"binary-expr","locations":[{"start":{"line":103,"column":25},"end":{"line":103,"column":null}},{"start":{"line":104,"column":26},"end":{"line":104,"column":null}}],"line":103},"16":{"loc":{"start":{"line":121,"column":151},"end":{"line":121,"column":192}},"type":"cond-expr","locations":[{"start":{"line":121,"column":167},"end":{"line":121,"column":183}},{
[...]
umn":43},"end":{"line":50,"column":1}},"line":45},"8":{"name":"assignUserRole","decl":{"start":{"line":52,"column":22},"end":{"line":52,"column":36}},"loc":{"start":{"line":52,"column":53},"end":{"line":58,"column":1}},"line":52},"9":{"name":"removeUserRole","decl":{"start":{"line":60,"column":22},"end":{"line":60,"column":36}},"loc":{"start":{"line":60,"column":53},"end":{"line":65,"column":1}},"line":60},"10":{"name":"getUserRoles","decl":{"start":{"line":67,"column":22},"end":{"line":67,"column":34}},"loc":{"start":{"line":67,"column":45},"end":{"line":72,"column":1}},"line":67},"11":{"name":"getAdminLogs","decl":{"start":{"line":74,"column":22},"end":{"line":74,"column":34}},"loc":{"start":{"line":74,"column":37},"end":{"line":79,"column":1}},"line":74},"12":{"name":"getAdminStats","decl":{"start":{"line":81,"column":22},"end":{"line":81,"column":35}},"loc":{"start":{"line":81,"column":38},"end":{"line":86,"column":1}},"line":81},"13":{"name":"adminCreateUser","decl":{"start":{"line":88,"column":22},"end":{"line":88,"column":37}},"loc":{"start":{"line":88,"column":69},"end":{"line":94,"column":1}},"line":88},"14":{"name":"adminResetPassword","decl":{"start":{"line":96,"column":22},"end":{"line":96,"column":40}},"loc":{"start":{"line":96,"column":64},"end":{"line":102,"column":1}},"line":96},"15":{"name":"getAllPosts","decl":{"start":{"line":104,"column":22},"end":{"line":104,"column":33}},"loc":{"start":{"line":104,"column":36},"end":{"line":109,"column":1}},"line":104},"16":{"name":"deletePost","decl":{"start":{"line":111,"column":22},"end":{"line":111,"column":32}},"loc":{"start":{"line":111,"column":41},"end":{"line":116,"column":1}},"line":111},"17":{"name":"getAllMessages","decl":{"start":{"line":118,"column":22},"end":{"line":118,"column":36}},"loc":{"start":{"line":118,"column":39},"end":{"line":123,"column":1}},"line":118},"18":{"name":"deleteMessage","decl":{"start":{"line":125,"column":22},"end":{"line":125,"column":35}},"loc":{"start":{"line":125,"column":47},"end":{"line":130,"column":1}},"line":125},"19":{"name":"adminUpdateUserProfile","decl":{"start":{"line":132,"column":22},"end":{"line":132,"column":44}},"loc":{"start":{"line":132,"column":87},"end":{"line":138,"column":1}},"line":132},"20":{"name":"getSystemSettings","decl":{"start":{"line":140,"column":22},"end":{"line":140,"column":39}},"loc":{"start":{"line":140,"column":42},"end":{"line":145,"column":1}},"line":140},"21":{"name":"updateSystemSettings","decl":{"start":{"line":147,"column":22},"end":{"line":147,"column":42}},"loc":{"start":{"line":147,"column":53},"end":{"line":153,"column":1}},"line":147},"22":{"name":"getPendingPosts","decl":{"start":{"line":155,"column":22},"end":{"line":155,"column":37}},"loc":{"start":{"line":155,"column":40},"end":{"line":160,"column":1}},"line":155},"23":{"name":"approvePost","decl":{"start":{"line":162,"column":22},"end":{"line":162,"column":33}},"loc":{"start":{"line":162,"column":42},"end":{"line":167,"column":1}},"line":162},"24":{"name":"rejectPost","decl":{"start":{"line":169,"column":22},"end":{"line":169,"column":32}},"loc":{"start":{"line":169,"column":41},"end":{"line":174,"column":null}},"line":169}},"branchMap":{},"s":{"0":0,"1":0,"2":0,"3":0,"4":0,"5":0,"6":0,"7":0,"8":0,"9":0,"10":0,"11":0,"12":0,"13":0,"14":0,"15":0,"16":0,"17":0,"18":0,"19":0,"20":0,"21":0,"22":0,"23":0,"24":0,"25":0,"26":0,"27":0,"28":0},"f":{"0":0,"1":0,"2":0,"3":0,"4":0,"5":0,"6":0,"7":0,"8":0,"9":0,"10":0,"11":0,"12":0,"13":0,"14":0,"15":0,"16":0,"17":0,"18":0,"19":0,"20":0,"21":0,"22":0,"23":0,"24":0},"b":{},"meta":{"lastBranch":0,"lastFunction":25,"lastStatement":29,"seen":{"f:3:22:3:28":0,"s:4:17:7:4":0,"s:8:1:8:25":1,"s:9:2:9:16":2,"f:12:22:12:27":1,"s:13:17:16:4":3,"s:17:1:17:25":4,"s:18:2:18:16":5,"f:21:22:21:28":2,"s:22:1:22:17":6,"f:25:22:25:32":3,"s:26:2:26:28":7,"f:29:22:29:33":4,"s:30:2:30:52":8,"f:33:22:33:29":5,"s:34:2:34:84":9,"f:37:22:37:39":6,"s:38:2:42:5":10,"f:45:22:45:32":7,"s:46:2:49:5":11,"f:52:22:52:36":8,"s:53:2:57:5":12,"f:60:22:60:36":9,"s:61:2:64:5":13,"f:67:22:67:34":10,"s:68:2:71:5":14,"f:74:22:74:34":11,"s:75:2:78:5":15,"f:81:22:81:35":12,"s:82:2:85:5":16,"f:88:22:88:37":13,"s:89:2:93:5":17,"f:96:22:96:40":14,"s:97:2:101:5":18,"f:104:22:104:33":15,"s:105:2:108:5":19,"f:111:22:111:32":16,"s:112:2:115:5":20,"f:118:22:118:36":17,"s:119:2:122:5":21,"f:125:22:125:35":18,"s:126:2:129:5":22,"f:132:22:132:44":19,"s:133:2:137:5":23,"f:140:22:140:39":20,"s:141:2:144:5":24,"f:147:22:147:42":21,"s:148:2:152:5":25,"f:155:22:155:37":22,"s:156:2:159:5":26,"f:162:22:162:33":23,"s:163:2:166:5":27,"f:169:22:169:32":24,"s:170:2:173:5":28}}}
,"C:\\Users\\JamesProsper\\lakay\\src\\services\\i18n.js": {"path":"C:\\Users\\JamesProsper\\lakay\\src\\services\\i18n.js","statementMap":{"0":{"start":{"line":6,"column":21},"end":{"line":6,"column":39}},"1":{"start":{"line":8,"column":22},"end":{"line":8,"column":26}},"2":{"start":{"line":11,"column":2},"end":{"line":14,"column":3}},"3":{"start":{"line":12,"column":4},"end":{"line":12,"column":27}},"4":{"start":{"line":13,"column":4},"end":{"line":13,"column":49}},"5":{"start":{"line":18,"column":2},"end":{"line":18,"column":25}},"6":{"start":{"line":22,"column":2},"end":{"line":22,"column":53}},"7":{"start":{"line":26,"column":16},"end":{"line":26,"column":54}},"8":{"start":{"line":27,"column":2},"end":{"line":29,"column":3}},"9":{"start":{"line":28,"column":4},"end":{"line":28,"column":28}},"10":{"start":{"line":33,"column":0},"end":{"line":33,"column":15}}},"fnMap":{"0":{"name":"setLanguage","decl":{"start":{"line":10,"column":16},"end":{"line":10,"column":27}},"loc":{"start":{"line":10,"column":34},"end":{"line":15,"column":1}},"line":10},"1":{"name":"getLanguage","decl":{"start":{"line":17,"column":16},"end":{"line":17,"column":27}},"loc":{"start":{"line":17,"column":30},"end":{"line":19,"column":1}},"line":17},"2":{"name":"t","decl":{"start":{"line":21,"column":16},"end":{"line":21,"column":17}},"loc":{"start":{"line":21,"column":23},"end":{"line":23,"column":1}},"line":21},"3":{"name":"loadLanguage","decl":{"start":{"line":25,"column":16},"end":{"line":25,"column":28}},"loc":{"start":{"line":25,"column":31},"end":{"line":30,"column":1}},"line":25}},"branchMap":{"0":{"loc":{"start":{"line":11,"column":2},"end":{"line":14,"column":3}},"type":"if","locations":[{"start":{"line":11,"column":2},"end":{"line":14,"column":3}},{"start":{},"end":{}}],"line":11},"1":{"loc":{"start":{"line":22,"column":9},"end":{"line":22,"column":52}},"type":"binary-expr","locations":[{"start":{"line":22,"column":9},"end":{"line":22,"column":45}},{"start":{"line":22,"column":49},"end":{"line":22,"column":52}}],"line":22},"2":{"loc":{"start":{"line":27,"column":2},"end":{"line":29,"column":3}},"type":"if","locations":[{"start":{"line":27,"column":2},"end":{"line":29,"column":3}},{"start":{},"end":{}}],"line":27},"3":{"loc":{"start":{"line":27,"column":6},"end":{"line":27,"column":34}},"type":"binary-expr","locations":[{"start":{"line":27,"column":6},"end":{"line":27,"column":11}},{"start":{"line":27,"column":15},"end":{"line":27,"column":34}}],"line":27}},"s":{"0":2,"1":2,"2":0,"3":0,"4":0,"5":0,"6":0,"7":2,"8":2,"9":0,"10":2},"f":{"0":0,"1":0,"2":0,"3":2},"b":{"0":[0,0],"1":[0,0],"2":[0,2],"3":[2,0]},"meta":{"lastBranch":4,"lastFunction":4,"lastStatement":11,"seen":{"s:6:21:6:39":0,"s:8:22:8:26":1,"f:10:16:10:27":0,"b:11:2:14:3:undefined:undefined:undefined:undefined":0,"s:11:2:14:3":2,"s:12:4:12:27":3,"s:13:4:13:49":4,"f:17:16:17:27":1,"s:18:2:18:25":5,"f:21:16:21:17":2,"s:22:2:22:53":6,"b:22:9:22:45:22:49:22:52":1,"f:25:16:25:28":3,"s:26:16:26:54":7,"b:27:2:29:3:undefined:undefined:undefined:undefined":2,"s:27:2:29:3":8,"b:27:6:27:11:27:15:27:34":3,"s:28:4:28:28":9,"s:33:0:33:15":10}}}
,"C:\\Users\\JamesProsper\\lakay\\src\\utils\\constants.js": {"path":"C:\\Users\\JamesProsper\\lakay\\src\\utils\\constants.js","statementMap":{"0":{"start":{"line":1,"column":22},"end":{"line":1,"column":39}},"1":{"start":{"line":3,"column":28},"end":{"line":7,"column":1}},"2":{"start":{"line":9,"column":39},"end":{"line":20,"column":1}}},"fnMap":{},"branchMap":{},"s":{"0":2,"1":2,"2":2},"f":{},"b":{},"meta":{"lastBranch":0,"lastFunction":0,"lastStatement":3,"seen":{"s:1:22:1:39":0,"s:3:28:7:1":1,"s:9:39:20:1":2}}}
,"C:\\Users\\JamesProsper\\lakay\\src\\utils\\helpers.js": {"path":"C:\\Users\\JamesProsper\\lakay\\src\\utils\\helpers.js","statementMap":{"0":{"start":{"line":4,"column":2},"end":{"line":9,"column":3}},"1":{"start":{"line":5,"column":16},"end":{"line":5,"column":44}},"2":{"start":{"line":6,"column":4},"end":{"line":6,"column":40}},"3":{"start":{"line":8,"column":4},"end":{"line":8,"column":16}},"4":{"start":{"line":13,"column":2},"end":{"line":17,"column":3}},"5":{"start":{"line":14,"column":4},"end":{"line":14,"column":55}},"6":{"start":{"line":16,"column":4},"end":{"line":16,"column":46}},"7":{"start":{"line":21,"column":20},"end":{"line":21,"column":38}},"8":{"start":{"line":22,"column":2},"end":{"line":22,"column":61}},"9":{"start":{"line":22,"column":35},"end":{"line":22,"column":59}},"10":{"start":{"line":26,"column":17},"end":{"line":26,"column":19}},"11":{"start":{"line":27,"column":2},"end":{"line":27,"column":59}},"12":{"start":{"line":27,"column":22},"end":{"line":27,"column":59}},"13":{"start":{"line":28,"column":2},"end":{"line":28,"column":62}},"14":{"start":{"line":28,"column":26},"end":{"line":28,"column":62}},"15":{"start":{"line":29,"column":2},"end":{"line":29,"column":62}},"16":{"start":{"line":29,"column":26},"end":{"line":29,"column":62}},"17":{"start":{"line":30,"column":2},"end":{"line":30,"column":52}},"18":{"start":{"line":30,"column":26},"end":{"line":30,"column":52}},"19":{"start":{"line":31,"column":2},"end":{"line":31,"column":79}},"20":{"start":{"line":31,"column":31},"end":{"line":31,"column":79}},"21":{"start":{"line":32,"column":2},"end":{"line":32,"column":16}},"22":{"start":{"line":36,"column":21},"end":{"line":36,"column":49}},"23":{"start":{"line":37,"column":2},"end":{"line":37,"column":32}},"24":{"start":{"line":41,"column":2},"end":{"line":72,"column":5}},"25":{"start":{"line":42,"column":19},"end":{"line":42,"column":35}},"26":{"start":{"line":43,"column":4},"end":{"line":70,"column":6}},"27":{"start":{"line":44,"column":18},"end":{"line":44,"column":29}},"28":{"start":{"line":45,"column":6},"end":{"line":68,"column":8}},"29":{"start":{"line":46,"column":23},"end":{"line":46,"column":55}},"30":{"start":{"line":47,"column":20},"end":{"line":47,"column":29}},"31":{"start":{"line":48,"column":21},"end":{"line":48,"column":31}},"32":{"start":{"line":50,"column":8},"end":{"line":60,"column":9}},"33":{"start":{"line":51,"column":10},"end":{"line":54,"column":11}},"34":{"start":{"line":52,"column":12},"end":{"line":52,"column":39}},"35":{"start":{"line":53,"column":12},"end":{"line":53,"column":29}},"36":{"start":{"line":56,"column":10},"end":{"line":59,"column":11}},"37":{"start":{"line":57,"column":12},"end":{"line":57,"column":39}},"38":{"start":{"line":58,"column":12},"end":{"line":58,"column":30}},"39":{"start":{"line":62,"column":8},"end":{"line":62,"column":29}},"40":{"start":{"line":63,"column":8},"end":{"line":63,"column":31}},"41":{"start":{"line":64,"column":20},"end":{"line":64,"column":43}},"42":{"start":{"line":65,"column":8},"end":{"line":65,"column":48}},"43":{"start":{"line":67,"column":8},"end":{"line":67,"column":57}},"44":{"start":{"line":69,"column":6},"end":{"line":69,"column":32}},"45":{"start":{"line":71,"column":4},"end":{"line":71,"column":31}}},"fnMap":{"0":{"name":"loadState","decl":{"start":{"line":3,"column":16},"end":{"line":3,"column":25}},"loc":{"start":{"line":3,"column":28},"end":{"line":10,"column":1}},"line":3},"1":{"name":"saveState","decl":{"start":{"line":12,"column":16},"end":{"line":12,"column":25}},"loc":{"start":{"line":12,"column":32},"end":{"line":18,"column":1}},"line":12},"2":{"name":"containsProfanity","decl":{"start":{"line":20,"column":16},"end":{"line":20,"column":33}},"loc":{"start":{"line":20,"column":40},"end":{"line":23,"column":1}},"line":20},"3":{"name":"(anonymous_3)","decl":{"start":{"line":22,"column":27},"end":{"line":22,"column":31}},"loc":{"start":{"line":22,"column":35},"end":{"line":22,"column":59}},"line":22},"4":{"name":"validatePassword","decl":{"start":{"line":25,"column":16},"end":{"line":25,"column":32}},"loc":{"start":{"line":25,"column":38},"end":{"line":33,"column":1}},"line":25},"5":{"name":"validateEmail","decl":{"start":{"line":35,"column":16},"end":{"line":35,"column":29}},"loc":{"start":{"line":35,"column":37},"end":{"line":38,"column":1}},"line":35},"6":{"name":"compressImage","decl":{"start":{"line":40,"column":16},"end":{"line":40,"column":29}},"loc":{"start":{"line":40,"column":68},"end":{"line":73,"column":null}},"line":40},"7":{"name":"(anonymous_7)","decl":{"start":{"line":41,"column":21},"end":{"line":41,"column":22}},"loc":{"start":{"line":41,"column":34},"end":{"line":72,"column":3}},"line":41},"8":{"name":"(anonymous_8)","decl":{"start":{"line":43,"column":20},"end":{"line":43,"column":21}},"loc":{"start":{"line":43,"column":27},"end":{"line":70,"column":5}},"line":43},"9":{"name":"(anonymous_9)","decl":{"start":{"line":45,"column":19},"end":{"line":45,"column":20}},"loc":{"start":{"line":45,"column":25},"end":{"line":68,"column":7}},"line":45}},"branchMap":{"0":{"loc":{"start":{"line":6,"column":11},"end":{"line":6,"column":39}},"type":"cond-expr","locations":[{"start":{"line":6,"column":17},"end":{"line":6,"column":32}},{"start":{"line":6,"column":35},"end":{"line":6,"column":39}}],"line":6},"1":{"loc":{"start":{"line":27,"column":2},"end":{"line":27,"column":59}},"type":"if","locations":[{"start":{"line":27,"column":2},"end":{"line":27,"column":59}},{"start":{},"end":{}}],"line":27},"2":{"loc":{"start":{"line":28,"column":2},"end":{"line":28,"column":62}},"type":"if","locations":[{"start":{"line":28,"column":2},"end":{"line":28,"column":62}},{"start":{},"end":{}}],"line":28},"3":{"loc":{"start":{"line":29,"column":2},"end":{"line":29,"column":62}},"type":"if","locations":[{"start":{"line":29,"column":2},"end":{"line":29,"column":62}},{"start":{},"end":{}}],"line":29},"4":{"loc":{"start":{"line":30,"column":2},"end":{"line":30,"column":52}},"type":"if","locations":[{"start":{"line":30,"column":2},"end":{"line":30,"column":52}},{"start":{},"end":{}}],"line":30},"5":{"loc":{"start":{"line":31,"column":2},"end":{"line":31,"column":79}},"type":"if","locations":[{"start":{"line":31,"column":2},"end":{"line":31,"column":79}},{"start":{},"end":{}}],"line":31},"6":{"loc":{"start":{"line":40,"column":36},"end":{"line":40,"column":51}},"type":"default-arg","locations":[{"start":{"line":40,"column":47},"end":{"line":40,"column":51}}],"line":40},"7":{"loc":{"start":{"line":40,"column":53},"end":{"line":40,"column":66}},"type":"default-arg","locations":[{"start":{"line":40,"column":63},"end":{"line":40,"column":66}}],"line":40},"8":{"loc":{"start":{"line":50,"column":8},"end":{"line":60,"column":9}},"type":"if","locations":[{"start":{"line":50,"column":8},"end":{"line":60,"column":9}},{"start":{"line":55,"column":15},"end":{"line":60,"column":9}}],"line":50},"9":{"loc":{"start":{"line":51,"column":10},"end":{"line":54,"column":11}},"type":"if","locations":[{"start":{"line":51,"column":10},"end":{"line":54,"column":11}},{"start":{},"end":{}}],"line":51},"10":{"loc":{"start":{"line":56,"column":10},"end":{"line":59,"column":11}},"type":"if","locations":[{"start":{"line":56,"column":10},"end":{"line":59,"column":11}},{"start":{},"end":{}}],"line":56}},"s":{"0":2,"1":2,"2":2,"3":0,"4":10,"5":10,"6":0,"7":0,"8":0,"9":0,"10":0,"11":0,"12":0,"13":0,"14":0,"15":0,"16":0,"17":0,"18":0,"19":0,"20":0,"21":0,"22":0,"23":0,"24":0,"25":0,"26":0,"27":0,"28":0,"29":0,"30":0,"31":0,"32":0,"33":0,"34":0,"35":0,"36":0,"37":0,"38":0,"39":0,"40":0,"41":0,"42":0,"43":0,"44":0,"45":0},"f":{"0":2,"1":10,"2":0,"3":0,"4":0,"5":0,"6":0,"7":0,"8":0,"9":0},"b":{"0":[2,0],"1":[0,0],"2":[0,0],"3":[0,0],"4":[0,0],"5":[0,0],"6":[0],"7":[0],"8":[0,0],"9":[0,0],"10":[0,0]},"meta":{"lastBranch":11,"lastFunction":10,"lastStatement":46,"seen":{"f:3:16:3:25":0,"s:4:2:9:3":0,"s:5:16:5:44":1,"s:6:4:6:40":2,"b:6:17:6:32:6:35:6:39":0,"s:8:4:8:16":3,"f:12:16:12:25":1,"s:13:2:17:3":4,"s:14:4:14:55":5,"s:16:4:16:46":6,"f:20:16:20:33":2,"s:21:20:21:38":7,"s:22:2:22:61":8,"f:22:27:22:31":3,"s:22:35:22:59":9,"f:25:16:25:32":4,"s:26:17:26:19":10,"b:27:2:27:59:undefined:undefined:undefined:undefined":1,"s:27:2:27:59":11,"s:27:22:27:59":12,"b:28:2:28:62:undefined:undefined:undefined:undefined":2,"s:28:2:28:62":13,"s:28:26:28:62":14,"b:29:2:29:62:undefined:undefined:undefined:undefined":3,"s:29:2:29:62":15,"s:29:26:29:62":16,"b:30:2:30:52:undefined:undefined:undefined:undefined":4,"s:30:2:30:52":17,"s:30:26:30:52":18,"b:31:2:31:79:undefined:undefined:undefined:undefined":5,"s:31:2:31:79":19,"s:31:31:31:79":20,"s:32:2:32:16":21,"f:35:16:35:29":5,"s:36:21:36:49":22,"s:37:2:37:32":23,"f:40:16:40:29":6,"b:40:47:40:51":6,"b:40:63:40:66":7,"s:41:2:72:5":24,"f:41:21:41:22":7,"s:42:19:42:35":25,"s:43:4:70:6":26,"f:43:20:43:21":8,"s:44:18:44:29":27,"s:45:6:68:8":28,"f:45:19:45:20":9,"s:46:23:46:55":29,"s:47:20:47:29":30,"s:48:21:48:31":31,"b:50:8:60:9:55:15:60:9":8,"s:50:8:60:9":32,"b:51:10:54:11:undefined:undefined:undefined:undefined":9,"s:51:10:54:11":33,"s:52:12:52:39":34,"s:53:12:53:29":35,"b:56:10:59:11:undefined:undefined:undefined:undefined":10,"s:56:10:59:11":36,"s:57:12:57:39":37,"s:58:12:58:30":38,"s:62:8:62:29":39,"s:63:8:63:31":40,"s:64:20:64:43":41,"s:65:8:65:48":42,"s:67:8:67:57":43,"s:69:6:69:32":44,"s:71:4:71:31":45}}}
,"C:\\Users\\JamesProsper\\lakay\\src\\utils\\privateMessages.js": {"path":"C:\\Users\\JamesProsper\\lakay\\src\\utils\\privateMessages.js","statementMap":{"0":{"start":{"line":2,"column":2},"end":{"line":2,"column":27}},"1":{"start":{"line":2,"column":15},"end":{"line":2,"column":27}},"2":{"start":{"line":3,"column":17},"end":{"line":3,"column":53}},"3":{"start":{"line":3,"column":34},"end":{"line":3,"column":52}},"4":{"start":{"line":4,"column":2},"end":{"line":6,"column":3}},"5":{"start":{"line":5,"column":4},"end":{"line":5,"column":75}},"6":{"start":{"line":5,"column":28},"end":{"line":5,"column":72}},"7":{"start":{"line":7,"column":2},"end":{"line":7,"column":27}}},"fnMap":{"0":{"name":"mergePrivateMessage","decl":{"start":{"line":1,"column":16},"end":{"line":1,"column":35}},"loc":{"start":{"line":1,"column":50},"end":{"line":8,"column":1}},"line":1},"1":{"name":"(anonymous_1)","decl":{"start":{"line":3,"column":27},"end":{"line":3,"column":28}},"loc":{"start":{"line":3,"column":34},"end":{"line":3,"column":52}},"line":3},"2":{"name":"(anonymous_2)","decl":{"start":{"line":5,"column":20},"end":{"line":5,"column":21}},"loc":{"start":{"line":5,"column":28},"end":{"line":5,"column":72}},"line":5}},"branchMap":{"0":{"loc":{"start":{"line":2,"column":2},"end":{"line":2,"column":27}},"type":"if","locations":[{"start":{"line":2,"column":2},"end":{"line":2,"column":27}},{"start":{},"end":{}}],"line":2},"1":{"loc":{"start":{"line":4,"column":2},"end":{"line":6,"column":3}},"type":"if","locations":[{"start":{"line":4,"column":2},"end":{"line":6,"column":3}},{"start":{},"end":{}}],"line":4},"2":{"loc":{"start":{"line":5,"column":28},"end":{"line":5,"column":72}},"type":"cond-expr","locations":[{"start":{"line":5,"column":49},"end":{"line":5,"column":68}},{"start":{"line":5,"column":71},"end":{"line":5,"column":72}}],"line":5}},"s":{"0":6,"1":1,"2":5,"3":3,"4":5,"5":2,"6":2,"7":3},"f":{"0":6,"1":3,"2":2},"b":{"0":[1,5],"1":[2,3],"2":[2,0]},"meta":{"lastBranch":3,"lastFunction":3,"lastStatement":8,"seen":{"f:1:16:1:35":0,"b:2:2:2:27:undefined:undefined:undefined:undefined":0,"s:2:2:2:27":0,"s:2:15:2:27":1,"s:3:17:3:53":2,"f:3:27:3:28":1,"s:3:34:3:52":3,"b:4:2:6:3:undefined:undefined:undefined:undefined":1,"s:4:2:6:3":4,"s:5:4:5:75":5,"f:5:20:5:21":2,"s:5:28:5:72":6,"b:5:49:5:68:5:71:5:72":2,"s:7:2:7:27":7}}}
}
